Creating summariser <summary>
Created the tree successfully using /home/ubuntu/openwhisk/predictions/Experiment_2/Experiment_2_2.jmx
Starting standalone test @ Fri Aug 12 19:46:34 UTC 2022 (1660333594872)
Waiting for possible Shutdown/StopTestNow/HeapDump/ThreadDump message on port 4445
summary +     13 in 00:00:59 =    0.2/s Avg:  1877 Min:   517 Max:  3191 Err:     0 (0.00%) Active: 1 Started: 1 Finished: 0
summary +      8 in 00:00:26 =    0.3/s Avg:  2056 Min:   508 Max:  3034 Err:     0 (0.00%) Active: 1 Started: 1 Finished: 0
summary =     21 in 00:01:25 =    0.2/s Avg:  1945 Min:   508 Max:  3191 Err:     0 (0.00%)
summary +     12 in 00:00:30 =    0.4/s Avg:  2383 Min:   512 Max:  3111 Err:     0 (0.00%) Active: 1 Started: 1 Finished: 0
summary =     33 in 00:01:55 =    0.3/s Avg:  2104 Min:   508 Max:  3191 Err:     0 (0.00%)
summary +      5 in 00:00:31 =    0.2/s Avg:  1995 Min:   532 Max:  2973 Err:     0 (0.00%) Active: 1 Started: 1 Finished: 0
summary =     38 in 00:02:26 =    0.3/s Avg:  2090 Min:   508 Max:  3191 Err:     0 (0.00%)
summary +      5 in 00:00:31 =    0.2/s Avg:  1049 Min:   536 Max:  3062 Err:     0 (0.00%) Active: 1 Started: 1 Finished: 0
summary =     43 in 00:02:57 =    0.2/s Avg:  1969 Min:   508 Max:  3191 Err:     0 (0.00%)
summary +      5 in 00:00:29 =    0.2/s Avg:  1021 Min:   504 Max:  2939 Err:     0 (0.00%) Active: 1 Started: 1 Finished: 0
summary =     48 in 00:03:26 =    0.2/s Avg:  1870 Min:   504 Max:  3191 Err:     0 (0.00%)
summary +     10 in 00:01:00 =    0.2/s Avg:  1528 Min:   523 Max:  3147 Err:     0 (0.00%) Active: 1 Started: 1 Finished: 0
summary =     58 in 00:04:26 =    0.2/s Avg:  1811 Min:   504 Max:  3191 Err:     0 (0.00%)
summary +      6 in 00:00:30 =    0.2/s Avg:  1403 Min:   533 Max:  3269 Err:     0 (0.00%) Active: 1 Started: 1 Finished: 0
summary =     64 in 00:04:56 =    0.2/s Avg:  1773 Min:   504 Max:  3269 Err:     0 (0.00%)
summary +      7 in 00:01:35 =    0.1/s Avg:  1613 Min:   497 Max:  3156 Err:     0 (0.00%) Active: 1 Started: 1 Finished: 0
summary =     71 in 00:06:30 =    0.2/s Avg:  1757 Min:   497 Max:  3269 Err:     0 (0.00%)
summary +      5 in 00:00:26 =    0.2/s Avg:  1573 Min:   530 Max:  3212 Err:     0 (0.00%) Active: 1 Started: 1 Finished: 0
summary =     76 in 00:06:57 =    0.2/s Avg:  1745 Min:   497 Max:  3269 Err:     0 (0.00%)
summary +      6 in 00:00:32 =    0.2/s Avg:  1783 Min:   558 Max:  2974 Err:     0 (0.00%) Active: 1 Started: 1 Finished: 0
summary =     82 in 00:07:29 =    0.2/s Avg:  1748 Min:   497 Max:  3269 Err:     0 (0.00%)
summary +      5 in 00:00:26 =    0.2/s Avg:  1024 Min:   511 Max:  3003 Err:     0 (0.00%) Active: 1 Started: 1 Finished: 0
summary =     87 in 00:07:55 =    0.2/s Avg:  1706 Min:   497 Max:  3269 Err:     0 (0.00%)
summary +      2 in 00:00:35 =    0.1/s Avg:  1824 Min:   507 Max:  3141 Err:     0 (0.00%) Active: 1 Started: 1 Finished: 0
summary =     89 in 00:08:30 =    0.2/s Avg:  1709 Min:   497 Max:  3269 Err:     0 (0.00%)
summary +      9 in 00:00:58 =    0.2/s Avg:   811 Min:   500 Max:  2963 Err:     0 (0.00%) Active: 1 Started: 1 Finished: 0
summary =     98 in 00:09:28 =    0.2/s Avg:  1626 Min:   497 Max:  3269 Err:     0 (0.00%)
summary +      9 in 00:01:31 =    0.1/s Avg:  1081 Min:   512 Max:  2955 Err:     0 (0.00%) Active: 1 Started: 1 Finished: 0
summary =    107 in 00:10:59 =    0.2/s Avg:  1580 Min:   497 Max:  3269 Err:     0 (0.00%)
summary +      6 in 00:00:26 =    0.2/s Avg:   937 Min:   512 Max:  3008 Err:     0 (0.00%) Active: 1 Started: 1 Finished: 0
summary =    113 in 00:11:25 =    0.2/s Avg:  1546 Min:   497 Max:  3269 Err:     0 (0.00%)
summary +      7 in 00:00:34 =    0.2/s Avg:   899 Min:   503 Max:  2931 Err:     0 (0.00%) Active: 1 Started: 1 Finished: 0
summary =    120 in 00:11:59 =    0.2/s Avg:  1509 Min:   497 Max:  3269 Err:     0 (0.00%)
summary +      4 in 00:02:29 =    0.0/s Avg:   545 Min:   517 Max:   566 Err:     0 (0.00%) Active: 1 Started: 1 Finished: 0
summary =    124 in 00:14:28 =    0.1/s Avg:  1478 Min:   497 Max:  3269 Err:     0 (0.00%)
summary +     10 in 00:11:02 =    0.0/s Avg:  1042 Min:   485 Max:  3184 Err:     0 (0.00%) Active: 1 Started: 1 Finished: 0
summary =    134 in 00:25:30 =    0.1/s Avg:  1445 Min:   485 Max:  3269 Err:     0 (0.00%)
summary +      3 in 00:00:28 =    0.1/s Avg:   536 Min:   512 Max:   579 Err:     0 (0.00%) Active: 1 Started: 1 Finished: 0
summary =    137 in 00:25:58 =    0.1/s Avg:  1425 Min:   485 Max:  3269 Err:     0 (0.00%)
summary +      4 in 00:00:59 =    0.1/s Avg:   544 Min:   519 Max:   568 Err:     0 (0.00%) Active: 1 Started: 1 Finished: 0
summary =    141 in 00:26:57 =    0.1/s Avg:  1400 Min:   485 Max:  3269 Err:     0 (0.00%)
summary +      4 in 00:00:32 =    0.1/s Avg:  1165 Min:   537 Max:  3004 Err:     0 (0.00%) Active: 1 Started: 1 Finished: 0
summary =    145 in 00:27:29 =    0.1/s Avg:  1394 Min:   485 Max:  3269 Err:     0 (0.00%)
summary +      9 in 00:01:28 =    0.1/s Avg:  1652 Min:   511 Max:  3192 Err:     0 (0.00%) Active: 1 Started: 1 Finished: 0
summary =    154 in 00:28:56 =    0.1/s Avg:  1409 Min:   485 Max:  3269 Err:     0 (0.00%)
summary +      5 in 00:00:30 =    0.2/s Avg:  1501 Min:   519 Max:  2963 Err:     0 (0.00%) Active: 1 Started: 1 Finished: 0
summary =    159 in 00:29:27 =    0.1/s Avg:  1412 Min:   485 Max:  3269 Err:     0 (0.00%)
summary +      3 in 00:00:28 =    0.1/s Avg:  1328 Min:   508 Max:  2956 Err:     0 (0.00%) Active: 1 Started: 1 Finished: 0
summary =    162 in 00:29:55 =    0.1/s Avg:  1410 Min:   485 Max:  3269 Err:     0 (0.00%)
summary +     18 in 00:04:33 =    0.1/s Avg:   946 Min:   507 Max:  3004 Err:     0 (0.00%) Active: 1 Started: 1 Finished: 0
summary =    180 in 00:34:28 =    0.1/s Avg:  1364 Min:   485 Max:  3269 Err:     0 (0.00%)
summary +      5 in 00:00:29 =    0.2/s Avg:  1036 Min:   511 Max:  3059 Err:     0 (0.00%) Active: 1 Started: 1 Finished: 0
summary =    185 in 00:34:57 =    0.1/s Avg:  1355 Min:   485 Max:  3269 Err:     0 (0.00%)
summary +      3 in 00:00:28 =    0.1/s Avg:  1333 Min:   525 Max:  2935 Err:     0 (0.00%) Active: 1 Started: 1 Finished: 0
summary =    188 in 00:35:25 =    0.1/s Avg:  1354 Min:   485 Max:  3269 Err:     0 (0.00%)
summary +      5 in 00:00:34 =    0.1/s Avg:   550 Min:   511 Max:   643 Err:     0 (0.00%) Active: 1 Started: 1 Finished: 0
summary =    193 in 00:35:59 =    0.1/s Avg:  1334 Min:   485 Max:  3269 Err:     0 (0.00%)
summary +      5 in 00:00:28 =    0.2/s Avg:  1518 Min:   544 Max:  2976 Err:     0 (0.00%) Active: 1 Started: 1 Finished: 0
summary =    198 in 00:36:26 =    0.1/s Avg:  1338 Min:   485 Max:  3269 Err:     0 (0.00%)
summary +      6 in 00:00:32 =    0.2/s Avg:  1378 Min:   524 Max:  2989 Err:     0 (0.00%) Active: 1 Started: 1 Finished: 0
summary =    204 in 00:36:59 =    0.1/s Avg:  1339 Min:   485 Max:  3269 Err:     0 (0.00%)
summary +      8 in 00:00:56 =    0.1/s Avg:  1138 Min:   504 Max:  2952 Err:     0 (0.00%) Active: 1 Started: 1 Finished: 0
summary =    212 in 00:37:55 =    0.1/s Avg:  1332 Min:   485 Max:  3269 Err:     0 (0.00%)
summary +      5 in 00:00:35 =    0.1/s Avg:   552 Min:   499 Max:   596 Err:     0 (0.00%) Active: 1 Started: 1 Finished: 0
summary =    217 in 00:38:30 =    0.1/s Avg:  1314 Min:   485 Max:  3269 Err:     0 (0.00%)
summary +      5 in 00:00:30 =    0.2/s Avg:  1033 Min:   503 Max:  2935 Err:     0 (0.00%) Active: 1 Started: 1 Finished: 0
summary =    222 in 00:39:00 =    0.1/s Avg:  1308 Min:   485 Max:  3269 Err:     0 (0.00%)
summary +      4 in 00:00:28 =    0.1/s Avg:  1232 Min:   527 Max:  3302 Err:     0 (0.00%) Active: 1 Started: 1 Finished: 0
summary =    226 in 00:39:27 =    0.1/s Avg:  1306 Min:   485 Max:  3302 Err:     0 (0.00%)
summary +      5 in 00:00:29 =    0.2/s Avg:  1114 Min:   511 Max:  3238 Err:     0 (0.00%) Active: 1 Started: 1 Finished: 0
summary =    231 in 00:39:56 =    0.1/s Avg:  1302 Min:   485 Max:  3302 Err:     0 (0.00%)
summary +      4 in 00:00:31 =    0.1/s Avg:  1773 Min:   518 Max:  3085 Err:     0 (0.00%) Active: 1 Started: 1 Finished: 0
summary =    235 in 00:40:27 =    0.1/s Avg:  1310 Min:   485 Max:  3302 Err:     0 (0.00%)
summary +      6 in 00:00:30 =    0.2/s Avg:  1410 Min:   545 Max:  3236 Err:     0 (0.00%) Active: 1 Started: 1 Finished: 0
summary =    241 in 00:40:57 =    0.1/s Avg:  1313 Min:   485 Max:  3302 Err:     0 (0.00%)
summary +      5 in 00:00:33 =    0.2/s Avg:  1082 Min:   524 Max:  3133 Err:     0 (0.00%) Active: 1 Started: 1 Finished: 0
summary =    246 in 00:41:30 =    0.1/s Avg:  1308 Min:   485 Max:  3302 Err:     0 (0.00%)
summary +      4 in 00:00:28 =    0.1/s Avg:  1127 Min:   507 Max:  2972 Err:     0 (0.00%) Active: 1 Started: 1 Finished: 0
summary =    250 in 00:41:58 =    0.1/s Avg:  1305 Min:   485 Max:  3302 Err:     0 (0.00%)
summary +      9 in 00:01:02 =    0.1/s Avg:  1420 Min:   521 Max:  3325 Err:     0 (0.00%) Active: 1 Started: 1 Finished: 0
summary =    259 in 00:43:00 =    0.1/s Avg:  1309 Min:   485 Max:  3325 Err:     0 (0.00%)
summary +      4 in 00:00:29 =    0.1/s Avg:  1159 Min:   534 Max:  2979 Err:     0 (0.00%) Active: 1 Started: 1 Finished: 0
summary =    263 in 00:43:29 =    0.1/s Avg:  1307 Min:   485 Max:  3325 Err:     0 (0.00%)
summary +      4 in 00:00:27 =    0.1/s Avg:  1767 Min:   552 Max:  2976 Err:     0 (0.00%) Active: 1 Started: 1 Finished: 0
summary =    267 in 00:43:57 =    0.1/s Avg:  1314 Min:   485 Max:  3325 Err:     0 (0.00%)
summary +      5 in 00:00:29 =    0.2/s Avg:  1101 Min:   554 Max:  2984 Err:     0 (0.00%) Active: 1 Started: 1 Finished: 0
summary =    272 in 00:44:26 =    0.1/s Avg:  1310 Min:   485 Max:  3325 Err:     0 (0.00%)
summary +      6 in 00:00:32 =    0.2/s Avg:  1356 Min:   513 Max:  3044 Err:     0 (0.00%) Active: 1 Started: 1 Finished: 0
summary =    278 in 00:44:58 =    0.1/s Avg:  1311 Min:   485 Max:  3325 Err:     0 (0.00%)
summary +      4 in 00:00:30 =    0.1/s Avg:  1764 Min:   540 Max:  2988 Err:     0 (0.00%) Active: 1 Started: 1 Finished: 0
summary =    282 in 00:45:28 =    0.1/s Avg:  1317 Min:   485 Max:  3325 Err:     0 (0.00%)
summary +      5 in 00:00:29 =    0.2/s Avg:  1497 Min:   496 Max:  2963 Err:     0 (0.00%) Active: 1 Started: 1 Finished: 0
summary =    287 in 00:45:57 =    0.1/s Avg:  1320 Min:   485 Max:  3325 Err:     0 (0.00%)
summary +      4 in 00:00:33 =    0.1/s Avg:   542 Min:   514 Max:   566 Err:     0 (0.00%) Active: 1 Started: 1 Finished: 0
summary =    291 in 00:46:29 =    0.1/s Avg:  1310 Min:   485 Max:  3325 Err:     0 (0.00%)
summary +      6 in 00:00:28 =    0.2/s Avg:  1811 Min:   529 Max:  3185 Err:     0 (0.00%) Active: 1 Started: 1 Finished: 0
summary =    297 in 00:46:57 =    0.1/s Avg:  1320 Min:   485 Max:  3325 Err:     0 (0.00%)
summary +      4 in 00:00:31 =    0.1/s Avg:  1186 Min:   513 Max:  2950 Err:     0 (0.00%) Active: 1 Started: 1 Finished: 0
summary =    301 in 00:47:28 =    0.1/s Avg:  1318 Min:   485 Max:  3325 Err:     0 (0.00%)
summary +      5 in 00:00:29 =    0.2/s Avg:  1500 Min:   514 Max:  2976 Err:     0 (0.00%) Active: 1 Started: 1 Finished: 0
summary =    306 in 00:47:57 =    0.1/s Avg:  1321 Min:   485 Max:  3325 Err:     0 (0.00%)
summary +      3 in 00:00:28 =    0.1/s Avg:   526 Min:   501 Max:   547 Err:     0 (0.00%) Active: 1 Started: 1 Finished: 0
summary =    309 in 00:48:26 =    0.1/s Avg:  1313 Min:   485 Max:  3325 Err:     0 (0.00%)
summary +      5 in 00:00:34 =    0.1/s Avg:  1082 Min:   512 Max:  2982 Err:     0 (0.00%) Active: 1 Started: 1 Finished: 0
summary =    314 in 00:49:00 =    0.1/s Avg:  1309 Min:   485 Max:  3325 Err:     0 (0.00%)
summary +      3 in 00:00:28 =    0.1/s Avg:  1355 Min:   523 Max:  2985 Err:     0 (0.00%) Active: 1 Started: 1 Finished: 0
summary =    317 in 00:49:28 =    0.1/s Avg:  1310 Min:   485 Max:  3325 Err:     0 (0.00%)
summary +     14 in 00:01:30 =    0.2/s Avg:  1039 Min:   154 Max:  3017 Err:     0 (0.00%) Active: 1 Started: 1 Finished: 0
summary =    331 in 00:50:57 =    0.1/s Avg:  1298 Min:   154 Max:  3325 Err:     0 (0.00%)
summary +     10 in 00:01:02 =    0.2/s Avg:  1306 Min:   502 Max:  3198 Err:     0 (0.00%) Active: 1 Started: 1 Finished: 0
summary =    341 in 00:52:00 =    0.1/s Avg:  1299 Min:   154 Max:  3325 Err:     0 (0.00%)
summary +      9 in 00:00:58 =    0.2/s Avg:  1613 Min:   513 Max:  3022 Err:     0 (0.00%) Active: 1 Started: 1 Finished: 0
summary =    350 in 00:52:57 =    0.1/s Avg:  1307 Min:   154 Max:  3325 Err:     0 (0.00%)
summary +      5 in 00:00:31 =    0.2/s Avg:  1023 Min:   537 Max:  2919 Err:     0 (0.00%) Active: 1 Started: 1 Finished: 0
summary =    355 in 00:53:28 =    0.1/s Avg:  1303 Min:   154 Max:  3325 Err:     0 (0.00%)
summary +      4 in 00:00:30 =    0.1/s Avg:   578 Min:   531 Max:   700 Err:     0 (0.00%) Active: 1 Started: 1 Finished: 0
summary =    359 in 00:53:58 =    0.1/s Avg:  1295 Min:   154 Max:  3325 Err:     0 (0.00%)
summary +      4 in 00:00:28 =    0.1/s Avg:  1807 Min:   558 Max:  3074 Err:     0 (0.00%) Active: 1 Started: 1 Finished: 0
summary =    363 in 00:54:26 =    0.1/s Avg:  1300 Min:   154 Max:  3325 Err:     0 (0.00%)
summary +     10 in 00:00:59 =    0.2/s Avg:  1506 Min:   499 Max:  2989 Err:     0 (0.00%) Active: 1 Started: 1 Finished: 0
summary =    373 in 00:55:25 =    0.1/s Avg:  1306 Min:   154 Max:  3325 Err:     0 (0.00%)
summary +      5 in 00:00:35 =    0.1/s Avg:  1533 Min:   513 Max:  2993 Err:     0 (0.00%) Active: 1 Started: 1 Finished: 0
summary =    378 in 00:56:00 =    0.1/s Avg:  1309 Min:   154 Max:  3325 Err:     0 (0.00%)
summary +      5 in 00:00:29 =    0.2/s Avg:  1505 Min:   509 Max:  3005 Err:     0 (0.00%) Active: 1 Started: 1 Finished: 0
summary =    383 in 00:56:29 =    0.1/s Avg:  1311 Min:   154 Max:  3325 Err:     0 (0.00%)
summary +      4 in 00:00:28 =    0.1/s Avg:  1756 Min:   548 Max:  2984 Err:     0 (0.00%) Active: 1 Started: 1 Finished: 0
summary =    387 in 00:56:57 =    0.1/s Avg:  1316 Min:   154 Max:  3325 Err:     0 (0.00%)
summary +      5 in 00:00:32 =    0.2/s Avg:  1533 Min:   530 Max:  3057 Err:     0 (0.00%) Active: 1 Started: 1 Finished: 0
summary =    392 in 00:57:29 =    0.1/s Avg:  1319 Min:   154 Max:  3325 Err:     0 (0.00%)
summary +     12 in 00:01:28 =    0.1/s Avg:  1127 Min:   163 Max:  3009 Err:     0 (0.00%) Active: 1 Started: 1 Finished: 0
summary =    404 in 00:58:57 =    0.1/s Avg:  1313 Min:   154 Max:  3325 Err:     0 (0.00%)
summary +      5 in 00:00:27 =    0.2/s Avg:  1048 Min:   528 Max:  3019 Err:     0 (0.00%) Active: 1 Started: 1 Finished: 0
summary =    409 in 00:59:25 =    0.1/s Avg:  1310 Min:   154 Max:  3325 Err:     0 (0.00%)
summary +      8 in 00:01:04 =    0.1/s Avg:  1443 Min:   505 Max:  3055 Err:     0 (0.00%) Active: 1 Started: 1 Finished: 0
summary =    417 in 01:00:28 =    0.1/s Avg:  1312 Min:   154 Max:  3325 Err:     0 (0.00%)
summary +      5 in 00:00:28 =    0.2/s Avg:  1505 Min:   500 Max:  3013 Err:     0 (0.00%) Active: 1 Started: 1 Finished: 0
summary =    422 in 01:00:56 =    0.1/s Avg:  1315 Min:   154 Max:  3325 Err:     0 (0.00%)
summary +      7 in 00:00:28 =    0.2/s Avg:  1923 Min:   507 Max:  3007 Err:     0 (0.00%) Active: 1 Started: 1 Finished: 0
summary =    429 in 01:01:25 =    0.1/s Avg:  1325 Min:   154 Max:  3325 Err:     0 (0.00%)
summary +     10 in 00:00:31 =    0.3/s Avg:  2008 Min:   520 Max:  3045 Err:     0 (0.00%) Active: 1 Started: 1 Finished: 0
summary =    439 in 01:01:55 =    0.1/s Avg:  1340 Min:   154 Max:  3325 Err:     0 (0.00%)
summary +      6 in 00:00:35 =    0.2/s Avg:  1375 Min:   505 Max:  3156 Err:     0 (0.00%) Active: 1 Started: 1 Finished: 0
summary =    445 in 01:02:30 =    0.1/s Avg:  1341 Min:   154 Max:  3325 Err:     0 (0.00%)
summary +      6 in 00:00:26 =    0.2/s Avg:  1769 Min:   546 Max:  2973 Err:     0 (0.00%) Active: 1 Started: 1 Finished: 0
summary =    451 in 01:02:56 =    0.1/s Avg:  1346 Min:   154 Max:  3325 Err:     0 (0.00%)
summary +     12 in 00:01:01 =    0.2/s Avg:  1566 Min:   497 Max:  3089 Err:     0 (0.00%) Active: 1 Started: 1 Finished: 0
summary =    463 in 01:03:57 =    0.1/s Avg:  1352 Min:   154 Max:  3325 Err:     0 (0.00%)
summary +      5 in 00:01:59 =    0.0/s Avg:   520 Min:   495 Max:   550 Err:     0 (0.00%) Active: 1 Started: 1 Finished: 0
summary =    468 in 01:05:56 =    0.1/s Avg:  1343 Min:   154 Max:  3325 Err:     0 (0.00%)
summary +      5 in 00:03:34 =    0.0/s Avg:   560 Min:   510 Max:   716 Err:     0 (0.00%) Active: 1 Started: 1 Finished: 0
summary =    473 in 01:09:30 =    0.1/s Avg:  1335 Min:   154 Max:  3325 Err:     0 (0.00%)
summary +      6 in 00:08:58 =    0.0/s Avg:   541 Min:   510 Max:   595 Err:     0 (0.00%) Active: 1 Started: 1 Finished: 0
summary =    479 in 01:18:28 =    0.1/s Avg:  1325 Min:   154 Max:  3325 Err:     0 (0.00%)
summary +      1 in 00:00:31 =    0.0/s Avg:   544 Min:   544 Max:   544 Err:     0 (0.00%) Active: 1 Started: 1 Finished: 0
summary =    480 in 01:18:59 =    0.1/s Avg:  1323 Min:   154 Max:  3325 Err:     0 (0.00%)
summary +      3 in 00:01:01 =    0.0/s Avg:   557 Min:   520 Max:   631 Err:     0 (0.00%) Active: 1 Started: 1 Finished: 0
summary =    483 in 01:20:00 =    0.1/s Avg:  1318 Min:   154 Max:  3325 Err:     0 (0.00%)
summary +     15 in 00:28:26 =    0.0/s Avg:   862 Min:   495 Max:  3002 Err:     0 (0.00%) Active: 1 Started: 1 Finished: 0
summary =    498 in 01:48:26 =    0.1/s Avg:  1305 Min:   154 Max:  3325 Err:     0 (0.00%)
summary +      3 in 00:01:34 =    0.0/s Avg:  1436 Min:   523 Max:  3257 Err:     0 (0.00%) Active: 1 Started: 1 Finished: 0
summary =    501 in 01:49:59 =    0.1/s Avg:  1306 Min:   154 Max:  3325 Err:     0 (0.00%)
summary +      3 in 00:00:28 =    0.1/s Avg:  2157 Min:   540 Max:  2984 Err:     0 (0.00%) Active: 1 Started: 1 Finished: 0
summary =    504 in 01:50:27 =    0.1/s Avg:  1311 Min:   154 Max:  3325 Err:     0 (0.00%)
summary +      6 in 00:00:30 =    0.2/s Avg:  1361 Min:   512 Max:  2975 Err:     0 (0.00%) Active: 1 Started: 1 Finished: 0
summary =    510 in 01:50:57 =    0.1/s Avg:  1311 Min:   154 Max:  3325 Err:     0 (0.00%)
summary +      5 in 00:00:29 =    0.2/s Avg:  1031 Min:   503 Max:  2987 Err:     0 (0.00%) Active: 1 Started: 1 Finished: 0
summary =    515 in 01:51:26 =    0.1/s Avg:  1308 Min:   154 Max:  3325 Err:     0 (0.00%)
summary +      6 in 00:00:30 =    0.2/s Avg:   571 Min:   505 Max:   629 Err:     0 (0.00%) Active: 1 Started: 1 Finished: 0
summary =    521 in 01:51:56 =    0.1/s Avg:  1300 Min:   154 Max:  3325 Err:     0 (0.00%)
summary +      7 in 00:01:00 =    0.1/s Avg:   546 Min:   505 Max:   595 Err:     0 (0.00%) Active: 1 Started: 1 Finished: 0
summary =    528 in 01:52:56 =    0.1/s Avg:  1290 Min:   154 Max:  3325 Err:     0 (0.00%)
summary +      6 in 00:00:31 =    0.2/s Avg:  1803 Min:   511 Max:  3245 Err:     0 (0.00%) Active: 1 Started: 1 Finished: 0
summary =    534 in 01:53:27 =    0.1/s Avg:  1296 Min:   154 Max:  3325 Err:     0 (0.00%)
summary +      5 in 00:00:58 =    0.1/s Avg:  1506 Min:   518 Max:  2974 Err:     0 (0.00%) Active: 1 Started: 1 Finished: 0
summary =    539 in 01:54:25 =    0.1/s Avg:  1298 Min:   154 Max:  3325 Err:     0 (0.00%)
summary +      6 in 00:00:34 =    0.2/s Avg:   967 Min:   508 Max:  2933 Err:     0 (0.00%) Active: 1 Started: 1 Finished: 0
summary =    545 in 01:54:58 =    0.1/s Avg:  1294 Min:   154 Max:  3325 Err:     0 (0.00%)
summary +      7 in 00:00:31 =    0.2/s Avg:  1932 Min:   526 Max:  3044 Err:     0 (0.00%) Active: 1 Started: 1 Finished: 0
summary =    552 in 01:55:30 =    0.1/s Avg:  1302 Min:   154 Max:  3325 Err:     0 (0.00%)
summary +      2 in 00:00:26 =    0.1/s Avg:  1754 Min:   534 Max:  2975 Err:     0 (0.00%) Active: 1 Started: 1 Finished: 0
summary =    554 in 01:55:56 =    0.1/s Avg:  1304 Min:   154 Max:  3325 Err:     0 (0.00%)
summary +      6 in 00:00:32 =    0.2/s Avg:  1366 Min:   532 Max:  3031 Err:     0 (0.00%) Active: 1 Started: 1 Finished: 0
summary =    560 in 01:56:28 =    0.1/s Avg:  1304 Min:   154 Max:  3325 Err:     0 (0.00%)
summary +      2 in 00:00:28 =    0.1/s Avg:   513 Min:   511 Max:   516 Err:     0 (0.00%) Active: 1 Started: 1 Finished: 0
summary =    562 in 01:56:56 =    0.1/s Avg:  1302 Min:   154 Max:  3325 Err:     0 (0.00%)
summary +      5 in 00:00:33 =    0.2/s Avg:  1023 Min:   508 Max:  3008 Err:     0 (0.00%) Active: 1 Started: 1 Finished: 0
summary =    567 in 01:57:29 =    0.1/s Avg:  1299 Min:   154 Max:  3325 Err:     0 (0.00%)
summary +      6 in 00:01:59 =    0.1/s Avg:   533 Min:   500 Max:   558 Err:     0 (0.00%) Active: 1 Started: 1 Finished: 0
summary =    573 in 01:59:28 =    0.1/s Avg:  1291 Min:   154 Max:  3325 Err:     0 (0.00%)
summary +      4 in 00:00:29 =    0.1/s Avg:   538 Min:   517 Max:   556 Err:     0 (0.00%) Active: 1 Started: 1 Finished: 0
summary =    577 in 01:59:57 =    0.1/s Avg:  1286 Min:   154 Max:  3325 Err:     0 (0.00%)
summary +      2 in 00:00:30 =    0.1/s Avg:  1779 Min:   511 Max:  3047 Err:     0 (0.00%) Active: 1 Started: 1 Finished: 0
summary =    579 in 02:00:27 =    0.1/s Avg:  1288 Min:   154 Max:  3325 Err:     0 (0.00%)
summary +      8 in 00:01:00 =    0.1/s Avg:  1156 Min:   514 Max:  2989 Err:     0 (0.00%) Active: 1 Started: 1 Finished: 0
summary =    587 in 02:01:26 =    0.1/s Avg:  1286 Min:   154 Max:  3325 Err:     0 (0.00%)
summary +      4 in 00:00:29 =    0.1/s Avg:  1784 Min:   518 Max:  3090 Err:     0 (0.00%) Active: 1 Started: 1 Finished: 0
summary =    591 in 02:01:55 =    0.1/s Avg:  1289 Min:   154 Max:  3325 Err:     0 (0.00%)
summary +     12 in 00:00:32 =    0.4/s Avg:  2372 Min:   555 Max:  3004 Err:     0 (0.00%) Active: 1 Started: 1 Finished: 0
summary =    603 in 02:02:27 =    0.1/s Avg:  1311 Min:   154 Max:  3325 Err:     0 (0.00%)
summary +     11 in 00:00:28 =    0.4/s Avg:  2391 Min:   509 Max:  3512 Err:     0 (0.00%) Active: 1 Started: 1 Finished: 0
summary =    614 in 02:02:55 =    0.1/s Avg:  1330 Min:   154 Max:  3512 Err:     0 (0.00%)
summary +     13 in 00:00:33 =    0.4/s Avg:  2246 Min:   512 Max:  3241 Err:     0 (0.00%) Active: 1 Started: 1 Finished: 0
summary =    627 in 02:03:27 =    0.1/s Avg:  1349 Min:   154 Max:  3512 Err:     0 (0.00%)
summary +     11 in 00:00:29 =    0.4/s Avg:  2553 Min:   507 Max:  3165 Err:     0 (0.00%) Active: 1 Started: 1 Finished: 0
summary =    638 in 02:03:56 =    0.1/s Avg:  1370 Min:   154 Max:  3512 Err:     0 (0.00%)
summary +     12 in 00:00:29 =    0.4/s Avg:  2200 Min:   524 Max:  3203 Err:     0 (0.00%) Active: 1 Started: 1 Finished: 0
summary =    650 in 02:04:25 =    0.1/s Avg:  1385 Min:   154 Max:  3512 Err:     0 (0.00%)
summary +      5 in 00:00:30 =    0.2/s Avg:  2536 Min:   549 Max:  3225 Err:     0 (0.00%) Active: 1 Started: 1 Finished: 0
summary =    655 in 02:04:55 =    0.1/s Avg:  1394 Min:   154 Max:  3512 Err:     0 (0.00%)
summary +      4 in 00:00:35 =    0.1/s Avg:  1850 Min:   505 Max:  3236 Err:     0 (0.00%) Active: 1 Started: 1 Finished: 0
summary =    659 in 02:05:30 =    0.1/s Avg:  1397 Min:   154 Max:  3512 Err:     0 (0.00%)
summary +      3 in 00:00:27 =    0.1/s Avg:  1350 Min:   510 Max:  2992 Err:     0 (0.00%) Active: 1 Started: 1 Finished: 0
summary =    662 in 02:05:57 =    0.1/s Avg:  1396 Min:   154 Max:  3512 Err:     0 (0.00%)
summary +      5 in 00:01:32 =    0.1/s Avg:  1074 Min:   539 Max:  3147 Err:     0 (0.00%) Active: 1 Started: 1 Finished: 0
summary =    667 in 02:07:29 =    0.1/s Avg:  1394 Min:   154 Max:  3512 Err:     0 (0.00%)
summary +      3 in 00:00:26 =    0.1/s Avg:   518 Min:   513 Max:   527 Err:     0 (0.00%) Active: 1 Started: 1 Finished: 0
summary =    670 in 02:07:55 =    0.1/s Avg:  1390 Min:   154 Max:  3512 Err:     0 (0.00%)
summary +      6 in 00:00:33 =    0.2/s Avg:  1353 Min:   512 Max:  2991 Err:     0 (0.00%) Active: 1 Started: 1 Finished: 0
summary =    676 in 02:08:28 =    0.1/s Avg:  1390 Min:   154 Max:  3512 Err:     0 (0.00%)
summary +      4 in 00:00:28 =    0.1/s Avg:  1131 Min:   514 Max:  2956 Err:     0 (0.00%) Active: 1 Started: 1 Finished: 0
summary =    680 in 02:08:55 =    0.1/s Avg:  1388 Min:   154 Max:  3512 Err:     0 (0.00%)
summary +      2 in 00:00:31 =    0.1/s Avg:  1771 Min:   514 Max:  3028 Err:     0 (0.00%) Active: 1 Started: 1 Finished: 0
summary =    682 in 02:09:26 =    0.1/s Avg:  1389 Min:   154 Max:  3512 Err:     0 (0.00%)
summary +      3 in 00:00:29 =    0.1/s Avg:  1409 Min:   531 Max:  3095 Err:     0 (0.00%) Active: 1 Started: 1 Finished: 0
summary =    685 in 02:09:55 =    0.1/s Avg:  1389 Min:   154 Max:  3512 Err:     0 (0.00%)
summary +      4 in 00:00:32 =    0.1/s Avg:  1841 Min:   559 Max:  3236 Err:     0 (0.00%) Active: 1 Started: 1 Finished: 0
summary =    689 in 02:10:26 =    0.1/s Avg:  1392 Min:   154 Max:  3512 Err:     0 (0.00%)
summary +      5 in 00:01:01 =    0.1/s Avg:  1038 Min:   534 Max:  3010 Err:     0 (0.00%) Active: 1 Started: 1 Finished: 0
summary =    694 in 02:11:27 =    0.1/s Avg:  1390 Min:   154 Max:  3512 Err:     0 (0.00%)
summary +      1 in 00:01:03 =    0.0/s Avg:   695 Min:   695 Max:   695 Err:     0 (0.00%) Active: 1 Started: 1 Finished: 0
summary =    695 in 02:12:30 =    0.1/s Avg:  1389 Min:   154 Max:  3512 Err:     0 (0.00%)
summary +      5 in 00:00:57 =    0.1/s Avg:  1037 Min:   515 Max:  3018 Err:     0 (0.00%) Active: 1 Started: 1 Finished: 0
summary =    700 in 02:13:26 =    0.1/s Avg:  1386 Min:   154 Max:  3512 Err:     0 (0.00%)
summary +      2 in 00:01:01 =    0.0/s Avg:   521 Min:   507 Max:   535 Err:     0 (0.00%) Active: 1 Started: 1 Finished: 0
summary =    702 in 02:14:27 =    0.1/s Avg:  1384 Min:   154 Max:  3512 Err:     0 (0.00%)
summary +      8 in 00:02:31 =    0.1/s Avg:  1176 Min:   518 Max:  3020 Err:     0 (0.00%) Active: 1 Started: 1 Finished: 0
summary =    710 in 02:16:58 =    0.1/s Avg:  1381 Min:   154 Max:  3512 Err:     0 (0.00%)
summary +      4 in 00:00:30 =    0.1/s Avg:  1198 Min:   524 Max:  3196 Err:     0 (0.00%) Active: 1 Started: 1 Finished: 0
summary =    714 in 02:17:28 =    0.1/s Avg:  1380 Min:   154 Max:  3512 Err:     0 (0.00%)
summary +      5 in 00:00:29 =    0.2/s Avg:  1548 Min:   530 Max:  3039 Err:     0 (0.00%) Active: 1 Started: 1 Finished: 0
summary =    719 in 02:17:57 =    0.1/s Avg:  1381 Min:   154 Max:  3512 Err:     0 (0.00%)
summary +      3 in 00:01:01 =    0.0/s Avg:  1344 Min:   503 Max:  2954 Err:     0 (0.00%) Active: 1 Started: 1 Finished: 0
summary =    722 in 02:18:58 =    0.1/s Avg:  1381 Min:   154 Max:  3512 Err:     0 (0.00%)
summary +      2 in 00:00:28 =    0.1/s Avg:  1779 Min:   519 Max:  3040 Err:     0 (0.00%) Active: 1 Started: 1 Finished: 0
summary =    724 in 02:19:26 =    0.1/s Avg:  1382 Min:   154 Max:  3512 Err:     0 (0.00%)
summary +      3 in 00:01:34 =    0.0/s Avg:  1388 Min:   507 Max:  3142 Err:     0 (0.00%) Active: 1 Started: 1 Finished: 0
summary =    727 in 02:21:00 =    0.1/s Avg:  1382 Min:   154 Max:  3512 Err:     0 (0.00%)
summary +     16 in 00:05:56 =    0.0/s Avg:   985 Min:   504 Max:  2965 Err:     0 (0.00%) Active: 1 Started: 1 Finished: 0
summary =    743 in 02:26:56 =    0.1/s Avg:  1374 Min:   154 Max:  3512 Err:     0 (0.00%)
summary +      4 in 00:00:29 =    0.1/s Avg:  1143 Min:   526 Max:  2974 Err:     0 (0.00%) Active: 1 Started: 1 Finished: 0
summary =    747 in 02:27:25 =    0.1/s Avg:  1373 Min:   154 Max:  3512 Err:     0 (0.00%)
summary +     13 in 00:01:04 =    0.2/s Avg:  1694 Min:   525 Max:  3124 Err:     0 (0.00%) Active: 1 Started: 1 Finished: 0
summary =    760 in 02:28:29 =    0.1/s Avg:  1378 Min:   154 Max:  3512 Err:     0 (0.00%)
summary +      4 in 00:00:31 =    0.1/s Avg:   575 Min:   531 Max:   697 Err:     0 (0.00%) Active: 1 Started: 1 Finished: 0
summary =    764 in 02:29:00 =    0.1/s Avg:  1374 Min:   154 Max:  3512 Err:     0 (0.00%)
summary +      6 in 00:00:28 =    0.2/s Avg:  1766 Min:   528 Max:  3009 Err:     0 (0.00%) Active: 1 Started: 1 Finished: 0
summary =    770 in 02:29:28 =    0.1/s Avg:  1377 Min:   154 Max:  3512 Err:     0 (0.00%)
summary +      5 in 00:00:27 =    0.2/s Avg:  1024 Min:   522 Max:  2968 Err:     0 (0.00%) Active: 1 Started: 1 Finished: 0
summary =    775 in 02:29:56 =    0.1/s Avg:  1375 Min:   154 Max:  3512 Err:     0 (0.00%)
summary +     10 in 00:01:02 =    0.2/s Avg:  1274 Min:   511 Max:  3037 Err:     0 (0.00%) Active: 1 Started: 1 Finished: 0
summary =    785 in 02:30:58 =    0.1/s Avg:  1373 Min:   154 Max:  3512 Err:     0 (0.00%)
summary +      5 in 00:00:28 =    0.2/s Avg:  2006 Min:   517 Max:  2994 Err:     0 (0.00%) Active: 1 Started: 1 Finished: 0
summary =    790 in 02:31:26 =    0.1/s Avg:  1377 Min:   154 Max:  3512 Err:     0 (0.00%)
summary +      6 in 00:00:29 =    0.2/s Avg:  1395 Min:   519 Max:  3263 Err:     0 (0.00%) Active: 1 Started: 1 Finished: 0
summary =    796 in 02:31:55 =    0.1/s Avg:  1377 Min:   154 Max:  3512 Err:     0 (0.00%)
summary +      6 in 00:00:36 =    0.2/s Avg:  1387 Min:   499 Max:  3156 Err:     0 (0.00%) Active: 1 Started: 1 Finished: 0
summary =    802 in 02:32:30 =    0.1/s Avg:  1378 Min:   154 Max:  3512 Err:     0 (0.00%)
summary +      4 in 00:00:25 =    0.2/s Avg:  1761 Min:   526 Max:  2951 Err:     0 (0.00%) Active: 1 Started: 1 Finished: 0
summary =    806 in 02:32:55 =    0.1/s Avg:  1379 Min:   154 Max:  3512 Err:     0 (0.00%)
summary +      6 in 00:00:31 =    0.2/s Avg:  1376 Min:   545 Max:  2949 Err:     0 (0.00%) Active: 1 Started: 1 Finished: 0
summary =    812 in 02:33:26 =    0.1/s Avg:  1379 Min:   154 Max:  3512 Err:     0 (0.00%)
summary +      9 in 00:00:33 =    0.3/s Avg:  1914 Min:   515 Max:  3055 Err:     0 (0.00%) Active: 1 Started: 1 Finished: 0
summary =    821 in 02:33:59 =    0.1/s Avg:  1385 Min:   154 Max:  3512 Err:     0 (0.00%)
summary +      5 in 00:00:26 =    0.2/s Avg:  1093 Min:   506 Max:  3075 Err:     0 (0.00%) Active: 1 Started: 1 Finished: 0
summary =    826 in 02:34:25 =    0.1/s Avg:  1384 Min:   154 Max:  3512 Err:     0 (0.00%)
summary +     20 in 00:02:02 =    0.2/s Avg:  1408 Min:   508 Max:  3198 Err:     0 (0.00%) Active: 1 Started: 1 Finished: 0
summary =    846 in 02:36:27 =    0.1/s Avg:  1384 Min:   154 Max:  3512 Err:     0 (0.00%)
summary +     11 in 00:01:02 =    0.2/s Avg:  1458 Min:   507 Max:  3149 Err:     0 (0.00%) Active: 1 Started: 1 Finished: 0
summary =    857 in 02:37:29 =    0.1/s Avg:  1385 Min:   154 Max:  3512 Err:     0 (0.00%)
summary +      7 in 00:00:30 =    0.2/s Avg:  1923 Min:   505 Max:  3015 Err:     0 (0.00%) Active: 1 Started: 1 Finished: 0
summary =    864 in 02:37:59 =    0.1/s Avg:  1389 Min:   154 Max:  3512 Err:     0 (0.00%)
summary +      5 in 00:00:27 =    0.2/s Avg:  1514 Min:   510 Max:  3023 Err:     0 (0.00%) Active: 1 Started: 1 Finished: 0
summary =    869 in 02:38:26 =    0.1/s Avg:  1390 Min:   154 Max:  3512 Err:     0 (0.00%)
summary +     11 in 00:01:02 =    0.2/s Avg:  1193 Min:   501 Max:  3004 Err:     0 (0.00%) Active: 1 Started: 1 Finished: 0
summary =    880 in 02:39:28 =    0.1/s Avg:  1388 Min:   154 Max:  3512 Err:     0 (0.00%)
summary +      7 in 00:00:32 =    0.2/s Avg:  1249 Min:   516 Max:  3080 Err:     0 (0.00%) Active: 1 Started: 1 Finished: 0
summary =    887 in 02:39:59 =    0.1/s Avg:  1387 Min:   154 Max:  3512 Err:     0 (0.00%)
summary +      4 in 00:00:26 =    0.2/s Avg:  1128 Min:   518 Max:  2921 Err:     0 (0.00%) Active: 1 Started: 1 Finished: 0
summary =    891 in 02:40:25 =    0.1/s Avg:  1385 Min:   154 Max:  3512 Err:     0 (0.00%)
summary +      5 in 00:00:32 =    0.2/s Avg:  1032 Min:   524 Max:  3008 Err:     0 (0.00%) Active: 1 Started: 1 Finished: 0
summary =    896 in 02:40:57 =    0.1/s Avg:  1383 Min:   154 Max:  3512 Err:     0 (0.00%)
summary +      5 in 00:00:31 =    0.2/s Avg:  1018 Min:   515 Max:  2945 Err:     0 (0.00%) Active: 1 Started: 1 Finished: 0
summary =    901 in 02:41:29 =    0.1/s Avg:  1381 Min:   154 Max:  3512 Err:     0 (0.00%)
summary +      6 in 00:00:29 =    0.2/s Avg:  2194 Min:   549 Max:  3232 Err:     0 (0.00%) Active: 1 Started: 1 Finished: 0
summary =    907 in 02:41:58 =    0.1/s Avg:  1387 Min:   154 Max:  3512 Err:     0 (0.00%)
summary +      5 in 00:00:31 =    0.2/s Avg:  1038 Min:   524 Max:  2952 Err:     0 (0.00%) Active: 1 Started: 1 Finished: 0
summary =    912 in 02:42:29 =    0.1/s Avg:  1385 Min:   154 Max:  3512 Err:     0 (0.00%)
summary +      4 in 00:00:29 =    0.1/s Avg:  1794 Min:   519 Max:  3148 Err:     0 (0.00%) Active: 1 Started: 1 Finished: 0
summary =    916 in 02:42:58 =    0.1/s Avg:  1387 Min:   154 Max:  3512 Err:     0 (0.00%)
summary +      6 in 00:00:30 =    0.2/s Avg:  1348 Min:   510 Max:  2992 Err:     0 (0.00%) Active: 1 Started: 1 Finished: 0
summary =    922 in 02:43:28 =    0.1/s Avg:  1386 Min:   154 Max:  3512 Err:     0 (0.00%)
summary +     14 in 00:01:02 =    0.2/s Avg:  1423 Min:   506 Max:  3081 Err:     0 (0.00%) Active: 1 Started: 1 Finished: 0
summary =    936 in 02:44:30 =    0.1/s Avg:  1387 Min:   154 Max:  3512 Err:     0 (0.00%)
summary +      4 in 00:00:26 =    0.2/s Avg:  2335 Min:   516 Max:  2971 Err:     0 (0.00%) Active: 1 Started: 1 Finished: 0
summary =    940 in 02:44:56 =    0.1/s Avg:  1391 Min:   154 Max:  3512 Err:     0 (0.00%)
summary +      6 in 00:00:34 =    0.2/s Avg:  1362 Min:   514 Max:  3120 Err:     0 (0.00%) Active: 1 Started: 1 Finished: 0
summary =    946 in 02:45:30 =    0.1/s Avg:  1391 Min:   154 Max:  3512 Err:     0 (0.00%)
summary +      6 in 00:00:26 =    0.2/s Avg:  1767 Min:   507 Max:  3090 Err:     0 (0.00%) Active: 1 Started: 1 Finished: 0
summary =    952 in 02:45:56 =    0.1/s Avg:  1393 Min:   154 Max:  3512 Err:     0 (0.00%)
summary +      6 in 00:00:31 =    0.2/s Avg:  1366 Min:   507 Max:  3017 Err:     0 (0.00%) Active: 1 Started: 1 Finished: 0
summary =    958 in 02:46:27 =    0.1/s Avg:  1393 Min:   154 Max:  3512 Err:     0 (0.00%)
summary +      4 in 00:00:33 =    0.1/s Avg:   534 Min:   501 Max:   556 Err:     0 (0.00%) Active: 1 Started: 1 Finished: 0
summary =    962 in 02:47:00 =    0.1/s Avg:  1389 Min:   154 Max:  3512 Err:     0 (0.00%)
summary +      5 in 00:00:27 =    0.2/s Avg:  1021 Min:   509 Max:  2975 Err:     0 (0.00%) Active: 1 Started: 1 Finished: 0
summary =    967 in 02:47:28 =    0.1/s Avg:  1388 Min:   154 Max:  3512 Err:     0 (0.00%)
summary +      6 in 00:00:27 =    0.2/s Avg:  2199 Min:   545 Max:  3172 Err:     0 (0.00%) Active: 1 Started: 1 Finished: 0
summary =    973 in 02:47:55 =    0.1/s Avg:  1393 Min:   154 Max:  3512 Err:     0 (0.00%)
summary +      6 in 00:00:32 =    0.2/s Avg:  1419 Min:   511 Max:  3231 Err:     0 (0.00%) Active: 1 Started: 1 Finished: 0
summary =    979 in 02:48:27 =    0.1/s Avg:  1393 Min:   154 Max:  3512 Err:     0 (0.00%)
summary +      5 in 00:00:28 =    0.2/s Avg:  1021 Min:   509 Max:  2938 Err:     0 (0.00%) Active: 1 Started: 1 Finished: 0
summary =    984 in 02:48:55 =    0.1/s Avg:  1391 Min:   154 Max:  3512 Err:     0 (0.00%)
summary +      5 in 00:00:31 =    0.2/s Avg:  1596 Min:   495 Max:  3235 Err:     0 (0.00%) Active: 1 Started: 1 Finished: 0
summary =    989 in 02:49:26 =    0.1/s Avg:  1392 Min:   154 Max:  3512 Err:     0 (0.00%)
summary +      7 in 00:00:31 =    0.2/s Avg:  1594 Min:   509 Max:  2996 Err:     0 (0.00%) Active: 1 Started: 1 Finished: 0
summary =    996 in 02:49:56 =    0.1/s Avg:  1393 Min:   154 Max:  3512 Err:     0 (0.00%)
summary +      5 in 00:00:30 =    0.2/s Avg:  1512 Min:   510 Max:  3001 Err:     0 (0.00%) Active: 1 Started: 1 Finished: 0
summary =   1001 in 02:50:27 =    0.1/s Avg:  1394 Min:   154 Max:  3512 Err:     0 (0.00%)
summary +      6 in 00:00:29 =    0.2/s Avg:  1349 Min:   537 Max:  2990 Err:     0 (0.00%) Active: 1 Started: 1 Finished: 0
summary =   1007 in 02:50:56 =    0.1/s Avg:  1394 Min:   154 Max:  3512 Err:     0 (0.00%)
summary +      6 in 00:00:32 =    0.2/s Avg:  1746 Min:   521 Max:  3007 Err:     0 (0.00%) Active: 1 Started: 1 Finished: 0
summary =   1013 in 02:51:27 =    0.1/s Avg:  1396 Min:   154 Max:  3512 Err:     0 (0.00%)
summary +     12 in 00:01:03 =    0.2/s Avg:  1150 Min:   508 Max:  2991 Err:     0 (0.00%) Active: 1 Started: 1 Finished: 0
summary =   1025 in 02:52:30 =    0.1/s Avg:  1393 Min:   154 Max:  3512 Err:     0 (0.00%)
summary +      6 in 00:00:30 =    0.2/s Avg:  1802 Min:   523 Max:  3183 Err:     0 (0.00%) Active: 1 Started: 1 Finished: 0
summary =   1031 in 02:53:00 =    0.1/s Avg:  1395 Min:   154 Max:  3512 Err:     0 (0.00%)
summary +      5 in 00:00:25 =    0.2/s Avg:  1491 Min:   509 Max:  2959 Err:     0 (0.00%) Active: 1 Started: 1 Finished: 0
summary =   1036 in 02:53:26 =    0.1/s Avg:  1396 Min:   154 Max:  3512 Err:     0 (0.00%)
summary +      7 in 00:00:33 =    0.2/s Avg:  1597 Min:   525 Max:  2985 Err:     0 (0.00%) Active: 1 Started: 1 Finished: 0
summary =   1043 in 02:53:58 =    0.1/s Avg:  1397 Min:   154 Max:  3512 Err:     0 (0.00%)
summary +      4 in 00:00:28 =    0.1/s Avg:  1813 Min:   524 Max:  3208 Err:     0 (0.00%) Active: 1 Started: 1 Finished: 0
summary =   1047 in 02:54:26 =    0.1/s Avg:  1399 Min:   154 Max:  3512 Err:     0 (0.00%)
summary +      6 in 00:00:32 =    0.2/s Avg:  1380 Min:   517 Max:  3193 Err:     0 (0.00%) Active: 1 Started: 1 Finished: 0
summary =   1053 in 02:54:58 =    0.1/s Avg:  1398 Min:   154 Max:  3512 Err:     0 (0.00%)
summary +     11 in 00:00:58 =    0.2/s Avg:  1437 Min:   508 Max:  3178 Err:     0 (0.00%) Active: 1 Started: 1 Finished: 0
summary =   1064 in 02:55:56 =    0.1/s Avg:  1399 Min:   154 Max:  3512 Err:     0 (0.00%)
summary +      6 in 00:00:29 =    0.2/s Avg:  1750 Min:   507 Max:  2969 Err:     0 (0.00%) Active: 1 Started: 1 Finished: 0
summary =   1070 in 02:56:25 =    0.1/s Avg:  1401 Min:   154 Max:  3512 Err:     0 (0.00%)
summary +      6 in 00:00:31 =    0.2/s Avg:  1753 Min:   509 Max:  2945 Err:     0 (0.00%) Active: 1 Started: 1 Finished: 0
summary =   1076 in 02:56:56 =    0.1/s Avg:  1403 Min:   154 Max:  3512 Err:     0 (0.00%)
summary +      5 in 00:00:34 =    0.1/s Avg:  1037 Min:   522 Max:  3019 Err:     0 (0.00%) Active: 1 Started: 1 Finished: 0
summary =   1081 in 02:57:30 =    0.1/s Avg:  1401 Min:   154 Max:  3512 Err:     0 (0.00%)
summary +      6 in 00:00:28 =    0.2/s Avg:  2253 Min:   541 Max:  3245 Err:     0 (0.00%) Active: 1 Started: 1 Finished: 0
summary =   1087 in 02:57:59 =    0.1/s Avg:  1406 Min:   154 Max:  3512 Err:     0 (0.00%)
summary +      7 in 00:00:32 =    0.2/s Avg:  1566 Min:   513 Max:  2987 Err:     0 (0.00%) Active: 1 Started: 1 Finished: 0
summary =   1094 in 02:58:30 =    0.1/s Avg:  1407 Min:   154 Max:  3512 Err:     0 (0.00%)
summary +      5 in 00:00:24 =    0.2/s Avg:  1019 Min:   511 Max:  2969 Err:     0 (0.00%) Active: 1 Started: 1 Finished: 0
summary =   1099 in 02:58:55 =    0.1/s Avg:  1405 Min:   154 Max:  3512 Err:     0 (0.00%)
summary +      6 in 00:00:31 =    0.2/s Avg:  2151 Min:   503 Max:  2978 Err:     0 (0.00%) Active: 1 Started: 1 Finished: 0
summary =   1105 in 02:59:26 =    0.1/s Avg:  1409 Min:   154 Max:  3512 Err:     0 (0.00%)
summary +      4 in 00:00:29 =    0.1/s Avg:  1186 Min:   556 Max:  3036 Err:     0 (0.00%) Active: 1 Started: 1 Finished: 0
summary =   1109 in 02:59:55 =    0.1/s Avg:  1408 Min:   154 Max:  3512 Err:     0 (0.00%)
summary +      8 in 00:00:30 =    0.3/s Avg:  2379 Min:   531 Max:  3134 Err:     0 (0.00%) Active: 1 Started: 1 Finished: 0
summary =   1117 in 03:00:25 =    0.1/s Avg:  1415 Min:   154 Max:  3512 Err:     0 (0.00%)
summary +      5 in 00:00:33 =    0.2/s Avg:  1050 Min:   547 Max:  3025 Err:     0 (0.00%) Active: 1 Started: 1 Finished: 0
summary =   1122 in 03:00:58 =    0.1/s Avg:  1414 Min:   154 Max:  3512 Err:     0 (0.00%)
summary +      6 in 00:00:31 =    0.2/s Avg:  1385 Min:   500 Max:  3086 Err:     0 (0.00%) Active: 1 Started: 1 Finished: 0
summary =   1128 in 03:01:29 =    0.1/s Avg:  1413 Min:   154 Max:  3512 Err:     0 (0.00%)
summary +     12 in 00:01:00 =    0.2/s Avg:  1118 Min:   177 Max:  3024 Err:     0 (0.00%) Active: 1 Started: 1 Finished: 0
summary =   1140 in 03:02:29 =    0.1/s Avg:  1410 Min:   154 Max:  3512 Err:     0 (0.00%)
summary +      4 in 00:00:29 =    0.1/s Avg:   555 Min:   530 Max:   592 Err:     0 (0.00%) Active: 1 Started: 1 Finished: 0
summary =   1144 in 03:02:59 =    0.1/s Avg:  1407 Min:   154 Max:  3512 Err:     0 (0.00%)
summary +      9 in 00:00:56 =    0.2/s Avg:   542 Min:   511 Max:   578 Err:     0 (0.00%) Active: 1 Started: 1 Finished: 0
summary =   1153 in 03:03:55 =    0.1/s Avg:  1401 Min:   154 Max:  3512 Err:     0 (0.00%)
summary +      8 in 00:00:30 =    0.3/s Avg:  2377 Min:   532 Max:  3174 Err:     0 (0.00%) Active: 1 Started: 1 Finished: 0
summary =   1161 in 03:04:25 =    0.1/s Avg:  1407 Min:   154 Max:  3512 Err:     0 (0.00%)
summary +      7 in 00:00:34 =    0.2/s Avg:  1575 Min:   518 Max:  3008 Err:     0 (0.00%) Active: 1 Started: 1 Finished: 0
summary =   1168 in 03:04:59 =    0.1/s Avg:  1408 Min:   154 Max:  3512 Err:     0 (0.00%)
summary +      6 in 00:00:29 =    0.2/s Avg:  1366 Min:   547 Max:  2996 Err:     0 (0.00%) Active: 1 Started: 1 Finished: 0
summary =   1174 in 03:05:28 =    0.1/s Avg:  1408 Min:   154 Max:  3512 Err:     0 (0.00%)
summary +      5 in 00:00:32 =    0.2/s Avg:  2090 Min:   549 Max:  3196 Err:     0 (0.00%) Active: 1 Started: 1 Finished: 0
summary =   1179 in 03:06:00 =    0.1/s Avg:  1411 Min:   154 Max:  3512 Err:     0 (0.00%)
summary +      6 in 00:00:25 =    0.2/s Avg:  1775 Min:   528 Max:  3107 Err:     0 (0.00%) Active: 1 Started: 1 Finished: 0
summary =   1185 in 03:06:25 =    0.1/s Avg:  1413 Min:   154 Max:  3512 Err:     0 (0.00%)
summary +      6 in 00:00:30 =    0.2/s Avg:  1364 Min:   516 Max:  3123 Err:     0 (0.00%) Active: 1 Started: 1 Finished: 0
summary =   1191 in 03:06:55 =    0.1/s Avg:  1413 Min:   154 Max:  3512 Err:     0 (0.00%)
summary +      6 in 00:00:33 =    0.2/s Avg:  1773 Min:   526 Max:  3037 Err:     0 (0.00%) Active: 1 Started: 1 Finished: 0
summary =   1197 in 03:07:28 =    0.1/s Avg:  1414 Min:   154 Max:  3512 Err:     0 (0.00%)
summary +      6 in 00:00:31 =    0.2/s Avg:  1339 Min:   494 Max:  3002 Err:     0 (0.00%) Active: 1 Started: 1 Finished: 0
summary =   1203 in 03:07:59 =    0.1/s Avg:  1414 Min:   154 Max:  3512 Err:     0 (0.00%)
summary +      6 in 00:00:26 =    0.2/s Avg:  1746 Min:   498 Max:  2997 Err:     0 (0.00%) Active: 1 Started: 1 Finished: 0
summary =   1209 in 03:08:25 =    0.1/s Avg:  1416 Min:   154 Max:  3512 Err:     0 (0.00%)
summary +     15 in 00:01:35 =    0.2/s Avg:  1401 Min:   512 Max:  3185 Err:     0 (0.00%) Active: 1 Started: 1 Finished: 0
summary =   1224 in 03:10:00 =    0.1/s Avg:  1416 Min:   154 Max:  3512 Err:     0 (0.00%)
summary +      7 in 00:00:29 =    0.2/s Avg:  2301 Min:   501 Max:  3213 Err:     0 (0.00%) Active: 1 Started: 1 Finished: 0
summary =   1231 in 03:10:29 =    0.1/s Avg:  1421 Min:   154 Max:  3512 Err:     0 (0.00%)
summary +      3 in 00:00:28 =    0.1/s Avg:   505 Min:   487 Max:   515 Err:     0 (0.00%) Active: 1 Started: 1 Finished: 0
summary =   1234 in 03:10:57 =    0.1/s Avg:  1418 Min:   154 Max:  3512 Err:     0 (0.00%)
summary +      4 in 00:00:27 =    0.1/s Avg:  1836 Min:   526 Max:  3147 Err:     0 (0.00%) Active: 1 Started: 1 Finished: 0
summary =   1238 in 03:11:25 =    0.1/s Avg:  1420 Min:   154 Max:  3512 Err:     0 (0.00%)
summary +      7 in 00:00:34 =    0.2/s Avg:  1581 Min:   507 Max:  2986 Err:     0 (0.00%) Active: 1 Started: 1 Finished: 0
summary =   1245 in 03:11:59 =    0.1/s Avg:  1421 Min:   154 Max:  3512 Err:     0 (0.00%)
summary +      6 in 00:00:28 =    0.2/s Avg:  2210 Min:   524 Max:  3222 Err:     0 (0.00%) Active: 1 Started: 1 Finished: 0
summary =   1251 in 03:12:27 =    0.1/s Avg:  1424 Min:   154 Max:  3512 Err:     0 (0.00%)
summary +      7 in 00:01:00 =    0.1/s Avg:  1617 Min:   502 Max:  3072 Err:     0 (0.00%) Active: 1 Started: 1 Finished: 0
summary =   1258 in 03:13:27 =    0.1/s Avg:  1425 Min:   154 Max:  3512 Err:     0 (0.00%)
summary +      9 in 00:00:31 =    0.3/s Avg:  2228 Min:   535 Max:  3420 Err:     0 (0.00%) Active: 1 Started: 1 Finished: 0
summary =   1267 in 03:13:58 =    0.1/s Avg:  1431 Min:   154 Max:  3512 Err:     0 (0.00%)
summary +      7 in 00:00:30 =    0.2/s Avg:  2282 Min:   548 Max:  3006 Err:     0 (0.00%) Active: 1 Started: 1 Finished: 0
summary =   1274 in 03:14:27 =    0.1/s Avg:  1436 Min:   154 Max:  3512 Err:     0 (0.00%)
summary +      5 in 00:00:32 =    0.2/s Avg:  1562 Min:   538 Max:  3204 Err:     0 (0.00%) Active: 1 Started: 1 Finished: 0
summary =   1279 in 03:14:59 =    0.1/s Avg:  1436 Min:   154 Max:  3512 Err:     0 (0.00%)
summary +      6 in 00:00:57 =    0.1/s Avg:  1850 Min:   521 Max:  3280 Err:     0 (0.00%) Active: 1 Started: 1 Finished: 0
summary =   1285 in 03:15:56 =    0.1/s Avg:  1438 Min:   154 Max:  3512 Err:     0 (0.00%)
summary +      5 in 00:00:32 =    0.2/s Avg:  1034 Min:   524 Max:  2968 Err:     0 (0.00%) Active: 1 Started: 1 Finished: 0
summary =   1290 in 03:16:28 =    0.1/s Avg:  1437 Min:   154 Max:  3512 Err:     0 (0.00%)
summary +      6 in 00:00:31 =    0.2/s Avg:  1736 Min:   515 Max:  2956 Err:     0 (0.00%) Active: 1 Started: 1 Finished: 0
summary =   1296 in 03:16:59 =    0.1/s Avg:  1438 Min:   154 Max:  3512 Err:     0 (0.00%)
summary +      5 in 00:00:28 =    0.2/s Avg:  1593 Min:   520 Max:  3074 Err:     0 (0.00%) Active: 1 Started: 1 Finished: 0
summary =   1301 in 03:17:27 =    0.1/s Avg:  1439 Min:   154 Max:  3512 Err:     0 (0.00%)
summary +      5 in 00:01:29 =    0.1/s Avg:  1510 Min:   509 Max:  2935 Err:     0 (0.00%) Active: 1 Started: 1 Finished: 0
summary =   1306 in 03:18:56 =    0.1/s Avg:  1439 Min:   154 Max:  3512 Err:     0 (0.00%)
summary +      5 in 00:01:35 =    0.1/s Avg:  1044 Min:   531 Max:  2957 Err:     0 (0.00%) Active: 1 Started: 1 Finished: 0
summary =   1311 in 03:20:30 =    0.1/s Avg:  1437 Min:   154 Max:  3512 Err:     0 (0.00%)
summary +      6 in 00:00:26 =    0.2/s Avg:  1310 Min:   179 Max:  3198 Err:     0 (0.00%) Active: 1 Started: 1 Finished: 0
summary =   1317 in 03:20:56 =    0.1/s Avg:  1437 Min:   154 Max:  3512 Err:     0 (0.00%)
summary +      6 in 00:00:29 =    0.2/s Avg:  1738 Min:   508 Max:  2973 Err:     0 (0.00%) Active: 1 Started: 1 Finished: 0
summary =   1323 in 03:21:26 =    0.1/s Avg:  1438 Min:   154 Max:  3512 Err:     0 (0.00%)
summary +     10 in 00:00:34 =    0.3/s Avg:  2016 Min:   540 Max:  3173 Err:     0 (0.00%) Active: 1 Started: 1 Finished: 0
summary =   1333 in 03:21:59 =    0.1/s Avg:  1443 Min:   154 Max:  3512 Err:     0 (0.00%)
summary +      5 in 00:00:30 =    0.2/s Avg:  1975 Min:   520 Max:  2964 Err:     0 (0.00%) Active: 1 Started: 1 Finished: 0
summary =   1338 in 03:22:29 =    0.1/s Avg:  1445 Min:   154 Max:  3512 Err:     0 (0.00%)
summary +      8 in 00:00:26 =    0.3/s Avg:  2081 Min:   523 Max:  3030 Err:     0 (0.00%) Active: 1 Started: 1 Finished: 0
summary =   1346 in 03:22:56 =    0.1/s Avg:  1448 Min:   154 Max:  3512 Err:     0 (0.00%)
summary +      4 in 00:00:32 =    0.1/s Avg:  1769 Min:   513 Max:  3059 Err:     0 (0.00%) Active: 1 Started: 1 Finished: 0
summary =   1350 in 03:23:28 =    0.1/s Avg:  1449 Min:   154 Max:  3512 Err:     0 (0.00%)
summary +      6 in 00:00:58 =    0.1/s Avg:  1000 Min:   508 Max:  3250 Err:     0 (0.00%) Active: 1 Started: 1 Finished: 0
summary =   1356 in 03:24:26 =    0.1/s Avg:  1447 Min:   154 Max:  3512 Err:     0 (0.00%)
summary +     15 in 00:01:01 =    0.2/s Avg:  2032 Min:   507 Max:  3249 Err:     0 (0.00%) Active: 1 Started: 1 Finished: 0
summary =   1371 in 03:25:27 =    0.1/s Avg:  1454 Min:   154 Max:  3512 Err:     0 (0.00%)
summary +      8 in 00:00:28 =    0.3/s Avg:  1771 Min:   520 Max:  3054 Err:     0 (0.00%) Active: 1 Started: 1 Finished: 0
summary =   1379 in 03:25:55 =    0.1/s Avg:  1456 Min:   154 Max:  3512 Err:     0 (0.00%)
summary +      7 in 00:00:32 =    0.2/s Avg:  1589 Min:   527 Max:  3027 Err:     0 (0.00%) Active: 1 Started: 1 Finished: 0
summary =   1386 in 03:26:27 =    0.1/s Avg:  1456 Min:   154 Max:  3512 Err:     0 (0.00%)
summary +      7 in 00:00:31 =    0.2/s Avg:  1950 Min:   497 Max:  3115 Err:     0 (0.00%) Active: 1 Started: 1 Finished: 0
summary =   1393 in 03:26:58 =    0.1/s Avg:  1459 Min:   154 Max:  3512 Err:     0 (0.00%)
summary +      6 in 00:00:30 =    0.2/s Avg:  1754 Min:   538 Max:  2979 Err:     0 (0.00%) Active: 1 Started: 1 Finished: 0
summary =   1399 in 03:27:27 =    0.1/s Avg:  1460 Min:   154 Max:  3512 Err:     0 (0.00%)
summary +      5 in 00:00:30 =    0.2/s Avg:  1524 Min:   527 Max:  3073 Err:     0 (0.00%) Active: 1 Started: 1 Finished: 0
summary =   1404 in 03:27:57 =    0.1/s Avg:  1460 Min:   154 Max:  3512 Err:     0 (0.00%)
summary +      7 in 00:00:28 =    0.2/s Avg:  2015 Min:   521 Max:  3343 Err:     0 (0.00%) Active: 1 Started: 1 Finished: 0
summary =   1411 in 03:28:26 =    0.1/s Avg:  1463 Min:   154 Max:  3512 Err:     0 (0.00%)
summary +      8 in 00:00:32 =    0.3/s Avg:  2088 Min:   522 Max:  3125 Err:     0 (0.00%) Active: 1 Started: 1 Finished: 0
summary =   1419 in 03:28:57 =    0.1/s Avg:  1466 Min:   154 Max:  3512 Err:     0 (0.00%)
summary +     11 in 00:01:31 =    0.1/s Avg:  1647 Min:   507 Max:  3002 Err:     0 (0.00%) Active: 1 Started: 1 Finished: 0
summary =   1430 in 03:30:28 =    0.1/s Avg:  1468 Min:   154 Max:  3512 Err:     0 (0.00%)
summary +      5 in 00:00:31 =    0.2/s Avg:  1004 Min:   505 Max:  2944 Err:     0 (0.00%) Active: 1 Started: 1 Finished: 0
summary =   1435 in 03:30:59 =    0.1/s Avg:  1466 Min:   154 Max:  3512 Err:     0 (0.00%)
summary +      2 in 00:00:30 =    0.1/s Avg:   525 Min:   520 Max:   531 Err:     0 (0.00%) Active: 1 Started: 1 Finished: 0
summary =   1437 in 03:31:29 =    0.1/s Avg:  1465 Min:   154 Max:  3512 Err:     0 (0.00%)
summary +     20 in 00:02:27 =    0.1/s Avg:  1637 Min:   496 Max:  3204 Err:     0 (0.00%) Active: 1 Started: 1 Finished: 0
summary =   1457 in 03:33:56 =    0.1/s Avg:  1467 Min:   154 Max:  3512 Err:     0 (0.00%)
summary +      8 in 00:00:33 =    0.2/s Avg:  1765 Min:   541 Max:  3063 Err:     0 (0.00%) Active: 1 Started: 1 Finished: 0
summary =   1465 in 03:34:29 =    0.1/s Avg:  1469 Min:   154 Max:  3512 Err:     0 (0.00%)
summary +     10 in 00:00:29 =    0.3/s Avg:  1984 Min:   515 Max:  2973 Err:     0 (0.00%) Active: 1 Started: 1 Finished: 0
summary =   1475 in 03:34:58 =    0.1/s Avg:  1472 Min:   154 Max:  3512 Err:     0 (0.00%)
summary +      6 in 00:00:30 =    0.2/s Avg:  1348 Min:   514 Max:  2980 Err:     0 (0.00%) Active: 1 Started: 1 Finished: 0
summary =   1481 in 03:35:28 =    0.1/s Avg:  1472 Min:   154 Max:  3512 Err:     0 (0.00%)
summary +      6 in 00:00:30 =    0.2/s Avg:  2253 Min:   535 Max:  3309 Err:     0 (0.00%) Active: 1 Started: 1 Finished: 0
summary =   1487 in 03:35:58 =    0.1/s Avg:  1475 Min:   154 Max:  3512 Err:     0 (0.00%)
summary +      7 in 00:00:28 =    0.2/s Avg:  1934 Min:   511 Max:  3018 Err:     0 (0.00%) Active: 1 Started: 1 Finished: 0
summary =   1494 in 03:36:26 =    0.1/s Avg:  1477 Min:   154 Max:  3512 Err:     0 (0.00%)
summary +      4 in 00:00:29 =    0.1/s Avg:  1788 Min:   510 Max:  3085 Err:     0 (0.00%) Active: 1 Started: 1 Finished: 0
summary =   1498 in 03:36:55 =    0.1/s Avg:  1478 Min:   154 Max:  3512 Err:     0 (0.00%)
summary +      8 in 00:00:34 =    0.2/s Avg:  1463 Min:   527 Max:  3055 Err:     0 (0.00%) Active: 1 Started: 1 Finished: 0
summary =   1506 in 03:37:29 =    0.1/s Avg:  1478 Min:   154 Max:  3512 Err:     0 (0.00%)
summary +      6 in 00:00:27 =    0.2/s Avg:  1786 Min:   510 Max:  3141 Err:     0 (0.00%) Active: 1 Started: 1 Finished: 0
summary =   1512 in 03:37:56 =    0.1/s Avg:  1479 Min:   154 Max:  3512 Err:     0 (0.00%)
summary +     19 in 00:01:33 =    0.2/s Avg:  1970 Min:   516 Max:  3110 Err:     0 (0.00%) Active: 1 Started: 1 Finished: 0
summary =   1531 in 03:39:29 =    0.1/s Avg:  1485 Min:   154 Max:  3512 Err:     0 (0.00%)
summary +      6 in 00:00:30 =    0.2/s Avg:  1367 Min:   514 Max:  3073 Err:     0 (0.00%) Active: 1 Started: 1 Finished: 0
summary =   1537 in 03:39:59 =    0.1/s Avg:  1485 Min:   154 Max:  3512 Err:     0 (0.00%)
summary +      8 in 00:00:31 =    0.3/s Avg:  2111 Min:   518 Max:  3147 Err:     0 (0.00%) Active: 1 Started: 1 Finished: 0
summary =   1545 in 03:40:30 =    0.1/s Avg:  1488 Min:   154 Max:  3512 Err:     0 (0.00%)
summary +      4 in 00:00:25 =    0.2/s Avg:  1749 Min:   504 Max:  3034 Err:     0 (0.00%) Active: 1 Started: 1 Finished: 0
summary =   1549 in 03:40:55 =    0.1/s Avg:  1489 Min:   154 Max:  3512 Err:     0 (0.00%)
summary +      5 in 00:00:30 =    0.2/s Avg:  2033 Min:   513 Max:  3182 Err:     0 (0.00%) Active: 1 Started: 1 Finished: 0
summary =   1554 in 03:41:25 =    0.1/s Avg:  1490 Min:   154 Max:  3512 Err:     0 (0.00%)
summary +      6 in 00:00:30 =    0.2/s Avg:  1355 Min:   481 Max:  3015 Err:     0 (0.00%) Active: 1 Started: 1 Finished: 0
summary =   1560 in 03:41:55 =    0.1/s Avg:  1490 Min:   154 Max:  3512 Err:     0 (0.00%)
summary +      6 in 00:00:31 =    0.2/s Avg:  1744 Min:   522 Max:  2959 Err:     0 (0.00%) Active: 1 Started: 1 Finished: 0
summary =   1566 in 03:42:26 =    0.1/s Avg:  1491 Min:   154 Max:  3512 Err:     0 (0.00%)
summary +      7 in 00:00:33 =    0.2/s Avg:  1603 Min:   493 Max:  3106 Err:     0 (0.00%) Active: 1 Started: 1 Finished: 0
summary =   1573 in 03:42:59 =    0.1/s Avg:  1491 Min:   154 Max:  3512 Err:     0 (0.00%)
summary +      2 in 00:00:31 =    0.1/s Avg:   564 Min:   538 Max:   590 Err:     0 (0.00%) Active: 1 Started: 1 Finished: 0
summary =   1575 in 03:43:30 =    0.1/s Avg:  1490 Min:   154 Max:  3512 Err:     0 (0.00%)
summary +      2 in 00:00:57 =    0.0/s Avg:  1785 Min:   540 Max:  3030 Err:     0 (0.00%) Active: 1 Started: 1 Finished: 0
summary =   1577 in 03:44:27 =    0.1/s Avg:  1491 Min:   154 Max:  3512 Err:     0 (0.00%)
summary +     13 in 00:01:01 =    0.2/s Avg:  1695 Min:   539 Max:  3120 Err:     0 (0.00%) Active: 1 Started: 1 Finished: 0
summary =   1590 in 03:45:29 =    0.1/s Avg:  1492 Min:   154 Max:  3512 Err:     0 (0.00%)
summary +      6 in 00:00:58 =    0.1/s Avg:  1358 Min:   491 Max:  3026 Err:     0 (0.00%) Active: 1 Started: 1 Finished: 0
summary =   1596 in 03:46:27 =    0.1/s Avg:  1492 Min:   154 Max:  3512 Err:     0 (0.00%)
summary +      4 in 00:00:59 =    0.1/s Avg:  1144 Min:   506 Max:  2993 Err:     0 (0.00%) Active: 1 Started: 1 Finished: 0
summary =   1600 in 03:47:26 =    0.1/s Avg:  1491 Min:   154 Max:  3512 Err:     0 (0.00%)
summary +      7 in 00:00:34 =    0.2/s Avg:  1599 Min:   515 Max:  3106 Err:     0 (0.00%) Active: 1 Started: 1 Finished: 0
summary =   1607 in 03:48:00 =    0.1/s Avg:  1491 Min:   154 Max:  3512 Err:     0 (0.00%)
summary +      3 in 00:00:30 =    0.1/s Avg:  1388 Min:   526 Max:  3084 Err:     0 (0.00%) Active: 1 Started: 1 Finished: 0
summary =   1610 in 03:48:30 =    0.1/s Avg:  1491 Min:   154 Max:  3512 Err:     0 (0.00%)
summary +      6 in 00:00:25 =    0.2/s Avg:  1398 Min:   519 Max:  3242 Err:     0 (0.00%) Active: 1 Started: 1 Finished: 0
summary =   1616 in 03:48:56 =    0.1/s Avg:  1491 Min:   154 Max:  3512 Err:     0 (0.00%)
summary +      1 in 00:00:30 =    0.0/s Avg:   517 Min:   517 Max:   517 Err:     0 (0.00%) Active: 1 Started: 1 Finished: 0
summary =   1617 in 03:49:25 =    0.1/s Avg:  1490 Min:   154 Max:  3512 Err:     0 (0.00%)
summary +      4 in 00:00:30 =    0.1/s Avg:  1139 Min:   508 Max:  2937 Err:     0 (0.00%) Active: 1 Started: 1 Finished: 0
summary =   1621 in 03:49:55 =    0.1/s Avg:  1489 Min:   154 Max:  3512 Err:     0 (0.00%)
summary +      1 in 00:00:33 =    0.0/s Avg:   582 Min:   582 Max:   582 Err:     0 (0.00%) Active: 1 Started: 1 Finished: 0
summary =   1622 in 03:50:28 =    0.1/s Avg:  1489 Min:   154 Max:  3512 Err:     0 (0.00%)
summary +      7 in 00:01:58 =    0.1/s Avg:   887 Min:   516 Max:  2980 Err:     0 (0.00%) Active: 1 Started: 1 Finished: 0
summary =   1629 in 03:52:26 =    0.1/s Avg:  1486 Min:   154 Max:  3512 Err:     0 (0.00%)
summary +      7 in 00:00:32 =    0.2/s Avg:  1574 Min:   506 Max:  3025 Err:     0 (0.00%) Active: 1 Started: 1 Finished: 0
summary =   1636 in 03:52:58 =    0.1/s Avg:  1487 Min:   154 Max:  3512 Err:     0 (0.00%)
summary +      3 in 00:00:30 =    0.1/s Avg:   519 Min:   493 Max:   543 Err:     0 (0.00%) Active: 1 Started: 1 Finished: 0
summary =   1639 in 03:53:28 =    0.1/s Avg:  1485 Min:   154 Max:  3512 Err:     0 (0.00%)
summary +      8 in 00:00:59 =    0.1/s Avg:  1169 Min:   500 Max:  2976 Err:     0 (0.00%) Active: 1 Started: 1 Finished: 0
summary =   1647 in 03:54:27 =    0.1/s Avg:  1483 Min:   154 Max:  3512 Err:     0 (0.00%)
summary +      6 in 00:01:00 =    0.1/s Avg:  1345 Min:   524 Max:  2982 Err:     0 (0.00%) Active: 1 Started: 1 Finished: 0
summary =   1653 in 03:55:27 =    0.1/s Avg:  1483 Min:   154 Max:  3512 Err:     0 (0.00%)
summary +      6 in 00:01:00 =    0.1/s Avg:  1783 Min:   505 Max:  3083 Err:     0 (0.00%) Active: 1 Started: 1 Finished: 0
summary =   1659 in 03:56:26 =    0.1/s Avg:  1484 Min:   154 Max:  3512 Err:     0 (0.00%)
summary +      6 in 00:00:33 =    0.2/s Avg:  1359 Min:   525 Max:  3059 Err:     0 (0.00%) Active: 1 Started: 1 Finished: 0
summary =   1665 in 03:56:59 =    0.1/s Avg:  1483 Min:   154 Max:  3512 Err:     0 (0.00%)
summary +      2 in 00:00:30 =    0.1/s Avg:   535 Min:   514 Max:   556 Err:     0 (0.00%) Active: 1 Started: 1 Finished: 0
summary =   1667 in 03:57:28 =    0.1/s Avg:  1482 Min:   154 Max:  3512 Err:     0 (0.00%)
summary +     11 in 00:00:58 =    0.2/s Avg:  2344 Min:   546 Max:  3167 Err:     0 (0.00%) Active: 1 Started: 1 Finished: 0
summary =   1678 in 03:58:27 =    0.1/s Avg:  1488 Min:   154 Max:  3512 Err:     0 (0.00%)
summary +     18 in 00:02:02 =    0.1/s Avg:  1352 Min:   499 Max:  3146 Err:     0 (0.00%) Active: 1 Started: 1 Finished: 0
summary =   1696 in 04:00:29 =    0.1/s Avg:  1486 Min:   154 Max:  3512 Err:     0 (0.00%)
summary +      5 in 00:00:57 =    0.1/s Avg:  1025 Min:   504 Max:  2952 Err:     0 (0.00%) Active: 1 Started: 1 Finished: 0
summary =   1701 in 04:01:26 =    0.1/s Avg:  1485 Min:   154 Max:  3512 Err:     0 (0.00%)
summary +      6 in 00:00:32 =    0.2/s Avg:  2183 Min:   524 Max:  3057 Err:     0 (0.00%) Active: 1 Started: 1 Finished: 0
summary =   1707 in 04:01:58 =    0.1/s Avg:  1488 Min:   154 Max:  3512 Err:     0 (0.00%)
summary +      5 in 00:00:29 =    0.2/s Avg:  1520 Min:   534 Max:  3032 Err:     0 (0.00%) Active: 1 Started: 1 Finished: 0
summary =   1712 in 04:02:27 =    0.1/s Avg:  1488 Min:   154 Max:  3512 Err:     0 (0.00%)
summary +     10 in 00:01:59 =    0.1/s Avg:  1529 Min:   511 Max:  3192 Err:     0 (0.00%) Active: 1 Started: 1 Finished: 0
summary =   1722 in 04:04:27 =    0.1/s Avg:  1488 Min:   154 Max:  3512 Err:     0 (0.00%)
summary +      6 in 00:00:31 =    0.2/s Avg:  1404 Min:   512 Max:  3165 Err:     0 (0.00%) Active: 1 Started: 1 Finished: 0
summary =   1728 in 04:04:57 =    0.1/s Avg:  1488 Min:   154 Max:  3512 Err:     0 (0.00%)
summary +      6 in 00:00:28 =    0.2/s Avg:  2142 Min:   508 Max:  2971 Err:     0 (0.00%) Active: 1 Started: 1 Finished: 0
summary =   1734 in 04:05:25 =    0.1/s Avg:  1490 Min:   154 Max:  3512 Err:     0 (0.00%)
summary +     12 in 00:02:30 =    0.1/s Avg:  1776 Min:   508 Max:  3206 Err:     0 (0.00%) Active: 1 Started: 1 Finished: 0
summary =   1746 in 04:07:56 =    0.1/s Avg:  1492 Min:   154 Max:  3512 Err:     0 (0.00%)
summary +     15 in 00:00:30 =    0.5/s Avg:  2017 Min:   483 Max:  3301 Err:     0 (0.00%) Active: 1 Started: 1 Finished: 0
summary =   1761 in 04:08:26 =    0.1/s Avg:  1496 Min:   154 Max:  3512 Err:     0 (0.00%)
summary +     13 in 00:00:29 =    0.4/s Avg:  2226 Min:   495 Max:  3206 Err:     0 (0.00%) Active: 1 Started: 1 Finished: 0
summary =   1774 in 04:08:55 =    0.1/s Avg:  1502 Min:   154 Max:  3512 Err:     0 (0.00%)
summary +     13 in 00:00:32 =    0.4/s Avg:  2407 Min:   492 Max:  3162 Err:     0 (0.00%) Active: 1 Started: 1 Finished: 0
summary =   1787 in 04:09:27 =    0.1/s Avg:  1508 Min:   154 Max:  3512 Err:     0 (0.00%)
summary +     11 in 00:00:28 =    0.4/s Avg:  2556 Min:   540 Max:  3085 Err:     0 (0.00%) Active: 1 Started: 1 Finished: 0
summary =   1798 in 04:09:56 =    0.1/s Avg:  1515 Min:   154 Max:  3512 Err:     0 (0.00%)
summary +     12 in 00:00:31 =    0.4/s Avg:  2556 Min:   543 Max:  3043 Err:     0 (0.00%) Active: 1 Started: 1 Finished: 0
summary =   1810 in 04:10:27 =    0.1/s Avg:  1522 Min:   154 Max:  3512 Err:     0 (0.00%)
summary +     21 in 00:04:01 =    0.1/s Avg:  1727 Min:   502 Max:  3185 Err:     0 (0.00%) Active: 1 Started: 1 Finished: 0
summary =   1831 in 04:14:28 =    0.1/s Avg:  1524 Min:   154 Max:  3512 Err:     0 (0.00%)
summary +      2 in 00:00:28 =    0.1/s Avg:  1780 Min:   567 Max:  2993 Err:     0 (0.00%) Active: 1 Started: 1 Finished: 0
summary =   1833 in 04:14:56 =    0.1/s Avg:  1524 Min:   154 Max:  3512 Err:     0 (0.00%)
summary +     10 in 00:02:34 =    0.1/s Avg:  1284 Min:   494 Max:  3106 Err:     0 (0.00%) Active: 1 Started: 1 Finished: 0
summary =   1843 in 04:17:29 =    0.1/s Avg:  1523 Min:   154 Max:  3512 Err:     0 (0.00%)
summary +      7 in 00:00:59 =    0.1/s Avg:  1224 Min:   509 Max:  3036 Err:     0 (0.00%) Active: 1 Started: 1 Finished: 0
summary =   1850 in 04:18:29 =    0.1/s Avg:  1522 Min:   154 Max:  3512 Err:     0 (0.00%)
summary +      5 in 00:00:27 =    0.2/s Avg:  1506 Min:   511 Max:  3006 Err:     0 (0.00%) Active: 1 Started: 1 Finished: 0
summary =   1855 in 04:18:55 =    0.1/s Avg:  1522 Min:   154 Max:  3512 Err:     0 (0.00%)
summary +      6 in 00:00:32 =    0.2/s Avg:  2147 Min:   525 Max:  2972 Err:     0 (0.00%) Active: 1 Started: 1 Finished: 0
summary =   1861 in 04:19:27 =    0.1/s Avg:  1524 Min:   154 Max:  3512 Err:     0 (0.00%)
summary +      8 in 00:00:31 =    0.3/s Avg:  1820 Min:   519 Max:  3464 Err:     0 (0.00%) Active: 1 Started: 1 Finished: 0
summary =   1869 in 04:19:58 =    0.1/s Avg:  1525 Min:   154 Max:  3512 Err:     0 (0.00%)
summary +      4 in 00:00:28 =    0.1/s Avg:  1137 Min:   523 Max:  2900 Err:     0 (0.00%) Active: 1 Started: 1 Finished: 0
summary =   1873 in 04:20:26 =    0.1/s Avg:  1524 Min:   154 Max:  3512 Err:     0 (0.00%)
summary +      5 in 00:00:59 =    0.1/s Avg:  1537 Min:   512 Max:  2991 Err:     0 (0.00%) Active: 1 Started: 1 Finished: 0
summary =   1878 in 04:21:25 =    0.1/s Avg:  1524 Min:   154 Max:  3512 Err:     0 (0.00%)
summary +      8 in 00:00:35 =    0.2/s Avg:  1762 Min:   520 Max:  3079 Err:     0 (0.00%) Active: 1 Started: 1 Finished: 0
summary =   1886 in 04:22:00 =    0.1/s Avg:  1525 Min:   154 Max:  3512 Err:     0 (0.00%)
summary +      5 in 00:00:55 =    0.1/s Avg:  1487 Min:   477 Max:  3006 Err:     0 (0.00%) Active: 1 Started: 1 Finished: 0
summary =   1891 in 04:22:55 =    0.1/s Avg:  1525 Min:   154 Max:  3512 Err:     0 (0.00%)
summary +      6 in 00:00:32 =    0.2/s Avg:  1334 Min:   503 Max:  2950 Err:     0 (0.00%) Active: 1 Started: 1 Finished: 0
summary =   1897 in 04:23:28 =    0.1/s Avg:  1525 Min:   154 Max:  3512 Err:     0 (0.00%)
summary +      6 in 00:00:27 =    0.2/s Avg:  2176 Min:   552 Max:  3134 Err:     0 (0.00%) Active: 1 Started: 1 Finished: 0
summary =   1903 in 04:23:55 =    0.1/s Avg:  1527 Min:   154 Max:  3512 Err:     0 (0.00%)
summary +      4 in 00:00:34 =    0.1/s Avg:  1149 Min:   516 Max:  2960 Err:     0 (0.00%) Active: 1 Started: 1 Finished: 0
summary =   1907 in 04:24:29 =    0.1/s Avg:  1526 Min:   154 Max:  3512 Err:     0 (0.00%)
summary +      6 in 00:00:28 =    0.2/s Avg:  1354 Min:   538 Max:  2997 Err:     0 (0.00%) Active: 1 Started: 1 Finished: 0
summary =   1913 in 04:24:57 =    0.1/s Avg:  1525 Min:   154 Max:  3512 Err:     0 (0.00%)
summary +      9 in 00:02:29 =    0.1/s Avg:  1346 Min:   495 Max:  3026 Err:     0 (0.00%) Active: 1 Started: 1 Finished: 0
summary =   1922 in 04:27:25 =    0.1/s Avg:  1524 Min:   154 Max:  3512 Err:     0 (0.00%)
summary +      7 in 00:01:35 =    0.1/s Avg:  1580 Min:   490 Max:  2958 Err:     0 (0.00%) Active: 1 Started: 1 Finished: 0
summary =   1929 in 04:29:00 =    0.1/s Avg:  1525 Min:   154 Max:  3512 Err:     0 (0.00%)
summary +      7 in 00:00:57 =    0.1/s Avg:  1928 Min:   493 Max:  3079 Err:     0 (0.00%) Active: 1 Started: 1 Finished: 0
summary =   1936 in 04:29:57 =    0.1/s Avg:  1526 Min:   154 Max:  3512 Err:     0 (0.00%)
summary +      6 in 00:00:33 =    0.2/s Avg:   970 Min:   488 Max:  3087 Err:     0 (0.00%) Active: 1 Started: 1 Finished: 0
summary =   1942 in 04:30:30 =    0.1/s Avg:  1524 Min:   154 Max:  3512 Err:     0 (0.00%)
summary +      1 in 00:00:25 =    0.0/s Avg:   491 Min:   491 Max:   491 Err:     0 (0.00%) Active: 1 Started: 1 Finished: 0
summary =   1943 in 04:30:55 =    0.1/s Avg:  1524 Min:   154 Max:  3512 Err:     0 (0.00%)
summary +     13 in 00:03:02 =    0.1/s Avg:  1478 Min:   486 Max:  2998 Err:     0 (0.00%) Active: 1 Started: 1 Finished: 0
summary =   1956 in 04:33:57 =    0.1/s Avg:  1523 Min:   154 Max:  3512 Err:     0 (0.00%)
summary +      5 in 00:00:28 =    0.2/s Avg:  1021 Min:   520 Max:  2931 Err:     0 (0.00%) Active: 1 Started: 1 Finished: 0
summary =   1961 in 04:34:25 =    0.1/s Avg:  1522 Min:   154 Max:  3512 Err:     0 (0.00%)
summary +      9 in 00:02:04 =    0.1/s Avg:  1093 Min:   499 Max:  3083 Err:     0 (0.00%) Active: 1 Started: 1 Finished: 0
summary =   1970 in 04:36:29 =    0.1/s Avg:  1520 Min:   154 Max:  3512 Err:     0 (0.00%)
summary +      6 in 00:00:30 =    0.2/s Avg:  1334 Min:   517 Max:  2946 Err:     0 (0.00%) Active: 1 Started: 1 Finished: 0
summary =   1976 in 04:36:59 =    0.1/s Avg:  1520 Min:   154 Max:  3512 Err:     0 (0.00%)
summary +      5 in 00:00:28 =    0.2/s Avg:  1504 Min:   484 Max:  2965 Err:     0 (0.00%) Active: 1 Started: 1 Finished: 0
summary =   1981 in 04:37:26 =    0.1/s Avg:  1520 Min:   154 Max:  3512 Err:     0 (0.00%)
summary +      7 in 00:00:29 =    0.2/s Avg:  1624 Min:   492 Max:  3135 Err:     0 (0.00%) Active: 1 Started: 1 Finished: 0
summary =   1988 in 04:37:56 =    0.1/s Avg:  1520 Min:   154 Max:  3512 Err:     0 (0.00%)
summary +      1 in 00:00:32 =    0.0/s Avg:   524 Min:   524 Max:   524 Err:     0 (0.00%) Active: 1 Started: 1 Finished: 0
summary =   1989 in 04:38:28 =    0.1/s Avg:  1520 Min:   154 Max:  3512 Err:     0 (0.00%)
summary +      3 in 00:00:30 =    0.1/s Avg:  2164 Min:   509 Max:  3007 Err:     0 (0.00%) Active: 1 Started: 1 Finished: 0
summary =   1992 in 04:38:57 =    0.1/s Avg:  1520 Min:   154 Max:  3512 Err:     0 (0.00%)
summary +     13 in 00:00:57 =    0.2/s Avg:  1471 Min:   489 Max:  3005 Err:     0 (0.00%) Active: 1 Started: 1 Finished: 0
summary =   2005 in 04:39:55 =    0.1/s Avg:  1520 Min:   154 Max:  3512 Err:     0 (0.00%)
summary +      8 in 00:01:03 =    0.1/s Avg:  1481 Min:   514 Max:  3272 Err:     0 (0.00%) Active: 1 Started: 1 Finished: 0
summary =   2013 in 04:40:58 =    0.1/s Avg:  1520 Min:   154 Max:  3512 Err:     0 (0.00%)
summary +      6 in 00:00:28 =    0.2/s Avg:  1376 Min:   505 Max:  3168 Err:     0 (0.00%) Active: 1 Started: 1 Finished: 0
summary =   2019 in 04:41:25 =    0.1/s Avg:  1520 Min:   154 Max:  3512 Err:     0 (0.00%)
summary +      7 in 00:00:31 =    0.2/s Avg:   873 Min:   495 Max:  2941 Err:     0 (0.00%) Active: 1 Started: 1 Finished: 0
summary =   2026 in 04:41:56 =    0.1/s Avg:  1517 Min:   154 Max:  3512 Err:     0 (0.00%)
summary +      6 in 00:00:31 =    0.2/s Avg:   964 Min:   512 Max:  3081 Err:     0 (0.00%) Active: 1 Started: 1 Finished: 0
summary =   2032 in 04:42:27 =    0.1/s Avg:  1516 Min:   154 Max:  3512 Err:     0 (0.00%)
summary +     10 in 00:01:30 =    0.1/s Avg:  1297 Min:   507 Max:  3066 Err:     0 (0.00%) Active: 1 Started: 1 Finished: 0
summary =   2042 in 04:43:57 =    0.1/s Avg:  1515 Min:   154 Max:  3512 Err:     0 (0.00%)
summary +      7 in 00:00:30 =    0.2/s Avg:   895 Min:   532 Max:  2940 Err:     0 (0.00%) Active: 1 Started: 1 Finished: 0
summary =   2049 in 04:44:27 =    0.1/s Avg:  1513 Min:   154 Max:  3512 Err:     0 (0.00%)
summary +      5 in 00:00:31 =    0.2/s Avg:  1037 Min:   502 Max:  3075 Err:     0 (0.00%) Active: 1 Started: 1 Finished: 0
summary =   2054 in 04:44:58 =    0.1/s Avg:  1511 Min:   154 Max:  3512 Err:     0 (0.00%)
summary +      6 in 00:00:29 =    0.2/s Avg:   940 Min:   516 Max:  2981 Err:     0 (0.00%) Active: 1 Started: 1 Finished: 0
summary =   2060 in 04:45:27 =    0.1/s Avg:  1510 Min:   154 Max:  3512 Err:     0 (0.00%)
summary +      7 in 00:00:32 =    0.2/s Avg:  1600 Min:   508 Max:  3154 Err:     0 (0.00%) Active: 1 Started: 1 Finished: 0
summary =   2067 in 04:45:59 =    0.1/s Avg:  1510 Min:   154 Max:  3512 Err:     0 (0.00%)
summary +      3 in 00:00:30 =    0.1/s Avg:  1411 Min:   500 Max:  2974 Err:     0 (0.00%) Active: 1 Started: 1 Finished: 0
summary =   2070 in 04:46:29 =    0.1/s Avg:  1510 Min:   154 Max:  3512 Err:     0 (0.00%)
summary +      3 in 00:00:26 =    0.1/s Avg:   594 Min:   544 Max:   655 Err:     0 (0.00%) Active: 1 Started: 1 Finished: 0
summary =   2073 in 04:46:55 =    0.1/s Avg:  1509 Min:   154 Max:  3512 Err:     0 (0.00%)
summary +      5 in 00:00:35 =    0.1/s Avg:  1532 Min:   530 Max:  2978 Err:     0 (0.00%) Active: 1 Started: 1 Finished: 0
summary =   2078 in 04:47:30 =    0.1/s Avg:  1509 Min:   154 Max:  3512 Err:     0 (0.00%)
summary +      4 in 00:00:25 =    0.2/s Avg:  1144 Min:   546 Max:  2937 Err:     0 (0.00%) Active: 1 Started: 1 Finished: 0
summary =   2082 in 04:47:55 =    0.1/s Avg:  1508 Min:   154 Max:  3512 Err:     0 (0.00%)
summary +      6 in 00:00:31 =    0.2/s Avg:  1343 Min:   512 Max:  2989 Err:     0 (0.00%) Active: 1 Started: 1 Finished: 0
summary =   2088 in 04:48:26 =    0.1/s Avg:  1507 Min:   154 Max:  3512 Err:     0 (0.00%)
summary +      5 in 00:00:33 =    0.2/s Avg:  2040 Min:   506 Max:  3144 Err:     0 (0.00%) Active: 1 Started: 1 Finished: 0
summary =   2093 in 04:48:59 =    0.1/s Avg:  1509 Min:   154 Max:  3512 Err:     0 (0.00%)
summary +      4 in 00:00:57 =    0.1/s Avg:   540 Min:   493 Max:   641 Err:     0 (0.00%) Active: 1 Started: 1 Finished: 0
summary =   2097 in 04:49:56 =    0.1/s Avg:  1507 Min:   154 Max:  3512 Err:     0 (0.00%)
summary +      5 in 00:01:28 =    0.1/s Avg:  1513 Min:   515 Max:  3035 Err:     0 (0.00%) Active: 1 Started: 1 Finished: 0
summary =   2102 in 04:51:25 =    0.1/s Avg:  1507 Min:   154 Max:  3512 Err:     0 (0.00%)
summary +      5 in 00:00:30 =    0.2/s Avg:  1061 Min:   557 Max:  3067 Err:     0 (0.00%) Active: 1 Started: 1 Finished: 0
summary =   2107 in 04:51:55 =    0.1/s Avg:  1506 Min:   154 Max:  3512 Err:     0 (0.00%)
summary +      6 in 00:02:03 =    0.0/s Avg:  1796 Min:   493 Max:  3171 Err:     0 (0.00%) Active: 1 Started: 1 Finished: 0
summary =   2113 in 04:53:57 =    0.1/s Avg:  1507 Min:   154 Max:  3512 Err:     0 (0.00%)
summary +      7 in 00:00:32 =    0.2/s Avg:  1607 Min:   533 Max:  3006 Err:     0 (0.00%) Active: 1 Started: 1 Finished: 0
summary =   2120 in 04:54:29 =    0.1/s Avg:  1507 Min:   154 Max:  3512 Err:     0 (0.00%)
summary +      2 in 00:00:31 =    0.1/s Avg:   588 Min:   532 Max:   644 Err:     0 (0.00%) Active: 1 Started: 1 Finished: 0
summary =   2122 in 04:55:00 =    0.1/s Avg:  1506 Min:   154 Max:  3512 Err:     0 (0.00%)
summary +      4 in 00:00:27 =    0.1/s Avg:  1810 Min:   531 Max:  3174 Err:     0 (0.00%) Active: 1 Started: 1 Finished: 0
summary =   2126 in 04:55:27 =    0.1/s Avg:  1507 Min:   154 Max:  3512 Err:     0 (0.00%)
summary +      8 in 00:01:30 =    0.1/s Avg:   841 Min:   504 Max:  3000 Err:     0 (0.00%) Active: 1 Started: 1 Finished: 0
summary =   2134 in 04:56:58 =    0.1/s Avg:  1504 Min:   154 Max:  3512 Err:     0 (0.00%)
summary +      4 in 00:01:02 =    0.1/s Avg:  1833 Min:   548 Max:  3097 Err:     0 (0.00%) Active: 1 Started: 1 Finished: 0
summary =   2138 in 04:58:00 =    0.1/s Avg:  1505 Min:   154 Max:  3512 Err:     0 (0.00%)
summary +      7 in 00:00:28 =    0.2/s Avg:  1577 Min:   489 Max:  3142 Err:     0 (0.00%) Active: 1 Started: 1 Finished: 0
summary =   2145 in 04:58:28 =    0.1/s Avg:  1505 Min:   154 Max:  3512 Err:     0 (0.00%)
summary +      5 in 00:00:29 =    0.2/s Avg:  1495 Min:   512 Max:  2994 Err:     0 (0.00%) Active: 1 Started: 1 Finished: 0
summary =   2150 in 04:58:57 =    0.1/s Avg:  1505 Min:   154 Max:  3512 Err:     0 (0.00%)
summary +     17 in 00:01:28 =    0.2/s Avg:  1565 Min:   483 Max:  3264 Err:     0 (0.00%) Active: 1 Started: 1 Finished: 0
summary =   2167 in 05:00:25 =    0.1/s Avg:  1505 Min:   154 Max:  3512 Err:     0 (0.00%)
summary +      2 in 00:00:34 =    0.1/s Avg:  1760 Min:   524 Max:  2996 Err:     0 (0.00%) Active: 1 Started: 1 Finished: 0
summary =   2169 in 05:01:00 =    0.1/s Avg:  1506 Min:   154 Max:  3512 Err:     0 (0.00%)
summary +      6 in 00:00:28 =    0.2/s Avg:  1340 Min:   485 Max:  3019 Err:     0 (0.00%) Active: 1 Started: 1 Finished: 0
summary =   2175 in 05:01:27 =    0.1/s Avg:  1505 Min:   154 Max:  3512 Err:     0 (0.00%)
summary +     10 in 00:03:30 =    0.0/s Avg:  1056 Min:   502 Max:  3325 Err:     0 (0.00%) Active: 1 Started: 1 Finished: 0
summary =   2185 in 05:04:57 =    0.1/s Avg:  1503 Min:   154 Max:  3512 Err:     0 (0.00%)
summary +      6 in 00:00:59 =    0.1/s Avg:   924 Min:   508 Max:  2913 Err:     0 (0.00%) Active: 1 Started: 1 Finished: 0
summary =   2191 in 05:05:56 =    0.1/s Avg:  1502 Min:   154 Max:  3512 Err:     0 (0.00%)
summary +      7 in 00:00:31 =    0.2/s Avg:  1938 Min:   500 Max:  3116 Err:     0 (0.00%) Active: 1 Started: 1 Finished: 0
summary =   2198 in 05:06:27 =    0.1/s Avg:  1503 Min:   154 Max:  3512 Err:     0 (0.00%)
summary +      8 in 00:00:31 =    0.3/s Avg:  1743 Min:   172 Max:  3210 Err:     0 (0.00%) Active: 1 Started: 1 Finished: 0
summary =   2206 in 05:06:58 =    0.1/s Avg:  1504 Min:   154 Max:  3512 Err:     0 (0.00%)
summary +      9 in 00:00:27 =    0.3/s Avg:  2176 Min:   527 Max:  3037 Err:     0 (0.00%) Active: 1 Started: 1 Finished: 0
summary =   2215 in 05:07:26 =    0.1/s Avg:  1507 Min:   154 Max:  3512 Err:     0 (0.00%)
summary +      7 in 00:00:31 =    0.2/s Avg:  1617 Min:   526 Max:  3020 Err:     0 (0.00%) Active: 1 Started: 1 Finished: 0
summary =   2222 in 05:07:57 =    0.1/s Avg:  1507 Min:   154 Max:  3512 Err:     0 (0.00%)
summary +      6 in 00:00:31 =    0.2/s Avg:  1757 Min:   505 Max:  3095 Err:     0 (0.00%) Active: 1 Started: 1 Finished: 0
summary =   2228 in 05:08:28 =    0.1/s Avg:  1508 Min:   154 Max:  3512 Err:     0 (0.00%)
summary +     11 in 00:00:28 =    0.4/s Avg:  2335 Min:   523 Max:  3214 Err:     0 (0.00%) Active: 1 Started: 1 Finished: 0
summary =   2239 in 05:08:56 =    0.1/s Avg:  1512 Min:   154 Max:  3512 Err:     0 (0.00%)
summary +     12 in 00:00:29 =    0.4/s Avg:  2166 Min:   515 Max:  3173 Err:     0 (0.00%) Active: 1 Started: 1 Finished: 0
summary =   2251 in 05:09:25 =    0.1/s Avg:  1515 Min:   154 Max:  3512 Err:     0 (0.00%)
summary +     11 in 00:02:01 =    0.1/s Avg:  2087 Min:   508 Max:  3143 Err:     0 (0.00%) Active: 1 Started: 1 Finished: 0
summary =   2262 in 05:11:26 =    0.1/s Avg:  1518 Min:   154 Max:  3512 Err:     0 (0.00%)
summary +      4 in 00:00:32 =    0.1/s Avg:  1779 Min:   535 Max:  3038 Err:     0 (0.00%) Active: 1 Started: 1 Finished: 0
summary =   2266 in 05:11:58 =    0.1/s Avg:  1518 Min:   154 Max:  3512 Err:     0 (0.00%)
summary +      8 in 00:00:28 =    0.3/s Avg:  2102 Min:   508 Max:  3202 Err:     0 (0.00%) Active: 1 Started: 1 Finished: 0
summary =   2274 in 05:12:26 =    0.1/s Avg:  1520 Min:   154 Max:  3512 Err:     0 (0.00%)
summary +     13 in 00:00:29 =    0.4/s Avg:  2226 Min:   480 Max:  3128 Err:     0 (0.00%) Active: 1 Started: 1 Finished: 0
summary =   2287 in 05:12:55 =    0.1/s Avg:  1524 Min:   154 Max:  3512 Err:     0 (0.00%)
summary +     11 in 00:00:30 =    0.4/s Avg:  2364 Min:   526 Max:  3256 Err:     0 (0.00%) Active: 1 Started: 1 Finished: 0
summary =   2298 in 05:13:25 =    0.1/s Avg:  1528 Min:   154 Max:  3512 Err:     0 (0.00%)
summary +     12 in 00:00:30 =    0.4/s Avg:  2388 Min:   503 Max:  3125 Err:     0 (0.00%) Active: 1 Started: 1 Finished: 0
summary =   2310 in 05:13:55 =    0.1/s Avg:  1533 Min:   154 Max:  3512 Err:     0 (0.00%)
summary +     19 in 00:01:06 =    0.3/s Avg:  2125 Min:   495 Max:  3224 Err:     0 (0.00%) Active: 1 Started: 1 Finished: 0
summary =   2329 in 05:15:00 =    0.1/s Avg:  1538 Min:   154 Max:  3512 Err:     0 (0.00%)
summary +      4 in 00:01:25 =    0.0/s Avg:  1786 Min:   562 Max:  3000 Err:     0 (0.00%) Active: 1 Started: 1 Finished: 0
summary =   2333 in 05:16:25 =    0.1/s Avg:  1538 Min:   154 Max:  3512 Err:     0 (0.00%)
summary +      8 in 00:04:33 =    0.0/s Avg:  1167 Min:   521 Max:  3126 Err:     0 (0.00%) Active: 1 Started: 1 Finished: 0
summary =   2341 in 05:20:58 =    0.1/s Avg:  1537 Min:   154 Max:  3512 Err:     0 (0.00%)
summary +      7 in 00:01:56 =    0.1/s Avg:  1279 Min:   514 Max:  3422 Err:     0 (0.00%) Active: 1 Started: 1 Finished: 0
summary =   2348 in 05:22:55 =    0.1/s Avg:  1536 Min:   154 Max:  3512 Err:     0 (0.00%)
summary +     11 in 00:03:01 =    0.1/s Avg:  1450 Min:   502 Max:  3146 Err:     0 (0.00%) Active: 1 Started: 1 Finished: 0
summary =   2359 in 05:25:55 =    0.1/s Avg:  1536 Min:   154 Max:  3512 Err:     0 (0.00%)
summary +      8 in 00:01:30 =    0.1/s Avg:  1160 Min:   510 Max:  2964 Err:     0 (0.00%) Active: 1 Started: 1 Finished: 0
summary =   2367 in 05:27:25 =    0.1/s Avg:  1534 Min:   154 Max:  3512 Err:     0 (0.00%)
summary +      4 in 00:01:31 =    0.0/s Avg:  1142 Min:   514 Max:  2959 Err:     0 (0.00%) Active: 1 Started: 1 Finished: 0
summary =   2371 in 05:28:56 =    0.1/s Avg:  1534 Min:   154 Max:  3512 Err:     0 (0.00%)
summary +      7 in 00:02:00 =    0.1/s Avg:  1280 Min:   500 Max:  3185 Err:     0 (0.00%) Active: 1 Started: 1 Finished: 0
summary =   2378 in 05:30:57 =    0.1/s Avg:  1533 Min:   154 Max:  3512 Err:     0 (0.00%)
summary +      5 in 00:02:31 =    0.0/s Avg:  1497 Min:   512 Max:  2981 Err:     0 (0.00%) Active: 1 Started: 1 Finished: 0
summary =   2383 in 05:33:27 =    0.1/s Avg:  1533 Min:   154 Max:  3512 Err:     0 (0.00%)
summary +      3 in 00:00:31 =    0.1/s Avg:  1380 Min:   578 Max:  2983 Err:     0 (0.00%) Active: 1 Started: 1 Finished: 0
summary =   2386 in 05:33:58 =    0.1/s Avg:  1533 Min:   154 Max:  3512 Err:     0 (0.00%)
summary +      6 in 00:00:30 =    0.2/s Avg:  1789 Min:   545 Max:  3088 Err:     0 (0.00%) Active: 1 Started: 1 Finished: 0
summary =   2392 in 05:34:28 =    0.1/s Avg:  1533 Min:   154 Max:  3512 Err:     0 (0.00%)
summary +      1 in 00:01:03 =    0.0/s Avg:   565 Min:   565 Max:   565 Err:     0 (0.00%) Active: 1 Started: 1 Finished: 0
summary =   2393 in 05:35:30 =    0.1/s Avg:  1533 Min:   154 Max:  3512 Err:     0 (0.00%)
summary +      7 in 00:00:26 =    0.3/s Avg:  1924 Min:   509 Max:  3080 Err:     0 (0.00%) Active: 1 Started: 1 Finished: 0
summary =   2400 in 05:35:57 =    0.1/s Avg:  1534 Min:   154 Max:  3512 Err:     0 (0.00%)
summary +      4 in 00:01:04 =    0.1/s Avg:  1139 Min:   497 Max:  2997 Err:     0 (0.00%) Active: 1 Started: 1 Finished: 0
summary =   2404 in 05:37:00 =    0.1/s Avg:  1534 Min:   154 Max:  3512 Err:     0 (0.00%)
summary +      4 in 00:01:30 =    0.0/s Avg:  3007 Min:  2940 Max:  3152 Err:     0 (0.00%) Active: 1 Started: 1 Finished: 0
summary =   2408 in 05:38:30 =    0.1/s Avg:  1536 Min:   154 Max:  3512 Err:     0 (0.00%)
summary +      4 in 00:00:30 =    0.1/s Avg:  2998 Min:  2940 Max:  3128 Err:     0 (0.00%) Active: 1 Started: 1 Finished: 0
summary =   2412 in 05:39:00 =    0.1/s Avg:  1538 Min:   154 Max:  3512 Err:     0 (0.00%)
summary +     40 in 00:32:50 =    0.0/s Avg:  2973 Min:  2902 Max:  3136 Err:     0 (0.00%) Active: 0 Started: 1 Finished: 1
summary =   2452 in 06:11:50 =    0.1/s Avg:  1562 Min:   154 Max:  3512 Err:     0 (0.00%)
Tidying up ...    @ Sat Aug 13 01:58:25 UTC 2022 (1660355905282)
... end of run
