Creating summariser <summary>
Created the tree successfully using /home/ubuntu/openwhisk/predictions/Experiment_1/Experiment_1_2.jmx
Starting standalone test @ Mon Aug 08 21:18:39 UTC 2022 (1659993519914)
Waiting for possible Shutdown/StopTestNow/HeapDump/ThreadDump message on port 4448
summary +      9 in 00:02:20 =    0.1/s Avg:  2055 Min:   764 Max:  4117 Err:     0 (0.00%) Active: 1 Started: 1 Finished: 0
summary +     16 in 00:13:01 =    0.0/s Avg:  2128 Min:   387 Max:  4435 Err:     0 (0.00%) Active: 1 Started: 1 Finished: 0
summary =     25 in 00:15:21 =    0.0/s Avg:  2101 Min:   387 Max:  4435 Err:     0 (0.00%)
summary +      1 in 00:00:34 =    0.0/s Avg:  3891 Min:  3891 Max:  3891 Err:     0 (0.00%) Active: 1 Started: 1 Finished: 0
summary =     26 in 00:15:55 =    0.0/s Avg:  2170 Min:   387 Max:  4435 Err:     0 (0.00%)
summary +      9 in 00:01:56 =    0.1/s Avg:  1429 Min:   479 Max:  3727 Err:     0 (0.00%) Active: 1 Started: 1 Finished: 0
summary =     35 in 00:17:52 =    0.0/s Avg:  1980 Min:   387 Max:  4435 Err:     0 (0.00%)
summary +     12 in 00:01:29 =    0.1/s Avg:  2188 Min:  1163 Max:  4611 Err:     0 (0.00%) Active: 1 Started: 1 Finished: 0
summary =     47 in 00:19:20 =    0.0/s Avg:  2033 Min:   387 Max:  4611 Err:     0 (0.00%)
summary +      7 in 00:00:30 =    0.2/s Avg:  2130 Min:  1168 Max:  4089 Err:     0 (0.00%) Active: 1 Started: 1 Finished: 0
summary =     54 in 00:19:51 =    0.0/s Avg:  2045 Min:   387 Max:  4611 Err:     0 (0.00%)
summary +      6 in 00:01:01 =    0.1/s Avg:  1883 Min:  1146 Max:  4527 Err:     0 (0.00%) Active: 1 Started: 1 Finished: 0
summary =     60 in 00:20:52 =    0.0/s Avg:  2029 Min:   387 Max:  4611 Err:     0 (0.00%)
summary +     10 in 00:00:34 =    0.3/s Avg:  2353 Min:   970 Max:  4671 Err:     0 (0.00%) Active: 1 Started: 1 Finished: 0
summary =     70 in 00:21:26 =    0.1/s Avg:  2075 Min:   387 Max:  4671 Err:     0 (0.00%)
summary +      7 in 00:00:26 =    0.3/s Avg:  1590 Min:   496 Max:  4344 Err:     0 (0.00%) Active: 1 Started: 1 Finished: 0
summary =     77 in 00:21:52 =    0.1/s Avg:  2031 Min:   387 Max:  4671 Err:     0 (0.00%)
summary +     12 in 00:02:03 =    0.1/s Avg:  1707 Min:   903 Max:  4710 Err:     0 (0.00%) Active: 1 Started: 1 Finished: 0
summary =     89 in 00:23:54 =    0.1/s Avg:  1988 Min:   387 Max:  4710 Err:     0 (0.00%)
summary +     15 in 00:02:27 =    0.1/s Avg:  1717 Min:   622 Max:  4179 Err:     0 (0.00%) Active: 1 Started: 1 Finished: 0
summary =    104 in 00:26:21 =    0.1/s Avg:  1949 Min:   387 Max:  4710 Err:     0 (0.00%)
summary +      6 in 00:00:33 =    0.2/s Avg:  2411 Min:   419 Max:  4101 Err:     0 (0.00%) Active: 1 Started: 1 Finished: 0
summary =    110 in 00:26:55 =    0.1/s Avg:  1974 Min:   387 Max:  4710 Err:     0 (0.00%)
summary +      6 in 00:00:30 =    0.2/s Avg:  3235 Min:  1333 Max:  6129 Err:     0 (0.00%) Active: 1 Started: 1 Finished: 0
summary =    116 in 00:27:24 =    0.1/s Avg:  2039 Min:   387 Max:  6129 Err:     0 (0.00%)
summary +      7 in 00:02:56 =    0.0/s Avg:  1831 Min:   731 Max:  3884 Err:     0 (0.00%) Active: 1 Started: 1 Finished: 0
summary =    123 in 00:30:20 =    0.1/s Avg:  2027 Min:   387 Max:  6129 Err:     0 (0.00%)
summary +     20 in 00:04:34 =    0.1/s Avg:  2158 Min:   542 Max:  4580 Err:     0 (0.00%) Active: 1 Started: 1 Finished: 0
summary =    143 in 00:34:54 =    0.1/s Avg:  2046 Min:   387 Max:  6129 Err:     0 (0.00%)
summary +     10 in 00:01:59 =    0.1/s Avg:  1634 Min:   415 Max:  5346 Err:     0 (0.00%) Active: 1 Started: 1 Finished: 0
summary =    153 in 00:36:52 =    0.1/s Avg:  2019 Min:   387 Max:  6129 Err:     0 (0.00%)
summary +      6 in 00:00:32 =    0.2/s Avg:  4156 Min:  2297 Max:  5353 Err:     0 (0.00%) Active: 1 Started: 1 Finished: 0
summary =    159 in 00:37:25 =    0.1/s Avg:  2099 Min:   387 Max:  6129 Err:     0 (0.00%)
summary +     11 in 00:00:58 =    0.2/s Avg:  1683 Min:   793 Max:  4171 Err:     0 (0.00%) Active: 1 Started: 1 Finished: 0
summary =    170 in 00:38:22 =    0.1/s Avg:  2072 Min:   387 Max:  6129 Err:     0 (0.00%)
summary +      6 in 00:00:31 =    0.2/s Avg:  1985 Min:  1092 Max:  3633 Err:     0 (0.00%) Active: 1 Started: 1 Finished: 0
summary =    176 in 00:38:53 =    0.1/s Avg:  2069 Min:   387 Max:  6129 Err:     0 (0.00%)
summary +      7 in 00:00:30 =    0.2/s Avg:  2148 Min:  1194 Max:  3888 Err:     0 (0.00%) Active: 1 Started: 1 Finished: 0
summary =    183 in 00:39:24 =    0.1/s Avg:  2072 Min:   387 Max:  6129 Err:     0 (0.00%)
summary +      6 in 00:00:31 =    0.2/s Avg:  3538 Min:   870 Max:  4262 Err:     0 (0.00%) Active: 1 Started: 1 Finished: 0
summary =    189 in 00:39:55 =    0.1/s Avg:  2119 Min:   387 Max:  6129 Err:     0 (0.00%)
summary +     10 in 00:01:27 =    0.1/s Avg:  2773 Min:   441 Max:  5661 Err:     0 (0.00%) Active: 1 Started: 1 Finished: 0
summary =    199 in 00:41:22 =    0.1/s Avg:  2152 Min:   387 Max:  6129 Err:     0 (0.00%)
summary +      4 in 00:00:28 =    0.1/s Avg:  1807 Min:  1173 Max:  3655 Err:     0 (0.00%) Active: 1 Started: 1 Finished: 0
summary =    203 in 00:41:50 =    0.1/s Avg:  2145 Min:   387 Max:  6129 Err:     0 (0.00%)
summary +      7 in 00:00:29 =    0.2/s Avg:  1486 Min:   528 Max:  3712 Err:     0 (0.00%) Active: 1 Started: 1 Finished: 0
summary =    210 in 00:42:20 =    0.1/s Avg:  2123 Min:   387 Max:  6129 Err:     0 (0.00%)
summary +     23 in 00:08:30 =    0.0/s Avg:  2008 Min:   399 Max:  4542 Err:     0 (0.00%) Active: 1 Started: 1 Finished: 0
summary =    233 in 00:50:50 =    0.1/s Avg:  2112 Min:   387 Max:  6129 Err:     0 (0.00%)
summary +     14 in 00:07:03 =    0.0/s Avg:  1970 Min:   425 Max:  4211 Err:     0 (0.00%) Active: 1 Started: 1 Finished: 0
summary =    247 in 00:57:53 =    0.1/s Avg:  2104 Min:   387 Max:  6129 Err:     0 (0.00%)
summary +      2 in 00:01:29 =    0.0/s Avg:  2465 Min:   937 Max:  3994 Err:     0 (0.00%) Active: 1 Started: 1 Finished: 0
summary =    249 in 00:59:22 =    0.1/s Avg:  2107 Min:   387 Max:  6129 Err:     0 (0.00%)
summary +      1 in 00:00:33 =    0.0/s Avg:  1164 Min:  1164 Max:  1164 Err:     0 (0.00%) Active: 1 Started: 1 Finished: 0
summary =    250 in 00:59:56 =    0.1/s Avg:  2103 Min:   387 Max:  6129 Err:     0 (0.00%)
summary +      6 in 00:02:00 =    0.1/s Avg:  2047 Min:  1163 Max:  4371 Err:     0 (0.00%) Active: 1 Started: 1 Finished: 0
summary =    256 in 01:01:55 =    0.1/s Avg:  2101 Min:   387 Max:  6129 Err:     0 (0.00%)
summary +     13 in 00:00:26 =    0.5/s Avg:  1899 Min:  1149 Max:  4261 Err:     0 (0.00%) Active: 1 Started: 1 Finished: 0
summary =    269 in 01:02:22 =    0.1/s Avg:  2092 Min:   387 Max:  6129 Err:     0 (0.00%)
summary +      7 in 00:00:31 =    0.2/s Avg:  1956 Min:  1218 Max:  5972 Err:     0 (0.00%) Active: 1 Started: 1 Finished: 0
summary =    276 in 01:02:53 =    0.1/s Avg:  2088 Min:   387 Max:  6129 Err:     0 (0.00%)
summary +      9 in 00:00:29 =    0.3/s Avg:  2737 Min:  1154 Max:  4591 Err:     0 (0.00%) Active: 1 Started: 1 Finished: 0
summary =    285 in 01:03:22 =    0.1/s Avg:  2109 Min:   387 Max:  6129 Err:     0 (0.00%)
summary +     12 in 00:00:29 =    0.4/s Avg:  2396 Min:   776 Max:  5089 Err:     0 (0.00%) Active: 1 Started: 1 Finished: 0
summary =    297 in 01:03:52 =    0.1/s Avg:  2120 Min:   387 Max:  6129 Err:     0 (0.00%)
summary +     13 in 00:00:29 =    0.5/s Avg:  2193 Min:   525 Max:  5770 Err:     0 (0.00%) Active: 1 Started: 1 Finished: 0
summary =    310 in 01:04:20 =    0.1/s Avg:  2123 Min:   387 Max:  6129 Err:     0 (0.00%)
summary +     12 in 00:00:34 =    0.4/s Avg:  2793 Min:   463 Max:  4850 Err:     0 (0.00%) Active: 1 Started: 1 Finished: 0
summary =    322 in 01:04:54 =    0.1/s Avg:  2148 Min:   387 Max:  6129 Err:     0 (0.00%)
summary +     12 in 00:00:28 =    0.4/s Avg:  2347 Min:   941 Max:  4600 Err:     0 (0.00%) Active: 1 Started: 1 Finished: 0
summary =    334 in 01:05:22 =    0.1/s Avg:  2155 Min:   387 Max:  6129 Err:     0 (0.00%)
summary +     11 in 00:00:29 =    0.4/s Avg:  2570 Min:  1209 Max:  4822 Err:     0 (0.00%) Active: 1 Started: 1 Finished: 0
summary =    345 in 01:05:51 =    0.1/s Avg:  2169 Min:   387 Max:  6129 Err:     0 (0.00%)
summary +     13 in 00:00:29 =    0.5/s Avg:  2138 Min:   969 Max:  4841 Err:     0 (0.00%) Active: 1 Started: 1 Finished: 0
summary =    358 in 01:06:20 =    0.1/s Avg:  2168 Min:   387 Max:  6129 Err:     0 (0.00%)
summary +     21 in 00:04:32 =    0.1/s Avg:  1931 Min:   375 Max:  5724 Err:     0 (0.00%) Active: 1 Started: 1 Finished: 0
summary =    379 in 01:10:52 =    0.1/s Avg:  2154 Min:   375 Max:  6129 Err:     0 (0.00%)
summary +      4 in 00:01:33 =    0.0/s Avg:  3379 Min:  1446 Max:  4347 Err:     0 (0.00%) Active: 1 Started: 1 Finished: 0
summary =    383 in 01:12:25 =    0.1/s Avg:  2167 Min:   375 Max:  6129 Err:     0 (0.00%)
summary +      2 in 00:00:55 =    0.0/s Avg:  1200 Min:  1153 Max:  1248 Err:     0 (0.00%) Active: 1 Started: 1 Finished: 0
summary =    385 in 01:13:20 =    0.1/s Avg:  2162 Min:   375 Max:  6129 Err:     0 (0.00%)
summary +      5 in 00:01:34 =    0.1/s Avg:  1910 Min:  1248 Max:  4178 Err:     0 (0.00%) Active: 1 Started: 1 Finished: 0
summary =    390 in 01:14:53 =    0.1/s Avg:  2159 Min:   375 Max:  6129 Err:     0 (0.00%)
summary +      7 in 00:02:00 =    0.1/s Avg:  2756 Min:  1054 Max:  5190 Err:     0 (0.00%) Active: 1 Started: 1 Finished: 0
summary =    397 in 01:16:53 =    0.1/s Avg:  2170 Min:   375 Max:  6129 Err:     0 (0.00%)
summary +      4 in 00:01:32 =    0.0/s Avg:  1730 Min:   488 Max:  4036 Err:     0 (0.00%) Active: 1 Started: 1 Finished: 0
summary =    401 in 01:18:25 =    0.1/s Avg:  2165 Min:   375 Max:  6129 Err:     0 (0.00%)
summary +      2 in 00:01:26 =    0.0/s Avg:  4221 Min:  4171 Max:  4271 Err:     0 (0.00%) Active: 1 Started: 1 Finished: 0
summary =    403 in 01:19:51 =    0.1/s Avg:  2175 Min:   375 Max:  6129 Err:     0 (0.00%)
summary +      6 in 00:03:32 =    0.0/s Avg:  1626 Min:   674 Max:  4446 Err:     0 (0.00%) Active: 1 Started: 1 Finished: 0
summary =    409 in 01:23:23 =    0.1/s Avg:  2167 Min:   375 Max:  6129 Err:     0 (0.00%)
summary +      2 in 00:01:29 =    0.0/s Avg:  1401 Min:  1346 Max:  1457 Err:     0 (0.00%) Active: 1 Started: 1 Finished: 0
summary =    411 in 01:24:52 =    0.1/s Avg:  2164 Min:   375 Max:  6129 Err:     0 (0.00%)
summary +      2 in 00:00:30 =    0.1/s Avg:  2445 Min:  1174 Max:  3716 Err:     0 (0.00%) Active: 1 Started: 1 Finished: 0
summary =    413 in 01:25:22 =    0.1/s Avg:  2165 Min:   375 Max:  6129 Err:     0 (0.00%)
summary +      5 in 00:03:33 =    0.0/s Avg:  1845 Min:  1292 Max:  3943 Err:     0 (0.00%) Active: 1 Started: 1 Finished: 0
summary =    418 in 01:28:55 =    0.1/s Avg:  2161 Min:   375 Max:  6129 Err:     0 (0.00%)
summary +      1 in 00:00:30 =    0.0/s Avg:   438 Min:   438 Max:   438 Err:     0 (0.00%) Active: 1 Started: 1 Finished: 0
summary =    419 in 01:29:25 =    0.1/s Avg:  2157 Min:   375 Max:  6129 Err:     0 (0.00%)
summary +      2 in 00:00:29 =    0.1/s Avg:  2721 Min:  1504 Max:  3939 Err:     0 (0.00%) Active: 1 Started: 1 Finished: 0
summary =    421 in 01:29:54 =    0.1/s Avg:  2160 Min:   375 Max:  6129 Err:     0 (0.00%)
summary +      2 in 00:00:31 =    0.1/s Avg:  2695 Min:  1180 Max:  4210 Err:     0 (0.00%) Active: 1 Started: 1 Finished: 0
summary =    423 in 01:30:24 =    0.1/s Avg:  2162 Min:   375 Max:  6129 Err:     0 (0.00%)
summary +      4 in 00:00:30 =    0.1/s Avg:  2419 Min:  1395 Max:  4470 Err:     0 (0.00%) Active: 1 Started: 1 Finished: 0
summary =    427 in 01:30:54 =    0.1/s Avg:  2165 Min:   375 Max:  6129 Err:     0 (0.00%)
summary +      5 in 00:00:59 =    0.1/s Avg:  1063 Min:   500 Max:  1424 Err:     0 (0.00%) Active: 1 Started: 1 Finished: 0
summary =    432 in 01:31:53 =    0.1/s Avg:  2152 Min:   375 Max:  6129 Err:     0 (0.00%)
summary +      4 in 00:00:57 =    0.1/s Avg:  1933 Min:   493 Max:  4879 Err:     0 (0.00%) Active: 1 Started: 1 Finished: 0
summary =    436 in 01:32:50 =    0.1/s Avg:  2150 Min:   375 Max:  6129 Err:     0 (0.00%)
summary +      3 in 00:00:31 =    0.1/s Avg:  2124 Min:   425 Max:  5125 Err:     0 (0.00%) Active: 1 Started: 1 Finished: 0
summary =    439 in 01:33:21 =    0.1/s Avg:  2150 Min:   375 Max:  6129 Err:     0 (0.00%)
summary +      3 in 00:00:33 =    0.1/s Avg:  2857 Min:  1375 Max:  5207 Err:     0 (0.00%) Active: 1 Started: 1 Finished: 0
summary =    442 in 01:33:55 =    0.1/s Avg:  2154 Min:   375 Max:  6129 Err:     0 (0.00%)
summary +     13 in 00:01:30 =    0.1/s Avg:  1859 Min:   504 Max:  5817 Err:     0 (0.00%) Active: 1 Started: 1 Finished: 0
summary =    455 in 01:35:25 =    0.1/s Avg:  2146 Min:   375 Max:  6129 Err:     0 (0.00%)
summary +      7 in 00:00:59 =    0.1/s Avg:  1904 Min:   505 Max:  4699 Err:     0 (0.00%) Active: 1 Started: 1 Finished: 0
summary =    462 in 01:36:23 =    0.1/s Avg:  2142 Min:   375 Max:  6129 Err:     0 (0.00%)
summary +      5 in 00:00:58 =    0.1/s Avg:  1640 Min:   455 Max:  4369 Err:     0 (0.00%) Active: 1 Started: 1 Finished: 0
summary =    467 in 01:37:21 =    0.1/s Avg:  2137 Min:   375 Max:  6129 Err:     0 (0.00%)
summary +      2 in 00:00:30 =    0.1/s Avg:  2142 Min:   406 Max:  3878 Err:     0 (0.00%) Active: 1 Started: 1 Finished: 0
summary =    469 in 01:37:51 =    0.1/s Avg:  2137 Min:   375 Max:  6129 Err:     0 (0.00%)
summary +     13 in 00:02:03 =    0.1/s Avg:  3274 Min:   722 Max:  5966 Err:     0 (0.00%) Active: 1 Started: 1 Finished: 0
summary =    482 in 01:39:54 =    0.1/s Avg:  2168 Min:   375 Max:  6129 Err:     0 (0.00%)
summary +      4 in 00:00:31 =    0.1/s Avg:  3075 Min:  1629 Max:  4594 Err:     0 (0.00%) Active: 1 Started: 1 Finished: 0
summary =    486 in 01:40:25 =    0.1/s Avg:  2175 Min:   375 Max:  6129 Err:     0 (0.00%)
summary +      6 in 00:00:59 =    0.1/s Avg:  1150 Min:   952 Max:  1479 Err:     0 (0.00%) Active: 1 Started: 1 Finished: 0
summary =    492 in 01:41:24 =    0.1/s Avg:  2163 Min:   375 Max:  6129 Err:     0 (0.00%)
summary +      4 in 00:00:31 =    0.1/s Avg:  1825 Min:   840 Max:  4342 Err:     0 (0.00%) Active: 1 Started: 1 Finished: 0
summary =    496 in 01:41:55 =    0.1/s Avg:  2160 Min:   375 Max:  6129 Err:     0 (0.00%)
summary +      8 in 00:01:28 =    0.1/s Avg:  2854 Min:   612 Max:  6966 Err:     0 (0.00%) Active: 1 Started: 1 Finished: 0
summary =    504 in 01:43:23 =    0.1/s Avg:  2171 Min:   375 Max:  6966 Err:     0 (0.00%)
summary +      2 in 00:00:29 =    0.1/s Avg:  1490 Min:  1408 Max:  1572 Err:     0 (0.00%) Active: 1 Started: 1 Finished: 0
summary =    506 in 01:43:51 =    0.1/s Avg:  2168 Min:   375 Max:  6966 Err:     0 (0.00%)
summary +     15 in 00:04:59 =    0.1/s Avg:  1467 Min:   527 Max:  4060 Err:     0 (0.00%) Active: 1 Started: 1 Finished: 0
summary =    521 in 01:48:50 =    0.1/s Avg:  2148 Min:   375 Max:  6966 Err:     0 (0.00%)
summary +      4 in 00:03:01 =    0.0/s Avg:  1943 Min:   764 Max:  4005 Err:     0 (0.00%) Active: 1 Started: 1 Finished: 0
summary =    525 in 01:51:51 =    0.1/s Avg:  2146 Min:   375 Max:  6966 Err:     0 (0.00%)
summary +     18 in 00:11:02 =    0.0/s Avg:  2644 Min:   459 Max:  5112 Err:     0 (0.00%) Active: 1 Started: 1 Finished: 0
summary =    543 in 02:02:53 =    0.1/s Avg:  2163 Min:   375 Max:  6966 Err:     0 (0.00%)
summary +     10 in 00:02:30 =    0.1/s Avg:  1391 Min:   416 Max:  3839 Err:     0 (0.00%) Active: 1 Started: 1 Finished: 0
summary =    553 in 02:05:22 =    0.1/s Avg:  2149 Min:   375 Max:  6966 Err:     0 (0.00%)
summary +     12 in 00:00:59 =    0.2/s Avg:  2663 Min:   676 Max:  5334 Err:     0 (0.00%) Active: 1 Started: 1 Finished: 0
summary =    565 in 02:06:21 =    0.1/s Avg:  2160 Min:   375 Max:  6966 Err:     0 (0.00%)
summary +      9 in 00:00:30 =    0.3/s Avg:  3303 Min:  1185 Max:  7365 Err:     0 (0.00%) Active: 1 Started: 1 Finished: 0
summary =    574 in 02:06:50 =    0.1/s Avg:  2178 Min:   375 Max:  7365 Err:     0 (0.00%)
summary +      3 in 00:00:32 =    0.1/s Avg:  3512 Min:  1443 Max:  4806 Err:     0 (0.00%) Active: 1 Started: 1 Finished: 0
summary =    577 in 02:07:22 =    0.1/s Avg:  2185 Min:   375 Max:  7365 Err:     0 (0.00%)
summary +     11 in 00:00:28 =    0.4/s Avg:  2427 Min:   521 Max:  5713 Err:     0 (0.00%) Active: 1 Started: 1 Finished: 0
summary =    588 in 02:07:50 =    0.1/s Avg:  2189 Min:   375 Max:  7365 Err:     0 (0.00%)
summary +     10 in 00:00:32 =    0.3/s Avg:  3244 Min:   405 Max:  5016 Err:     0 (0.00%) Active: 1 Started: 1 Finished: 0
summary =    598 in 02:08:22 =    0.1/s Avg:  2207 Min:   375 Max:  7365 Err:     0 (0.00%)
summary +      9 in 00:00:29 =    0.3/s Avg:  3265 Min:  1240 Max:  5201 Err:     0 (0.00%) Active: 1 Started: 1 Finished: 0
summary =    607 in 02:08:52 =    0.1/s Avg:  2223 Min:   375 Max:  7365 Err:     0 (0.00%)
summary +     12 in 00:00:30 =    0.4/s Avg:  2538 Min:  1206 Max:  4713 Err:     0 (0.00%) Active: 1 Started: 1 Finished: 0
summary =    619 in 02:09:22 =    0.1/s Avg:  2229 Min:   375 Max:  7365 Err:     0 (0.00%)
summary +     13 in 00:00:32 =    0.4/s Avg:  2437 Min:   932 Max:  4881 Err:     0 (0.00%) Active: 1 Started: 1 Finished: 0
summary =    632 in 02:09:54 =    0.1/s Avg:  2233 Min:   375 Max:  7365 Err:     0 (0.00%)
summary +     11 in 00:00:26 =    0.4/s Avg:  2295 Min:   600 Max:  5023 Err:     0 (0.00%) Active: 1 Started: 1 Finished: 0
summary =    643 in 02:10:20 =    0.1/s Avg:  2234 Min:   375 Max:  7365 Err:     0 (0.00%)
summary +     11 in 00:00:31 =    0.4/s Avg:  2669 Min:  1169 Max:  6740 Err:     0 (0.00%) Active: 1 Started: 1 Finished: 0
summary =    654 in 02:10:51 =    0.1/s Avg:  2241 Min:   375 Max:  7365 Err:     0 (0.00%)
summary +     14 in 00:00:29 =    0.5/s Avg:  2085 Min:   691 Max:  5955 Err:     0 (0.00%) Active: 1 Started: 1 Finished: 0
summary =    668 in 02:11:20 =    0.1/s Avg:  2238 Min:   375 Max:  7365 Err:     0 (0.00%)
summary +      8 in 00:00:32 =    0.3/s Avg:  3491 Min:  1267 Max:  4837 Err:     0 (0.00%) Active: 1 Started: 1 Finished: 0
summary =    676 in 02:11:52 =    0.1/s Avg:  2253 Min:   375 Max:  7365 Err:     0 (0.00%)
summary +      9 in 00:01:02 =    0.1/s Avg:  2135 Min:   623 Max:  4358 Err:     0 (0.00%) Active: 1 Started: 1 Finished: 0
summary =    685 in 02:12:53 =    0.1/s Avg:  2251 Min:   375 Max:  7365 Err:     0 (0.00%)
summary +      7 in 00:01:02 =    0.1/s Avg:  1195 Min:   509 Max:  1835 Err:     0 (0.00%) Active: 1 Started: 1 Finished: 0
summary =    692 in 02:13:55 =    0.1/s Avg:  2241 Min:   375 Max:  7365 Err:     0 (0.00%)
summary +      5 in 00:00:27 =    0.2/s Avg:  2536 Min:   501 Max:  5373 Err:     0 (0.00%) Active: 1 Started: 1 Finished: 0
summary =    697 in 02:14:22 =    0.1/s Avg:  2243 Min:   375 Max:  7365 Err:     0 (0.00%)
summary +     15 in 00:04:31 =    0.1/s Avg:  3010 Min:   740 Max:  6477 Err:     0 (0.00%) Active: 1 Started: 1 Finished: 0
summary =    712 in 02:18:54 =    0.1/s Avg:  2259 Min:   375 Max:  7365 Err:     0 (0.00%)
summary +      4 in 00:00:29 =    0.1/s Avg:  3222 Min:  1141 Max:  5292 Err:     0 (0.00%) Active: 1 Started: 1 Finished: 0
summary =    716 in 02:19:22 =    0.1/s Avg:  2264 Min:   375 Max:  7365 Err:     0 (0.00%)
summary +      6 in 00:00:30 =    0.2/s Avg:  3935 Min:   511 Max:  5430 Err:     0 (0.00%) Active: 1 Started: 1 Finished: 0
summary =    722 in 02:19:52 =    0.1/s Avg:  2278 Min:   375 Max:  7365 Err:     0 (0.00%)
summary +      5 in 00:02:00 =    0.0/s Avg:  3213 Min:   498 Max:  6022 Err:     0 (0.00%) Active: 1 Started: 1 Finished: 0
summary =    727 in 02:21:52 =    0.1/s Avg:  2285 Min:   375 Max:  7365 Err:     0 (0.00%)
summary +      6 in 00:00:31 =    0.2/s Avg:  3157 Min:   483 Max:  5929 Err:     0 (0.00%) Active: 1 Started: 1 Finished: 0
summary =    733 in 02:22:23 =    0.1/s Avg:  2292 Min:   375 Max:  7365 Err:     0 (0.00%)
summary +      6 in 00:00:29 =    0.2/s Avg:  3052 Min:   815 Max:  4897 Err:     0 (0.00%) Active: 1 Started: 1 Finished: 0
summary =    739 in 02:22:53 =    0.1/s Avg:  2298 Min:   375 Max:  7365 Err:     0 (0.00%)
summary +      4 in 00:00:32 =    0.1/s Avg:  3320 Min:  1027 Max:  5692 Err:     0 (0.00%) Active: 1 Started: 1 Finished: 0
summary =    743 in 02:23:25 =    0.1/s Avg:  2303 Min:   375 Max:  7365 Err:     0 (0.00%)
summary +      2 in 00:01:00 =    0.0/s Avg:  2577 Min:  1579 Max:  3575 Err:     0 (0.00%) Active: 1 Started: 1 Finished: 0
summary =    745 in 02:24:24 =    0.1/s Avg:  2304 Min:   375 Max:  7365 Err:     0 (0.00%)
summary +      6 in 00:00:29 =    0.2/s Avg:  3147 Min:   768 Max:  5882 Err:     0 (0.00%) Active: 1 Started: 1 Finished: 0
summary =    751 in 02:24:54 =    0.1/s Avg:  2311 Min:   375 Max:  7365 Err:     0 (0.00%)
summary +      6 in 00:00:31 =    0.2/s Avg:  3871 Min:   831 Max:  6217 Err:     0 (0.00%) Active: 1 Started: 1 Finished: 0
summary =    757 in 02:25:25 =    0.1/s Avg:  2323 Min:   375 Max:  7365 Err:     0 (0.00%)
summary +      6 in 00:00:29 =    0.2/s Avg:  3837 Min:  1041 Max:  7600 Err:     0 (0.00%) Active: 1 Started: 1 Finished: 0
summary =    763 in 02:25:54 =    0.1/s Avg:  2335 Min:   375 Max:  7600 Err:     0 (0.00%)
summary +      4 in 00:00:28 =    0.1/s Avg:  3092 Min:   728 Max:  6328 Err:     0 (0.00%) Active: 1 Started: 1 Finished: 0
summary =    767 in 02:26:22 =    0.1/s Avg:  2339 Min:   375 Max:  7600 Err:     0 (0.00%)
summary +      5 in 00:00:28 =    0.2/s Avg:  1837 Min:  1659 Max:  2135 Err:     0 (0.00%) Active: 1 Started: 1 Finished: 0
summary =    772 in 02:26:50 =    0.1/s Avg:  2336 Min:   375 Max:  7600 Err:     0 (0.00%)
summary +      7 in 00:01:02 =    0.1/s Avg:  2659 Min:   773 Max:  5572 Err:     0 (0.00%) Active: 1 Started: 1 Finished: 0
summary =    779 in 02:27:52 =    0.1/s Avg:  2339 Min:   375 Max:  7600 Err:     0 (0.00%)
summary +      9 in 00:01:31 =    0.1/s Avg:  2711 Min:   930 Max:  5290 Err:     0 (0.00%) Active: 1 Started: 1 Finished: 0
summary =    788 in 02:29:23 =    0.1/s Avg:  2343 Min:   375 Max:  7600 Err:     0 (0.00%)
summary +      7 in 00:00:29 =    0.2/s Avg:  2497 Min:   442 Max:  4797 Err:     0 (0.00%) Active: 1 Started: 1 Finished: 0
summary =    795 in 02:29:52 =    0.1/s Avg:  2344 Min:   375 Max:  7600 Err:     0 (0.00%)
summary +      6 in 00:00:31 =    0.2/s Avg:  2639 Min:  1282 Max:  5396 Err:     0 (0.00%) Active: 1 Started: 1 Finished: 0
summary =    801 in 02:30:23 =    0.1/s Avg:  2347 Min:   375 Max:  7600 Err:     0 (0.00%)
summary +      7 in 00:01:00 =    0.1/s Avg:  1792 Min:   518 Max:  3060 Err:     0 (0.00%) Active: 1 Started: 1 Finished: 0
summary =    808 in 02:31:23 =    0.1/s Avg:  2342 Min:   375 Max:  7600 Err:     0 (0.00%)
summary +      8 in 00:01:29 =    0.1/s Avg:  2994 Min:   965 Max:  5673 Err:     0 (0.00%) Active: 1 Started: 1 Finished: 0
summary =    816 in 02:32:52 =    0.1/s Avg:  2348 Min:   375 Max:  7600 Err:     0 (0.00%)
summary +      5 in 00:02:33 =    0.0/s Avg:  4054 Min:   960 Max:  6397 Err:     0 (0.00%) Active: 1 Started: 1 Finished: 0
summary =    821 in 02:35:24 =    0.1/s Avg:  2359 Min:   375 Max:  7600 Err:     0 (0.00%)
summary +      5 in 00:00:28 =    0.2/s Avg:  4341 Min:  1945 Max:  5589 Err:     0 (0.00%) Active: 1 Started: 1 Finished: 0
summary =    826 in 02:35:52 =    0.1/s Avg:  2371 Min:   375 Max:  7600 Err:     0 (0.00%)
summary +     13 in 00:01:28 =    0.1/s Avg:  3072 Min:   601 Max:  6048 Err:     0 (0.00%) Active: 1 Started: 1 Finished: 0
summary =    839 in 02:37:21 =    0.1/s Avg:  2381 Min:   375 Max:  7600 Err:     0 (0.00%)
summary +      3 in 00:02:35 =    0.0/s Avg:  1422 Min:   961 Max:  2174 Err:     0 (0.00%) Active: 1 Started: 1 Finished: 0
summary =    842 in 02:39:55 =    0.1/s Avg:  2378 Min:   375 Max:  7600 Err:     0 (0.00%)
summary +      5 in 00:00:57 =    0.1/s Avg:  2837 Min:  1783 Max:  4505 Err:     0 (0.00%) Active: 1 Started: 1 Finished: 0
summary =    847 in 02:40:53 =    0.1/s Avg:  2381 Min:   375 Max:  7600 Err:     0 (0.00%)
summary +      5 in 00:00:31 =    0.2/s Avg:  3095 Min:   792 Max:  5592 Err:     0 (0.00%) Active: 1 Started: 1 Finished: 0
summary =    852 in 02:41:24 =    0.1/s Avg:  2385 Min:   375 Max:  7600 Err:     0 (0.00%)
summary +     10 in 00:01:00 =    0.2/s Avg:  3024 Min:  1367 Max:  5955 Err:     0 (0.00%) Active: 1 Started: 1 Finished: 0
summary =    862 in 02:42:24 =    0.1/s Avg:  2392 Min:   375 Max:  7600 Err:     0 (0.00%)
summary +      6 in 00:00:28 =    0.2/s Avg:  3860 Min:   674 Max:  5974 Err:     0 (0.00%) Active: 1 Started: 1 Finished: 0
summary =    868 in 02:42:52 =    0.1/s Avg:  2402 Min:   375 Max:  7600 Err:     0 (0.00%)
summary +      3 in 00:01:30 =    0.0/s Avg:  3360 Min:   447 Max:  5816 Err:     0 (0.00%) Active: 1 Started: 1 Finished: 0
summary =    871 in 02:44:22 =    0.1/s Avg:  2406 Min:   375 Max:  7600 Err:     0 (0.00%)
summary +     10 in 00:01:01 =    0.2/s Avg:  2456 Min:   725 Max:  5934 Err:     0 (0.00%) Active: 1 Started: 1 Finished: 0
summary =    881 in 02:45:24 =    0.1/s Avg:  2406 Min:   375 Max:  7600 Err:     0 (0.00%)
summary +      6 in 00:00:30 =    0.2/s Avg:  2473 Min:   874 Max:  5369 Err:     0 (0.00%) Active: 1 Started: 1 Finished: 0
summary =    887 in 02:45:54 =    0.1/s Avg:  2407 Min:   375 Max:  7600 Err:     0 (0.00%)
summary +      3 in 00:01:01 =    0.0/s Avg:  4668 Min:   666 Max:  6671 Err:     0 (0.00%) Active: 1 Started: 1 Finished: 0
summary =    890 in 02:46:55 =    0.1/s Avg:  2414 Min:   375 Max:  7600 Err:     0 (0.00%)
summary +      4 in 00:00:28 =    0.1/s Avg:  2789 Min:  1258 Max:  4925 Err:     0 (0.00%) Active: 1 Started: 1 Finished: 0
summary =    894 in 02:47:23 =    0.1/s Avg:  2416 Min:   375 Max:  7600 Err:     0 (0.00%)
summary +      6 in 00:00:29 =    0.2/s Avg:  2307 Min:   644 Max:  6375 Err:     0 (0.00%) Active: 1 Started: 1 Finished: 0
summary =    900 in 02:47:52 =    0.1/s Avg:  2415 Min:   375 Max:  7600 Err:     0 (0.00%)
summary +     14 in 00:01:30 =    0.2/s Avg:  3010 Min:   630 Max:  5864 Err:     0 (0.00%) Active: 1 Started: 1 Finished: 0
summary =    914 in 02:49:22 =    0.1/s Avg:  2424 Min:   375 Max:  7600 Err:     0 (0.00%)
summary +      7 in 00:00:32 =    0.2/s Avg:  2245 Min:   191 Max:  6986 Err:     0 (0.00%) Active: 1 Started: 1 Finished: 0
summary =    921 in 02:49:54 =    0.1/s Avg:  2423 Min:   191 Max:  7600 Err:     0 (0.00%)
summary +      6 in 00:00:28 =    0.2/s Avg:  3463 Min:  1441 Max:  4815 Err:     0 (0.00%) Active: 1 Started: 1 Finished: 0
summary =    927 in 02:50:23 =    0.1/s Avg:  2430 Min:   191 Max:  7600 Err:     0 (0.00%)
summary +      7 in 00:00:29 =    0.2/s Avg:  2292 Min:   792 Max:  5465 Err:     0 (0.00%) Active: 1 Started: 1 Finished: 0
summary =    934 in 02:50:52 =    0.1/s Avg:  2429 Min:   191 Max:  7600 Err:     0 (0.00%)
summary +      5 in 00:00:28 =    0.2/s Avg:  3124 Min:   929 Max:  6636 Err:     0 (0.00%) Active: 1 Started: 1 Finished: 0
summary =    939 in 02:51:20 =    0.1/s Avg:  2433 Min:   191 Max:  7600 Err:     0 (0.00%)
summary +      6 in 00:00:32 =    0.2/s Avg:  2365 Min:   369 Max:  5745 Err:     0 (0.00%) Active: 1 Started: 1 Finished: 0
summary =    945 in 02:51:52 =    0.1/s Avg:  2432 Min:   191 Max:  7600 Err:     0 (0.00%)
summary +      7 in 00:00:32 =    0.2/s Avg:  2704 Min:   757 Max:  5198 Err:     0 (0.00%) Active: 1 Started: 1 Finished: 0
summary =    952 in 02:52:24 =    0.1/s Avg:  2434 Min:   191 Max:  7600 Err:     0 (0.00%)
summary +      6 in 00:00:28 =    0.2/s Avg:  1593 Min:   749 Max:  4338 Err:     0 (0.00%) Active: 1 Started: 1 Finished: 0
summary =    958 in 02:52:51 =    0.1/s Avg:  2429 Min:   191 Max:  7600 Err:     0 (0.00%)
summary +      7 in 00:00:29 =    0.2/s Avg:  2531 Min:   879 Max:  4382 Err:     0 (0.00%) Active: 1 Started: 1 Finished: 0
summary =    965 in 02:53:20 =    0.1/s Avg:  2430 Min:   191 Max:  7600 Err:     0 (0.00%)
summary +      7 in 00:00:33 =    0.2/s Avg:  2550 Min:   242 Max:  5261 Err:     0 (0.00%) Active: 1 Started: 1 Finished: 0
summary =    972 in 02:53:53 =    0.1/s Avg:  2430 Min:   191 Max:  7600 Err:     0 (0.00%)
summary +      5 in 00:00:29 =    0.2/s Avg:  3076 Min:  1329 Max:  6236 Err:     0 (0.00%) Active: 1 Started: 1 Finished: 0
summary =    977 in 02:54:22 =    0.1/s Avg:  2434 Min:   191 Max:  7600 Err:     0 (0.00%)
summary +      7 in 00:00:34 =    0.2/s Avg:  2886 Min:   728 Max:  5342 Err:     0 (0.00%) Active: 1 Started: 1 Finished: 0
summary =    984 in 02:54:55 =    0.1/s Avg:  2437 Min:   191 Max:  7600 Err:     0 (0.00%)
summary +      6 in 00:00:27 =    0.2/s Avg:  3245 Min:  1361 Max:  5502 Err:     0 (0.00%) Active: 1 Started: 1 Finished: 0
summary =    990 in 02:55:22 =    0.1/s Avg:  2442 Min:   191 Max:  7600 Err:     0 (0.00%)
summary +      5 in 00:00:31 =    0.2/s Avg:  2947 Min:  1033 Max:  5822 Err:     0 (0.00%) Active: 1 Started: 1 Finished: 0
summary =    995 in 02:55:53 =    0.1/s Avg:  2444 Min:   191 Max:  7600 Err:     0 (0.00%)
summary +      6 in 00:00:28 =    0.2/s Avg:  2752 Min:   491 Max:  5543 Err:     0 (0.00%) Active: 1 Started: 1 Finished: 0
summary =   1001 in 02:56:21 =    0.1/s Avg:  2446 Min:   191 Max:  7600 Err:     0 (0.00%)
summary +      6 in 00:00:31 =    0.2/s Avg:  2628 Min:  1186 Max:  4856 Err:     0 (0.00%) Active: 1 Started: 1 Finished: 0
summary =   1007 in 02:56:52 =    0.1/s Avg:  2447 Min:   191 Max:  7600 Err:     0 (0.00%)
summary +      6 in 00:00:29 =    0.2/s Avg:  1488 Min:   768 Max:  2079 Err:     0 (0.00%) Active: 1 Started: 1 Finished: 0
summary =   1013 in 02:57:21 =    0.1/s Avg:  2442 Min:   191 Max:  7600 Err:     0 (0.00%)
summary +      9 in 00:00:31 =    0.3/s Avg:  2543 Min:   385 Max:  5521 Err:     0 (0.00%) Active: 1 Started: 1 Finished: 0
summary =   1022 in 02:57:52 =    0.1/s Avg:  2443 Min:   191 Max:  7600 Err:     0 (0.00%)
summary +      7 in 00:00:31 =    0.2/s Avg:  3202 Min:   770 Max:  5468 Err:     0 (0.00%) Active: 1 Started: 1 Finished: 0
summary =   1029 in 02:58:23 =    0.1/s Avg:  2448 Min:   191 Max:  7600 Err:     0 (0.00%)
summary +      5 in 00:00:28 =    0.2/s Avg:  2843 Min:   783 Max:  4702 Err:     0 (0.00%) Active: 1 Started: 1 Finished: 0
summary =   1034 in 02:58:51 =    0.1/s Avg:  2450 Min:   191 Max:  7600 Err:     0 (0.00%)
summary +      5 in 00:00:30 =    0.2/s Avg:  3291 Min:  1757 Max:  4276 Err:     0 (0.00%) Active: 1 Started: 1 Finished: 0
summary =   1039 in 02:59:21 =    0.1/s Avg:  2454 Min:   191 Max:  7600 Err:     0 (0.00%)
summary +      8 in 00:00:32 =    0.3/s Avg:  2830 Min:   261 Max:  5275 Err:     0 (0.00%) Active: 1 Started: 1 Finished: 0
summary =   1047 in 02:59:52 =    0.1/s Avg:  2457 Min:   191 Max:  7600 Err:     0 (0.00%)
summary +     11 in 00:00:58 =    0.2/s Avg:  3799 Min:   487 Max:  6543 Err:     0 (0.00%) Active: 1 Started: 1 Finished: 0
summary =   1058 in 03:00:50 =    0.1/s Avg:  2470 Min:   191 Max:  7600 Err:     0 (0.00%)
summary +      8 in 00:00:34 =    0.2/s Avg:  2222 Min:   577 Max:  5542 Err:     0 (0.00%) Active: 1 Started: 1 Finished: 0
summary =   1066 in 03:01:24 =    0.1/s Avg:  2469 Min:   191 Max:  7600 Err:     0 (0.00%)
summary +      5 in 00:00:29 =    0.2/s Avg:  2078 Min:   893 Max:  4861 Err:     0 (0.00%) Active: 1 Started: 1 Finished: 0
summary =   1071 in 03:01:53 =    0.1/s Avg:  2467 Min:   191 Max:  7600 Err:     0 (0.00%)
summary +      8 in 00:00:27 =    0.3/s Avg:  1752 Min:   254 Max:  4966 Err:     0 (0.00%) Active: 1 Started: 1 Finished: 0
summary =   1079 in 03:02:20 =    0.1/s Avg:  2461 Min:   191 Max:  7600 Err:     0 (0.00%)
summary +      7 in 00:00:35 =    0.2/s Avg:  1866 Min:   223 Max:  5557 Err:     0 (0.00%) Active: 1 Started: 1 Finished: 0
summary =   1086 in 03:02:55 =    0.1/s Avg:  2458 Min:   191 Max:  7600 Err:     0 (0.00%)
summary +      8 in 00:00:29 =    0.3/s Avg:  2303 Min:   443 Max:  4899 Err:     0 (0.00%) Active: 1 Started: 1 Finished: 0
summary =   1094 in 03:03:24 =    0.1/s Avg:  2457 Min:   191 Max:  7600 Err:     0 (0.00%)
summary +      6 in 00:00:27 =    0.2/s Avg:  2457 Min:  1139 Max:  4394 Err:     0 (0.00%) Active: 1 Started: 1 Finished: 0
summary =   1100 in 03:03:50 =    0.1/s Avg:  2457 Min:   191 Max:  7600 Err:     0 (0.00%)
summary +     11 in 00:00:59 =    0.2/s Avg:  2250 Min:   622 Max:  6259 Err:     0 (0.00%) Active: 1 Started: 1 Finished: 0
summary =   1111 in 03:04:50 =    0.1/s Avg:  2454 Min:   191 Max:  7600 Err:     0 (0.00%)
summary +      5 in 00:00:30 =    0.2/s Avg:  3364 Min:  1172 Max:  5098 Err:     0 (0.00%) Active: 1 Started: 1 Finished: 0
summary =   1116 in 03:05:20 =    0.1/s Avg:  2459 Min:   191 Max:  7600 Err:     0 (0.00%)
summary +      7 in 00:00:30 =    0.2/s Avg:  1640 Min:   963 Max:  3819 Err:     0 (0.00%) Active: 1 Started: 1 Finished: 0
summary =   1123 in 03:05:50 =    0.1/s Avg:  2453 Min:   191 Max:  7600 Err:     0 (0.00%)
summary +      6 in 00:00:31 =    0.2/s Avg:  2342 Min:   380 Max:  5176 Err:     0 (0.00%) Active: 1 Started: 1 Finished: 0
summary =   1129 in 03:06:21 =    0.1/s Avg:  2453 Min:   191 Max:  7600 Err:     0 (0.00%)
summary +     19 in 00:01:34 =    0.2/s Avg:  2052 Min:   521 Max:  6181 Err:     0 (0.00%) Active: 1 Started: 1 Finished: 0
summary =   1148 in 03:07:55 =    0.1/s Avg:  2446 Min:   191 Max:  7600 Err:     0 (0.00%)
summary +      6 in 00:00:28 =    0.2/s Avg:  3288 Min:   469 Max:  6618 Err:     0 (0.00%) Active: 1 Started: 1 Finished: 0
summary =   1154 in 03:08:22 =    0.1/s Avg:  2451 Min:   191 Max:  7600 Err:     0 (0.00%)
summary +      6 in 00:00:29 =    0.2/s Avg:  3165 Min:  1137 Max:  4580 Err:     0 (0.00%) Active: 1 Started: 1 Finished: 0
summary =   1160 in 03:08:51 =    0.1/s Avg:  2454 Min:   191 Max:  7600 Err:     0 (0.00%)
summary +      8 in 00:00:32 =    0.3/s Avg:  2311 Min:   421 Max:  5123 Err:     0 (0.00%) Active: 1 Started: 1 Finished: 0
summary =   1168 in 03:09:23 =    0.1/s Avg:  2453 Min:   191 Max:  7600 Err:     0 (0.00%)
summary +      7 in 00:00:27 =    0.3/s Avg:  1517 Min:   712 Max:  3738 Err:     0 (0.00%) Active: 1 Started: 1 Finished: 0
summary =   1175 in 03:09:50 =    0.1/s Avg:  2448 Min:   191 Max:  7600 Err:     0 (0.00%)
summary +      7 in 00:00:32 =    0.2/s Avg:  3098 Min:  1158 Max:  5125 Err:     0 (0.00%) Active: 1 Started: 1 Finished: 0
summary =   1182 in 03:10:22 =    0.1/s Avg:  2452 Min:   191 Max:  7600 Err:     0 (0.00%)
summary +      6 in 00:00:31 =    0.2/s Avg:  3235 Min:  1114 Max:  5072 Err:     0 (0.00%) Active: 1 Started: 1 Finished: 0
summary =   1188 in 03:10:53 =    0.1/s Avg:  2456 Min:   191 Max:  7600 Err:     0 (0.00%)
summary +      8 in 00:00:32 =    0.2/s Avg:  2607 Min:   706 Max:  6336 Err:     0 (0.00%) Active: 1 Started: 1 Finished: 0
summary =   1196 in 03:11:25 =    0.1/s Avg:  2457 Min:   191 Max:  7600 Err:     0 (0.00%)
summary +     11 in 00:00:56 =    0.2/s Avg:  3386 Min:   750 Max:  6168 Err:     0 (0.00%) Active: 1 Started: 1 Finished: 0
summary =   1207 in 03:12:21 =    0.1/s Avg:  2465 Min:   191 Max:  7600 Err:     0 (0.00%)
summary +      6 in 00:00:33 =    0.2/s Avg:  2218 Min:   637 Max:  4453 Err:     0 (0.00%) Active: 1 Started: 1 Finished: 0
summary =   1213 in 03:12:55 =    0.1/s Avg:  2464 Min:   191 Max:  7600 Err:     0 (0.00%)
summary +      7 in 00:00:26 =    0.3/s Avg:  1661 Min:   267 Max:  4189 Err:     0 (0.00%) Active: 1 Started: 1 Finished: 0
summary =   1220 in 03:13:21 =    0.1/s Avg:  2459 Min:   191 Max:  7600 Err:     0 (0.00%)
summary +      6 in 00:00:30 =    0.2/s Avg:  1716 Min:   872 Max:  4568 Err:     0 (0.00%) Active: 1 Started: 1 Finished: 0
summary =   1226 in 03:13:51 =    0.1/s Avg:  2456 Min:   191 Max:  7600 Err:     0 (0.00%)
summary +      8 in 00:00:33 =    0.2/s Avg:  2587 Min:   651 Max:  5147 Err:     0 (0.00%) Active: 1 Started: 1 Finished: 0
summary =   1234 in 03:14:23 =    0.1/s Avg:  2456 Min:   191 Max:  7600 Err:     0 (0.00%)
summary +      9 in 00:00:31 =    0.3/s Avg:  2884 Min:   632 Max:  4682 Err:     0 (0.00%) Active: 1 Started: 1 Finished: 0
summary =   1243 in 03:14:54 =    0.1/s Avg:  2459 Min:   191 Max:  7600 Err:     0 (0.00%)
summary +     10 in 00:00:26 =    0.4/s Avg:  2570 Min:  1174 Max:  4217 Err:     0 (0.00%) Active: 1 Started: 1 Finished: 0
summary =   1253 in 03:15:20 =    0.1/s Avg:  2460 Min:   191 Max:  7600 Err:     0 (0.00%)
summary +     19 in 00:01:04 =    0.3/s Avg:  2734 Min:   535 Max:  5151 Err:     0 (0.00%) Active: 1 Started: 1 Finished: 0
summary =   1272 in 03:16:23 =    0.1/s Avg:  2464 Min:   191 Max:  7600 Err:     0 (0.00%)
summary +     11 in 00:00:30 =    0.4/s Avg:  2277 Min:   578 Max:  4816 Err:     0 (0.00%) Active: 1 Started: 1 Finished: 0
summary =   1283 in 03:16:53 =    0.1/s Avg:  2463 Min:   191 Max:  7600 Err:     0 (0.00%)
summary +     10 in 00:00:29 =    0.3/s Avg:  2916 Min:   997 Max:  4589 Err:     0 (0.00%) Active: 1 Started: 1 Finished: 0
summary =   1293 in 03:17:22 =    0.1/s Avg:  2466 Min:   191 Max:  7600 Err:     0 (0.00%)
summary +     12 in 00:00:31 =    0.4/s Avg:  2547 Min:   519 Max:  4360 Err:     0 (0.00%) Active: 1 Started: 1 Finished: 0
summary =   1305 in 03:17:53 =    0.1/s Avg:  2467 Min:   191 Max:  7600 Err:     0 (0.00%)
summary +     10 in 00:00:27 =    0.4/s Avg:  2694 Min:   704 Max:  4968 Err:     0 (0.00%) Active: 1 Started: 1 Finished: 0
summary =   1315 in 03:18:20 =    0.1/s Avg:  2469 Min:   191 Max:  7600 Err:     0 (0.00%)
summary +     13 in 00:00:30 =    0.4/s Avg:  2331 Min:   872 Max:  6066 Err:     0 (0.00%) Active: 1 Started: 1 Finished: 0
summary =   1328 in 03:18:50 =    0.1/s Avg:  2467 Min:   191 Max:  7600 Err:     0 (0.00%)
summary +     12 in 00:00:29 =    0.4/s Avg:  2430 Min:  1249 Max:  4735 Err:     0 (0.00%) Active: 1 Started: 1 Finished: 0
summary =   1340 in 03:19:20 =    0.1/s Avg:  2467 Min:   191 Max:  7600 Err:     0 (0.00%)
summary +      7 in 00:00:30 =    0.2/s Avg:  4335 Min:  1313 Max:  6564 Err:     0 (0.00%) Active: 1 Started: 1 Finished: 0
summary =   1347 in 03:19:50 =    0.1/s Avg:  2477 Min:   191 Max:  7600 Err:     0 (0.00%)
summary +     12 in 00:00:33 =    0.4/s Avg:  2576 Min:   515 Max:  6435 Err:     0 (0.00%) Active: 1 Started: 1 Finished: 0
summary =   1359 in 03:20:23 =    0.1/s Avg:  2478 Min:   191 Max:  7600 Err:     0 (0.00%)
summary +      9 in 00:00:30 =    0.3/s Avg:  3356 Min:  1203 Max:  5797 Err:     0 (0.00%) Active: 1 Started: 1 Finished: 0
summary =   1368 in 03:20:53 =    0.1/s Avg:  2484 Min:   191 Max:  7600 Err:     0 (0.00%)
summary +      6 in 00:00:28 =    0.2/s Avg:  2433 Min:   765 Max:  4936 Err:     0 (0.00%) Active: 1 Started: 1 Finished: 0
summary =   1374 in 03:21:22 =    0.1/s Avg:  2483 Min:   191 Max:  7600 Err:     0 (0.00%)
summary +      5 in 00:00:28 =    0.2/s Avg:  2895 Min:  1272 Max:  4176 Err:     0 (0.00%) Active: 1 Started: 1 Finished: 0
summary =   1379 in 03:21:50 =    0.1/s Avg:  2485 Min:   191 Max:  7600 Err:     0 (0.00%)
summary +      7 in 00:00:30 =    0.2/s Avg:  1729 Min:  1054 Max:  4365 Err:     0 (0.00%) Active: 1 Started: 1 Finished: 0
summary =   1386 in 03:22:20 =    0.1/s Avg:  2481 Min:   191 Max:  7600 Err:     0 (0.00%)
summary +     18 in 00:01:32 =    0.2/s Avg:  2418 Min:   537 Max:  5190 Err:     0 (0.00%) Active: 1 Started: 1 Finished: 0
summary =   1404 in 03:23:53 =    0.1/s Avg:  2480 Min:   191 Max:  7600 Err:     0 (0.00%)
summary +      7 in 00:00:29 =    0.2/s Avg:  1523 Min:   712 Max:  4315 Err:     0 (0.00%) Active: 1 Started: 1 Finished: 0
summary =   1411 in 03:24:21 =    0.1/s Avg:  2475 Min:   191 Max:  7600 Err:     0 (0.00%)
summary +      7 in 00:00:29 =    0.2/s Avg:  1635 Min:   509 Max:  4072 Err:     0 (0.00%) Active: 1 Started: 1 Finished: 0
summary =   1418 in 03:24:50 =    0.1/s Avg:  2471 Min:   191 Max:  7600 Err:     0 (0.00%)
summary +      7 in 00:00:29 =    0.2/s Avg:  2676 Min:  1186 Max:  3848 Err:     0 (0.00%) Active: 1 Started: 1 Finished: 0
summary =   1425 in 03:25:20 =    0.1/s Avg:  2472 Min:   191 Max:  7600 Err:     0 (0.00%)
summary +      7 in 00:00:32 =    0.2/s Avg:  2724 Min:   811 Max:  4254 Err:     0 (0.00%) Active: 1 Started: 1 Finished: 0
summary =   1432 in 03:25:52 =    0.1/s Avg:  2474 Min:   191 Max:  7600 Err:     0 (0.00%)
summary +      6 in 00:00:30 =    0.2/s Avg:  2364 Min:  1182 Max:  4315 Err:     0 (0.00%) Active: 1 Started: 1 Finished: 0
summary =   1438 in 03:26:22 =    0.1/s Avg:  2473 Min:   191 Max:  7600 Err:     0 (0.00%)
summary +      6 in 00:00:31 =    0.2/s Avg:  2120 Min:   837 Max:  4792 Err:     0 (0.00%) Active: 1 Started: 1 Finished: 0
summary =   1444 in 03:26:53 =    0.1/s Avg:  2472 Min:   191 Max:  7600 Err:     0 (0.00%)
summary +     21 in 00:01:27 =    0.2/s Avg:  2148 Min:   175 Max:  5127 Err:     0 (0.00%) Active: 1 Started: 1 Finished: 0
summary =   1465 in 03:28:21 =    0.1/s Avg:  2467 Min:   175 Max:  7600 Err:     0 (0.00%)
summary +      7 in 00:00:32 =    0.2/s Avg:  1980 Min:   725 Max:  4135 Err:     0 (0.00%) Active: 1 Started: 1 Finished: 0
summary =   1472 in 03:28:53 =    0.1/s Avg:  2465 Min:   175 Max:  7600 Err:     0 (0.00%)
summary +      7 in 00:00:27 =    0.3/s Avg:  1940 Min:  1160 Max:  3809 Err:     0 (0.00%) Active: 1 Started: 1 Finished: 0
summary =   1479 in 03:29:20 =    0.1/s Avg:  2462 Min:   175 Max:  7600 Err:     0 (0.00%)
summary +     11 in 00:00:31 =    0.4/s Avg:  2207 Min:  1008 Max:  5617 Err:     0 (0.00%) Active: 1 Started: 1 Finished: 0
summary =   1490 in 03:29:51 =    0.1/s Avg:  2460 Min:   175 Max:  7600 Err:     0 (0.00%)
summary +     13 in 00:01:03 =    0.2/s Avg:  2018 Min:   490 Max:  5151 Err:     0 (0.00%) Active: 1 Started: 1 Finished: 0
summary =   1503 in 03:30:54 =    0.1/s Avg:  2456 Min:   175 Max:  7600 Err:     0 (0.00%)
summary +     13 in 00:00:56 =    0.2/s Avg:  2241 Min:   358 Max:  5476 Err:     0 (0.00%) Active: 1 Started: 1 Finished: 0
summary =   1516 in 03:31:50 =    0.1/s Avg:  2455 Min:   175 Max:  7600 Err:     0 (0.00%)
summary +     13 in 00:01:02 =    0.2/s Avg:  2347 Min:   344 Max:  4443 Err:     0 (0.00%) Active: 1 Started: 1 Finished: 0
summary =   1529 in 03:32:51 =    0.1/s Avg:  2454 Min:   175 Max:  7600 Err:     0 (0.00%)
summary +      7 in 00:00:33 =    0.2/s Avg:  2190 Min:   428 Max:  4456 Err:     0 (0.00%) Active: 1 Started: 1 Finished: 0
summary =   1536 in 03:33:24 =    0.1/s Avg:  2452 Min:   175 Max:  7600 Err:     0 (0.00%)
summary +      6 in 00:00:28 =    0.2/s Avg:  1807 Min:  1203 Max:  4657 Err:     0 (0.00%) Active: 1 Started: 1 Finished: 0
summary =   1542 in 03:33:53 =    0.1/s Avg:  2450 Min:   175 Max:  7600 Err:     0 (0.00%)
summary +      6 in 00:00:33 =    0.2/s Avg:  2524 Min:  1140 Max:  3983 Err:     0 (0.00%) Active: 1 Started: 1 Finished: 0
summary =   1548 in 03:34:25 =    0.1/s Avg:  2450 Min:   175 Max:  7600 Err:     0 (0.00%)
summary +      7 in 00:00:29 =    0.2/s Avg:  2257 Min:   506 Max:  4808 Err:     0 (0.00%) Active: 1 Started: 1 Finished: 0
summary =   1555 in 03:34:54 =    0.1/s Avg:  2449 Min:   175 Max:  7600 Err:     0 (0.00%)
summary +      6 in 00:00:29 =    0.2/s Avg:  2430 Min:   529 Max:  3970 Err:     0 (0.00%) Active: 1 Started: 1 Finished: 0
summary =   1561 in 03:35:23 =    0.1/s Avg:  2449 Min:   175 Max:  7600 Err:     0 (0.00%)
summary +      7 in 00:00:27 =    0.3/s Avg:  2435 Min:  1175 Max:  4209 Err:     0 (0.00%) Active: 1 Started: 1 Finished: 0
summary =   1568 in 03:35:50 =    0.1/s Avg:  2449 Min:   175 Max:  7600 Err:     0 (0.00%)
summary +      7 in 00:00:34 =    0.2/s Avg:  2389 Min:   596 Max:  4330 Err:     0 (0.00%) Active: 1 Started: 1 Finished: 0
summary =   1575 in 03:36:23 =    0.1/s Avg:  2449 Min:   175 Max:  7600 Err:     0 (0.00%)
summary +      6 in 00:00:30 =    0.2/s Avg:  3053 Min:  1203 Max:  4143 Err:     0 (0.00%) Active: 1 Started: 1 Finished: 0
summary =   1581 in 03:36:53 =    0.1/s Avg:  2451 Min:   175 Max:  7600 Err:     0 (0.00%)
summary +      6 in 00:00:27 =    0.2/s Avg:  2060 Min:   634 Max:  3919 Err:     0 (0.00%) Active: 1 Started: 1 Finished: 0
summary =   1587 in 03:37:20 =    0.1/s Avg:  2450 Min:   175 Max:  7600 Err:     0 (0.00%)
summary +     10 in 00:01:32 =    0.1/s Avg:  1775 Min:   318 Max:  4056 Err:     0 (0.00%) Active: 1 Started: 1 Finished: 0
summary =   1597 in 03:38:52 =    0.1/s Avg:  2446 Min:   175 Max:  7600 Err:     0 (0.00%)
summary +      6 in 00:00:29 =    0.2/s Avg:  2138 Min:  1093 Max:  3942 Err:     0 (0.00%) Active: 1 Started: 1 Finished: 0
summary =   1603 in 03:39:21 =    0.1/s Avg:  2444 Min:   175 Max:  7600 Err:     0 (0.00%)
summary +      8 in 00:00:32 =    0.2/s Avg:  2492 Min:  1155 Max:  4550 Err:     0 (0.00%) Active: 1 Started: 1 Finished: 0
summary =   1611 in 03:39:53 =    0.1/s Avg:  2445 Min:   175 Max:  7600 Err:     0 (0.00%)
summary +     12 in 00:01:01 =    0.2/s Avg:  1970 Min:   699 Max:  4610 Err:     0 (0.00%) Active: 1 Started: 1 Finished: 0
summary =   1623 in 03:40:54 =    0.1/s Avg:  2441 Min:   175 Max:  7600 Err:     0 (0.00%)
summary +      2 in 00:00:31 =    0.1/s Avg:  2753 Min:  1332 Max:  4175 Err:     0 (0.00%) Active: 1 Started: 1 Finished: 0
summary =   1625 in 03:41:25 =    0.1/s Avg:  2442 Min:   175 Max:  7600 Err:     0 (0.00%)
summary +      6 in 00:00:26 =    0.2/s Avg:  1707 Min:  1046 Max:  4283 Err:     0 (0.00%) Active: 1 Started: 1 Finished: 0
summary =   1631 in 03:41:50 =    0.1/s Avg:  2439 Min:   175 Max:  7600 Err:     0 (0.00%)
summary +      7 in 00:00:33 =    0.2/s Avg:  2359 Min:  1154 Max:  4091 Err:     0 (0.00%) Active: 1 Started: 1 Finished: 0
summary =   1638 in 03:42:23 =    0.1/s Avg:  2438 Min:   175 Max:  7600 Err:     0 (0.00%)
summary +      7 in 00:00:31 =    0.2/s Avg:  2406 Min:  1159 Max:  3909 Err:     0 (0.00%) Active: 1 Started: 1 Finished: 0
summary =   1645 in 03:42:54 =    0.1/s Avg:  2438 Min:   175 Max:  7600 Err:     0 (0.00%)
summary +      3 in 00:00:31 =    0.1/s Avg:  2138 Min:  1186 Max:  4040 Err:     0 (0.00%) Active: 1 Started: 1 Finished: 0
summary =   1648 in 03:43:25 =    0.1/s Avg:  2438 Min:   175 Max:  7600 Err:     0 (0.00%)
summary +     16 in 00:02:30 =    0.1/s Avg:  1809 Min:   348 Max:  5044 Err:     0 (0.00%) Active: 1 Started: 1 Finished: 0
summary =   1664 in 03:45:55 =    0.1/s Avg:  2432 Min:   175 Max:  7600 Err:     0 (0.00%)
summary +      6 in 00:00:55 =    0.1/s Avg:  2170 Min:  1147 Max:  4314 Err:     0 (0.00%) Active: 1 Started: 1 Finished: 0
summary =   1670 in 03:46:50 =    0.1/s Avg:  2431 Min:   175 Max:  7600 Err:     0 (0.00%)
summary +      7 in 00:00:35 =    0.2/s Avg:  3032 Min:  1039 Max:  5216 Err:     0 (0.00%) Active: 1 Started: 1 Finished: 0
summary =   1677 in 03:47:26 =    0.1/s Avg:  2433 Min:   175 Max:  7600 Err:     0 (0.00%)
summary +      4 in 00:00:28 =    0.1/s Avg:  1930 Min:  1225 Max:  3673 Err:     0 (0.00%) Active: 1 Started: 1 Finished: 0
summary =   1681 in 03:47:54 =    0.1/s Avg:  2432 Min:   175 Max:  7600 Err:     0 (0.00%)
summary +      6 in 00:00:26 =    0.2/s Avg:  2131 Min:   338 Max:  4764 Err:     0 (0.00%) Active: 1 Started: 1 Finished: 0
summary =   1687 in 03:48:20 =    0.1/s Avg:  2431 Min:   175 Max:  7600 Err:     0 (0.00%)
summary +      6 in 00:00:31 =    0.2/s Avg:  2165 Min:  1202 Max:  4203 Err:     0 (0.00%) Active: 1 Started: 1 Finished: 0
summary =   1693 in 03:48:51 =    0.1/s Avg:  2430 Min:   175 Max:  7600 Err:     0 (0.00%)
summary +      7 in 00:00:30 =    0.2/s Avg:  1725 Min:  1028 Max:  4641 Err:     0 (0.00%) Active: 1 Started: 1 Finished: 0
summary =   1700 in 03:49:21 =    0.1/s Avg:  2427 Min:   175 Max:  7600 Err:     0 (0.00%)
summary +      6 in 00:00:31 =    0.2/s Avg:  1705 Min:   395 Max:  4892 Err:     0 (0.00%) Active: 1 Started: 1 Finished: 0
summary =   1706 in 03:49:52 =    0.1/s Avg:  2425 Min:   175 Max:  7600 Err:     0 (0.00%)
summary +     11 in 00:01:01 =    0.2/s Avg:  2453 Min:   448 Max:  4672 Err:     0 (0.00%) Active: 1 Started: 1 Finished: 0
summary =   1717 in 03:50:53 =    0.1/s Avg:  2425 Min:   175 Max:  7600 Err:     0 (0.00%)
summary +     20 in 00:03:32 =    0.1/s Avg:  2059 Min:   520 Max:  5665 Err:     0 (0.00%) Active: 1 Started: 1 Finished: 0
summary =   1737 in 03:54:25 =    0.1/s Avg:  2421 Min:   175 Max:  7600 Err:     0 (0.00%)
summary +      6 in 00:00:27 =    0.2/s Avg:  2945 Min:  1089 Max:  5675 Err:     0 (0.00%) Active: 1 Started: 1 Finished: 0
summary =   1743 in 03:54:52 =    0.1/s Avg:  2422 Min:   175 Max:  7600 Err:     0 (0.00%)
summary +      4 in 00:01:03 =    0.1/s Avg:  2686 Min:  1481 Max:  3977 Err:     0 (0.00%) Active: 1 Started: 1 Finished: 0
summary =   1747 in 03:55:55 =    0.1/s Avg:  2423 Min:   175 Max:  7600 Err:     0 (0.00%)
summary +      8 in 00:02:00 =    0.1/s Avg:  1899 Min:   868 Max:  3939 Err:     0 (0.00%) Active: 1 Started: 1 Finished: 0
summary =   1755 in 03:57:55 =    0.1/s Avg:  2421 Min:   175 Max:  7600 Err:     0 (0.00%)
summary +      6 in 00:00:27 =    0.2/s Avg:  1516 Min:   751 Max:  3657 Err:     0 (0.00%) Active: 1 Started: 1 Finished: 0
summary =   1761 in 03:58:22 =    0.1/s Avg:  2418 Min:   175 Max:  7600 Err:     0 (0.00%)
summary +     13 in 00:03:03 =    0.1/s Avg:  2105 Min:   223 Max:  4522 Err:     0 (0.00%) Active: 1 Started: 1 Finished: 0
summary =   1774 in 04:01:25 =    0.1/s Avg:  2415 Min:   175 Max:  7600 Err:     0 (0.00%)
summary +      2 in 00:01:25 =    0.0/s Avg:  1192 Min:  1140 Max:  1244 Err:     0 (0.00%) Active: 1 Started: 1 Finished: 0
summary =   1776 in 04:02:50 =    0.1/s Avg:  2414 Min:   175 Max:  7600 Err:     0 (0.00%)
summary +      7 in 00:00:34 =    0.2/s Avg:  3726 Min:   512 Max:  5774 Err:     0 (0.00%) Active: 1 Started: 1 Finished: 0
summary =   1783 in 04:03:25 =    0.1/s Avg:  2419 Min:   175 Max:  7600 Err:     0 (0.00%)
summary +      5 in 00:00:25 =    0.2/s Avg:  4029 Min:  1301 Max:  5874 Err:     0 (0.00%) Active: 1 Started: 1 Finished: 0
summary =   1788 in 04:03:50 =    0.1/s Avg:  2424 Min:   175 Max:  7600 Err:     0 (0.00%)
summary +      4 in 00:00:30 =    0.1/s Avg:  3898 Min:  1271 Max:  5525 Err:     0 (0.00%) Active: 1 Started: 1 Finished: 0
summary =   1792 in 04:04:20 =    0.1/s Avg:  2427 Min:   175 Max:  7600 Err:     0 (0.00%)
summary +      1 in 00:01:02 =    0.0/s Avg:  1915 Min:  1915 Max:  1915 Err:     0 (0.00%) Active: 1 Started: 1 Finished: 0
summary =   1793 in 04:05:22 =    0.1/s Avg:  2427 Min:   175 Max:  7600 Err:     0 (0.00%)
summary +     10 in 00:01:03 =    0.2/s Avg:  2168 Min:   523 Max:  4832 Err:     0 (0.00%) Active: 1 Started: 1 Finished: 0
summary =   1803 in 04:06:25 =    0.1/s Avg:  2425 Min:   175 Max:  7600 Err:     0 (0.00%)
summary +     13 in 00:02:28 =    0.1/s Avg:  1868 Min:   405 Max:  5125 Err:     0 (0.00%) Active: 1 Started: 1 Finished: 0
summary =   1816 in 04:08:54 =    0.1/s Avg:  2421 Min:   175 Max:  7600 Err:     0 (0.00%)
summary +      6 in 00:00:57 =    0.1/s Avg:  2808 Min:   671 Max:  4282 Err:     0 (0.00%) Active: 1 Started: 1 Finished: 0
summary =   1822 in 04:09:51 =    0.1/s Avg:  2422 Min:   175 Max:  7600 Err:     0 (0.00%)
summary +      8 in 00:01:31 =    0.1/s Avg:  3551 Min:  1502 Max:  6131 Err:     0 (0.00%) Active: 1 Started: 1 Finished: 0
summary =   1830 in 04:11:22 =    0.1/s Avg:  2427 Min:   175 Max:  7600 Err:     0 (0.00%)
summary +      6 in 00:00:32 =    0.2/s Avg:  3225 Min:  1386 Max:  6552 Err:     0 (0.00%) Active: 1 Started: 1 Finished: 0
summary =   1836 in 04:11:53 =    0.1/s Avg:  2430 Min:   175 Max:  7600 Err:     0 (0.00%)
summary +      6 in 00:00:30 =    0.2/s Avg:  3256 Min:  1183 Max:  5331 Err:     0 (0.00%) Active: 1 Started: 1 Finished: 0
summary =   1842 in 04:12:23 =    0.1/s Avg:  2433 Min:   175 Max:  7600 Err:     0 (0.00%)
summary +     19 in 00:03:29 =    0.1/s Avg:  2421 Min:   378 Max:  6220 Err:     0 (0.00%) Active: 1 Started: 1 Finished: 0
summary =   1861 in 04:15:52 =    0.1/s Avg:  2433 Min:   175 Max:  7600 Err:     0 (0.00%)
summary +      6 in 00:00:31 =    0.2/s Avg:  2444 Min:  1226 Max:  4552 Err:     0 (0.00%) Active: 1 Started: 1 Finished: 0
summary =   1867 in 04:16:23 =    0.1/s Avg:  2433 Min:   175 Max:  7600 Err:     0 (0.00%)
summary +      4 in 00:01:59 =    0.0/s Avg:  1378 Min:  1192 Max:  1601 Err:     0 (0.00%) Active: 1 Started: 1 Finished: 0
summary =   1871 in 04:18:22 =    0.1/s Avg:  2430 Min:   175 Max:  7600 Err:     0 (0.00%)
summary +      8 in 00:00:59 =    0.1/s Avg:  2233 Min:   653 Max:  4355 Err:     0 (0.00%) Active: 1 Started: 1 Finished: 0
summary =   1879 in 04:19:21 =    0.1/s Avg:  2429 Min:   175 Max:  7600 Err:     0 (0.00%)
summary +     10 in 00:07:33 =    0.0/s Avg:  2885 Min:  1204 Max:  5459 Err:     0 (0.00%) Active: 1 Started: 1 Finished: 0
summary =   1889 in 04:26:54 =    0.1/s Avg:  2432 Min:   175 Max:  7600 Err:     0 (0.00%)
summary +      6 in 00:03:57 =    0.0/s Avg:  1990 Min:   965 Max:  5930 Err:     0 (0.00%) Active: 1 Started: 1 Finished: 0
summary =   1895 in 04:30:50 =    0.1/s Avg:  2430 Min:   175 Max:  7600 Err:     0 (0.00%)
summary +     10 in 00:01:05 =    0.2/s Avg:  2858 Min:  1198 Max:  5030 Err:     0 (0.00%) Active: 1 Started: 1 Finished: 0
summary =   1905 in 04:31:55 =    0.1/s Avg:  2433 Min:   175 Max:  7600 Err:     0 (0.00%)
summary +      8 in 00:00:57 =    0.1/s Avg:  2438 Min:   486 Max:  4116 Err:     0 (0.00%) Active: 1 Started: 1 Finished: 0
summary =   1913 in 04:32:52 =    0.1/s Avg:  2433 Min:   175 Max:  7600 Err:     0 (0.00%)
summary +      5 in 00:00:29 =    0.2/s Avg:  2365 Min:  1259 Max:  3880 Err:     0 (0.00%) Active: 1 Started: 1 Finished: 0
summary =   1918 in 04:33:21 =    0.1/s Avg:  2433 Min:   175 Max:  7600 Err:     0 (0.00%)
summary +      2 in 00:00:59 =    0.0/s Avg:  1369 Min:  1346 Max:  1392 Err:     0 (0.00%) Active: 1 Started: 1 Finished: 0
summary =   1920 in 04:34:20 =    0.1/s Avg:  2431 Min:   175 Max:  7600 Err:     0 (0.00%)
summary +      2 in 00:01:02 =    0.0/s Avg:  1264 Min:  1257 Max:  1272 Err:     0 (0.00%) Active: 1 Started: 1 Finished: 0
summary =   1922 in 04:35:21 =    0.1/s Avg:  2430 Min:   175 Max:  7600 Err:     0 (0.00%)
summary +      6 in 00:00:32 =    0.2/s Avg:  2654 Min:  1058 Max:  4292 Err:     0 (0.00%) Active: 1 Started: 1 Finished: 0
summary =   1928 in 04:35:54 =    0.1/s Avg:  2431 Min:   175 Max:  7600 Err:     0 (0.00%)
summary +      4 in 00:00:29 =    0.1/s Avg:  1772 Min:   248 Max:  4387 Err:     0 (0.00%) Active: 1 Started: 1 Finished: 0
summary =   1932 in 04:36:23 =    0.1/s Avg:  2430 Min:   175 Max:  7600 Err:     0 (0.00%)
summary +      6 in 00:01:29 =    0.1/s Avg:  2237 Min:   757 Max:  4496 Err:     0 (0.00%) Active: 1 Started: 1 Finished: 0
summary =   1938 in 04:37:52 =    0.1/s Avg:  2429 Min:   175 Max:  7600 Err:     0 (0.00%)
summary +     11 in 00:01:33 =    0.1/s Avg:  2567 Min:   360 Max:  6256 Err:     0 (0.00%) Active: 1 Started: 1 Finished: 0
summary =   1949 in 04:39:24 =    0.1/s Avg:  2430 Min:   175 Max:  7600 Err:     0 (0.00%)
summary +      8 in 00:01:31 =    0.1/s Avg:  2088 Min:   399 Max:  4117 Err:     0 (0.00%) Active: 1 Started: 1 Finished: 0
summary =   1957 in 04:40:55 =    0.1/s Avg:  2428 Min:   175 Max:  7600 Err:     0 (0.00%)
summary +      9 in 00:00:29 =    0.3/s Avg:  2557 Min:  1155 Max:  4674 Err:     0 (0.00%) Active: 1 Started: 1 Finished: 0
summary =   1966 in 04:41:24 =    0.1/s Avg:  2429 Min:   175 Max:  7600 Err:     0 (0.00%)
summary +     10 in 00:00:29 =    0.3/s Avg:  2031 Min:   809 Max:  4027 Err:     0 (0.00%) Active: 1 Started: 1 Finished: 0
summary =   1976 in 04:41:53 =    0.1/s Avg:  2427 Min:   175 Max:  7600 Err:     0 (0.00%)
summary +     10 in 00:00:30 =    0.3/s Avg:  2951 Min:   496 Max:  5257 Err:     0 (0.00%) Active: 1 Started: 1 Finished: 0
summary =   1986 in 04:42:22 =    0.1/s Avg:  2430 Min:   175 Max:  7600 Err:     0 (0.00%)
summary +      6 in 00:01:03 =    0.1/s Avg:  1814 Min:   708 Max:  5331 Err:     0 (0.00%) Active: 1 Started: 1 Finished: 0
summary =   1992 in 04:43:26 =    0.1/s Avg:  2428 Min:   175 Max:  7600 Err:     0 (0.00%)
summary +      7 in 00:00:27 =    0.3/s Avg:  2183 Min:   727 Max:  5040 Err:     0 (0.00%) Active: 1 Started: 1 Finished: 0
summary =   1999 in 04:43:53 =    0.1/s Avg:  2427 Min:   175 Max:  7600 Err:     0 (0.00%)
summary +     14 in 00:01:00 =    0.2/s Avg:  2546 Min:   855 Max:  4161 Err:     0 (0.00%) Active: 1 Started: 1 Finished: 0
summary =   2013 in 04:44:53 =    0.1/s Avg:  2428 Min:   175 Max:  7600 Err:     0 (0.00%)
summary +      7 in 00:00:32 =    0.2/s Avg:  3167 Min:  1178 Max:  4387 Err:     0 (0.00%) Active: 1 Started: 1 Finished: 0
summary =   2020 in 04:45:25 =    0.1/s Avg:  2430 Min:   175 Max:  7600 Err:     0 (0.00%)
summary +      7 in 00:01:25 =    0.1/s Avg:  1794 Min:   323 Max:  3816 Err:     0 (0.00%) Active: 1 Started: 1 Finished: 0
summary =   2027 in 04:46:50 =    0.1/s Avg:  2428 Min:   175 Max:  7600 Err:     0 (0.00%)
summary +      7 in 00:00:35 =    0.2/s Avg:  2837 Min:  1001 Max:  4096 Err:     0 (0.00%) Active: 1 Started: 1 Finished: 0
summary =   2034 in 04:47:24 =    0.1/s Avg:  2429 Min:   175 Max:  7600 Err:     0 (0.00%)
summary +      9 in 00:01:26 =    0.1/s Avg:  2604 Min:  1141 Max:  3957 Err:     0 (0.00%) Active: 1 Started: 1 Finished: 0
summary =   2043 in 04:48:50 =    0.1/s Avg:  2430 Min:   175 Max:  7600 Err:     0 (0.00%)
summary +      8 in 00:01:30 =    0.1/s Avg:  2182 Min:  1226 Max:  4437 Err:     0 (0.00%) Active: 1 Started: 1 Finished: 0
summary =   2051 in 04:50:20 =    0.1/s Avg:  2429 Min:   175 Max:  7600 Err:     0 (0.00%)
summary +      7 in 00:00:31 =    0.2/s Avg:  2924 Min:  1168 Max:  5382 Err:     0 (0.00%) Active: 1 Started: 1 Finished: 0
summary =   2058 in 04:50:51 =    0.1/s Avg:  2431 Min:   175 Max:  7600 Err:     0 (0.00%)
summary +      5 in 00:00:29 =    0.2/s Avg:  1974 Min:  1176 Max:  3884 Err:     0 (0.00%) Active: 1 Started: 1 Finished: 0
summary =   2063 in 04:51:20 =    0.1/s Avg:  2430 Min:   175 Max:  7600 Err:     0 (0.00%)
summary +      6 in 00:00:31 =    0.2/s Avg:  3139 Min:  1133 Max:  6907 Err:     0 (0.00%) Active: 1 Started: 1 Finished: 0
summary =   2069 in 04:51:51 =    0.1/s Avg:  2432 Min:   175 Max:  7600 Err:     0 (0.00%)
summary +      6 in 00:00:30 =    0.2/s Avg:  2992 Min:   522 Max:  5322 Err:     0 (0.00%) Active: 1 Started: 1 Finished: 0
summary =   2075 in 04:52:21 =    0.1/s Avg:  2434 Min:   175 Max:  7600 Err:     0 (0.00%)
summary +      7 in 00:00:32 =    0.2/s Avg:  1298 Min:   731 Max:  1928 Err:     0 (0.00%) Active: 1 Started: 1 Finished: 0
summary =   2082 in 04:52:53 =    0.1/s Avg:  2430 Min:   175 Max:  7600 Err:     0 (0.00%)
summary +      6 in 00:00:29 =    0.2/s Avg:  2552 Min:   495 Max:  5120 Err:     0 (0.00%) Active: 1 Started: 1 Finished: 0
summary =   2088 in 04:53:22 =    0.1/s Avg:  2430 Min:   175 Max:  7600 Err:     0 (0.00%)
summary +      4 in 00:00:30 =    0.1/s Avg:  2881 Min:  1288 Max:  4206 Err:     0 (0.00%) Active: 1 Started: 1 Finished: 0
summary =   2092 in 04:53:52 =    0.1/s Avg:  2431 Min:   175 Max:  7600 Err:     0 (0.00%)
summary +      9 in 00:00:59 =    0.2/s Avg:  1651 Min:   596 Max:  5090 Err:     0 (0.00%) Active: 1 Started: 1 Finished: 0
summary =   2101 in 04:54:51 =    0.1/s Avg:  2428 Min:   175 Max:  7600 Err:     0 (0.00%)
summary +      6 in 00:00:31 =    0.2/s Avg:  2261 Min:  1171 Max:  4692 Err:     0 (0.00%) Active: 1 Started: 1 Finished: 0
summary =   2107 in 04:55:21 =    0.1/s Avg:  2427 Min:   175 Max:  7600 Err:     0 (0.00%)
summary +      7 in 00:00:30 =    0.2/s Avg:  1563 Min:   436 Max:  3907 Err:     0 (0.00%) Active: 1 Started: 1 Finished: 0
summary =   2114 in 04:55:51 =    0.1/s Avg:  2424 Min:   175 Max:  7600 Err:     0 (0.00%)
summary +      7 in 00:00:28 =    0.2/s Avg:  1913 Min:   744 Max:  3849 Err:     0 (0.00%) Active: 1 Started: 1 Finished: 0
summary =   2121 in 04:56:20 =    0.1/s Avg:  2423 Min:   175 Max:  7600 Err:     0 (0.00%)
summary +      5 in 00:00:33 =    0.2/s Avg:  3576 Min:  1182 Max:  5442 Err:     0 (0.00%) Active: 1 Started: 1 Finished: 0
summary =   2126 in 04:56:53 =    0.1/s Avg:  2425 Min:   175 Max:  7600 Err:     0 (0.00%)
summary +     13 in 00:01:59 =    0.1/s Avg:  1959 Min:   469 Max:  5150 Err:     0 (0.00%) Active: 1 Started: 1 Finished: 0
summary =   2139 in 04:58:52 =    0.1/s Avg:  2422 Min:   175 Max:  7600 Err:     0 (0.00%)
summary +      8 in 00:00:31 =    0.3/s Avg:  2367 Min:   642 Max:  4928 Err:     0 (0.00%) Active: 1 Started: 1 Finished: 0
summary =   2147 in 04:59:23 =    0.1/s Avg:  2422 Min:   175 Max:  7600 Err:     0 (0.00%)
summary +      7 in 00:00:58 =    0.1/s Avg:  2516 Min:  1231 Max:  4783 Err:     0 (0.00%) Active: 1 Started: 1 Finished: 0
summary =   2154 in 05:00:21 =    0.1/s Avg:  2423 Min:   175 Max:  7600 Err:     0 (0.00%)
summary +     13 in 00:01:01 =    0.2/s Avg:  2483 Min:   373 Max:  4999 Err:     0 (0.00%) Active: 1 Started: 1 Finished: 0
summary =   2167 in 05:01:22 =    0.1/s Avg:  2423 Min:   175 Max:  7600 Err:     0 (0.00%)
summary +      5 in 00:00:32 =    0.2/s Avg:  1341 Min:  1188 Max:  1839 Err:     0 (0.00%) Active: 1 Started: 1 Finished: 0
summary =   2172 in 05:01:54 =    0.1/s Avg:  2420 Min:   175 Max:  7600 Err:     0 (0.00%)
summary +      3 in 00:00:56 =    0.1/s Avg:  2322 Min:  1190 Max:  4485 Err:     0 (0.00%) Active: 1 Started: 1 Finished: 0
summary =   2175 in 05:02:50 =    0.1/s Avg:  2420 Min:   175 Max:  7600 Err:     0 (0.00%)
summary +      5 in 00:00:33 =    0.2/s Avg:  2176 Min:   638 Max:  3923 Err:     0 (0.00%) Active: 1 Started: 1 Finished: 0
summary =   2180 in 05:03:23 =    0.1/s Avg:  2420 Min:   175 Max:  7600 Err:     0 (0.00%)
summary +      6 in 00:00:29 =    0.2/s Avg:  2267 Min:  1223 Max:  4673 Err:     0 (0.00%) Active: 1 Started: 1 Finished: 0
summary =   2186 in 05:03:52 =    0.1/s Avg:  2419 Min:   175 Max:  7600 Err:     0 (0.00%)
summary +      7 in 00:00:30 =    0.2/s Avg:  1360 Min:   707 Max:  3741 Err:     0 (0.00%) Active: 1 Started: 1 Finished: 0
summary =   2193 in 05:04:22 =    0.1/s Avg:  2416 Min:   175 Max:  7600 Err:     0 (0.00%)
summary +      8 in 00:02:32 =    0.1/s Avg:  2356 Min:   902 Max:  4323 Err:     0 (0.00%) Active: 1 Started: 1 Finished: 0
summary =   2201 in 05:06:54 =    0.1/s Avg:  2416 Min:   175 Max:  7600 Err:     0 (0.00%)
summary +      7 in 00:01:27 =    0.1/s Avg:  2014 Min:   690 Max:  4373 Err:     0 (0.00%) Active: 1 Started: 1 Finished: 0
summary =   2208 in 05:08:21 =    0.1/s Avg:  2414 Min:   175 Max:  7600 Err:     0 (0.00%)
summary +      4 in 00:00:59 =    0.1/s Avg:  1730 Min:   640 Max:  3805 Err:     0 (0.00%) Active: 1 Started: 1 Finished: 0
summary =   2212 in 05:09:20 =    0.1/s Avg:  2413 Min:   175 Max:  7600 Err:     0 (0.00%)
summary +      7 in 00:03:00 =    0.0/s Avg:  2017 Min:  1210 Max:  4182 Err:     0 (0.00%) Active: 1 Started: 1 Finished: 0
summary =   2219 in 05:12:20 =    0.1/s Avg:  2412 Min:   175 Max:  7600 Err:     0 (0.00%)
summary +      4 in 00:00:32 =    0.1/s Avg:  1846 Min:  1203 Max:  3638 Err:     0 (0.00%) Active: 1 Started: 1 Finished: 0
summary =   2223 in 05:12:52 =    0.1/s Avg:  2411 Min:   175 Max:  7600 Err:     0 (0.00%)
summary +      4 in 00:00:59 =    0.1/s Avg:  1240 Min:  1170 Max:  1364 Err:     0 (0.00%) Active: 1 Started: 1 Finished: 0
summary =   2227 in 05:13:51 =    0.1/s Avg:  2409 Min:   175 Max:  7600 Err:     0 (0.00%)
summary +     11 in 00:01:00 =    0.2/s Avg:  2137 Min:   610 Max:  4702 Err:     0 (0.00%) Active: 1 Started: 1 Finished: 0
summary =   2238 in 05:14:51 =    0.1/s Avg:  2407 Min:   175 Max:  7600 Err:     0 (0.00%)
summary +      6 in 00:00:30 =    0.2/s Avg:  2597 Min:   538 Max:  4152 Err:     0 (0.00%) Active: 1 Started: 1 Finished: 0
summary =   2244 in 05:15:21 =    0.1/s Avg:  2408 Min:   175 Max:  7600 Err:     0 (0.00%)
summary +      8 in 00:01:33 =    0.1/s Avg:  2165 Min:   386 Max:  3999 Err:     0 (0.00%) Active: 1 Started: 1 Finished: 0
summary =   2252 in 05:16:54 =    0.1/s Avg:  2407 Min:   175 Max:  7600 Err:     0 (0.00%)
summary +      5 in 00:00:29 =    0.2/s Avg:  2987 Min:  1289 Max:  4491 Err:     0 (0.00%) Active: 1 Started: 1 Finished: 0
summary =   2257 in 05:17:23 =    0.1/s Avg:  2408 Min:   175 Max:  7600 Err:     0 (0.00%)
summary +      6 in 00:00:27 =    0.2/s Avg:  1231 Min:  1171 Max:  1370 Err:     0 (0.00%) Active: 1 Started: 1 Finished: 0
summary =   2263 in 05:17:50 =    0.1/s Avg:  2405 Min:   175 Max:  7600 Err:     0 (0.00%)
summary +      5 in 00:01:04 =    0.1/s Avg:  1654 Min:   555 Max:  3801 Err:     0 (0.00%) Active: 1 Started: 1 Finished: 0
summary =   2268 in 05:18:54 =    0.1/s Avg:  2404 Min:   175 Max:  7600 Err:     0 (0.00%)
summary +      6 in 00:00:27 =    0.2/s Avg:  2790 Min:  1192 Max:  4680 Err:     0 (0.00%) Active: 1 Started: 1 Finished: 0
summary =   2274 in 05:19:21 =    0.1/s Avg:  2405 Min:   175 Max:  7600 Err:     0 (0.00%)
summary +     11 in 00:01:00 =    0.2/s Avg:  2462 Min:  1196 Max:  5422 Err:     0 (0.00%) Active: 1 Started: 1 Finished: 0
summary =   2285 in 05:20:21 =    0.1/s Avg:  2405 Min:   175 Max:  7600 Err:     0 (0.00%)
summary +      7 in 00:02:29 =    0.0/s Avg:  2284 Min:   326 Max:  4182 Err:     0 (0.00%) Active: 1 Started: 1 Finished: 0
summary =   2292 in 05:22:50 =    0.1/s Avg:  2405 Min:   175 Max:  7600 Err:     0 (0.00%)
summary +      3 in 00:01:05 =    0.0/s Avg:  2117 Min:  1236 Max:  3671 Err:     0 (0.00%) Active: 1 Started: 1 Finished: 0
summary =   2295 in 05:23:55 =    0.1/s Avg:  2404 Min:   175 Max:  7600 Err:     0 (0.00%)
summary +      4 in 00:00:58 =    0.1/s Avg:  1943 Min:   815 Max:  4525 Err:     0 (0.00%) Active: 1 Started: 1 Finished: 0
summary =   2299 in 05:24:53 =    0.1/s Avg:  2403 Min:   175 Max:  7600 Err:     0 (0.00%)
summary +      7 in 00:00:28 =    0.3/s Avg:  1955 Min:  1175 Max:  3835 Err:     0 (0.00%) Active: 1 Started: 1 Finished: 0
summary =   2306 in 05:25:21 =    0.1/s Avg:  2402 Min:   175 Max:  7600 Err:     0 (0.00%)
summary +      9 in 00:01:04 =    0.1/s Avg:  2206 Min:  1156 Max:  4744 Err:     0 (0.00%) Active: 1 Started: 1 Finished: 0
summary =   2315 in 05:26:25 =    0.1/s Avg:  2401 Min:   175 Max:  7600 Err:     0 (0.00%)
summary +      6 in 00:00:26 =    0.2/s Avg:  2086 Min:  1176 Max:  3765 Err:     0 (0.00%) Active: 1 Started: 1 Finished: 0
summary =   2321 in 05:26:51 =    0.1/s Avg:  2400 Min:   175 Max:  7600 Err:     0 (0.00%)
summary +      5 in 00:00:34 =    0.1/s Avg:  2719 Min:   684 Max:  4037 Err:     0 (0.00%) Active: 1 Started: 1 Finished: 0
summary =   2326 in 05:27:24 =    0.1/s Avg:  2401 Min:   175 Max:  7600 Err:     0 (0.00%)
summary +      8 in 00:00:28 =    0.3/s Avg:  2212 Min:  1192 Max:  3778 Err:     0 (0.00%) Active: 1 Started: 1 Finished: 0
summary =   2334 in 05:27:53 =    0.1/s Avg:  2400 Min:   175 Max:  7600 Err:     0 (0.00%)
summary +      7 in 00:00:27 =    0.3/s Avg:  2572 Min:   811 Max:  3706 Err:     0 (0.00%) Active: 1 Started: 1 Finished: 0
summary =   2341 in 05:28:20 =    0.1/s Avg:  2401 Min:   175 Max:  7600 Err:     0 (0.00%)
summary +      7 in 00:01:01 =    0.1/s Avg:  3123 Min:  1192 Max:  4013 Err:     0 (0.00%) Active: 1 Started: 1 Finished: 0
summary =   2348 in 05:29:21 =    0.1/s Avg:  2403 Min:   175 Max:  7600 Err:     0 (0.00%)
summary +      8 in 00:00:32 =    0.2/s Avg:  3114 Min:  1016 Max:  4728 Err:     0 (0.00%) Active: 1 Started: 1 Finished: 0
summary =   2356 in 05:29:53 =    0.1/s Avg:  2406 Min:   175 Max:  7600 Err:     0 (0.00%)
summary +     10 in 00:00:57 =    0.2/s Avg:  1661 Min:   501 Max:  3673 Err:     0 (0.00%) Active: 1 Started: 1 Finished: 0
summary =   2366 in 05:30:50 =    0.1/s Avg:  2402 Min:   175 Max:  7600 Err:     0 (0.00%)
summary +      8 in 00:01:01 =    0.1/s Avg:  2548 Min:  1198 Max:  4254 Err:     0 (0.00%) Active: 1 Started: 1 Finished: 0
summary =   2374 in 05:31:52 =    0.1/s Avg:  2403 Min:   175 Max:  7600 Err:     0 (0.00%)
summary +      1 in 00:01:04 =    0.0/s Avg:  1199 Min:  1199 Max:  1199 Err:     0 (0.00%) Active: 1 Started: 1 Finished: 0
summary =   2375 in 05:32:55 =    0.1/s Avg:  2402 Min:   175 Max:  7600 Err:     0 (0.00%)
summary +      2 in 00:00:30 =    0.1/s Avg:  2487 Min:  1290 Max:  3685 Err:     0 (0.00%) Active: 1 Started: 1 Finished: 0
summary =   2377 in 05:33:25 =    0.1/s Avg:  2402 Min:   175 Max:  7600 Err:     0 (0.00%)
summary +      4 in 00:00:55 =    0.1/s Avg:  2457 Min:  1194 Max:  3721 Err:     0 (0.00%) Active: 1 Started: 1 Finished: 0
summary =   2381 in 05:34:20 =    0.1/s Avg:  2403 Min:   175 Max:  7600 Err:     0 (0.00%)
summary +      7 in 00:00:31 =    0.2/s Avg:  2661 Min:  1165 Max:  3916 Err:     0 (0.00%) Active: 1 Started: 1 Finished: 0
summary =   2388 in 05:34:51 =    0.1/s Avg:  2403 Min:   175 Max:  7600 Err:     0 (0.00%)
summary +     17 in 00:08:29 =    0.0/s Avg:  1566 Min:   412 Max:  3989 Err:     0 (0.00%) Active: 1 Started: 1 Finished: 0
summary =   2405 in 05:43:20 =    0.1/s Avg:  2397 Min:   175 Max:  7600 Err:     0 (0.00%)
summary +      4 in 00:00:34 =    0.1/s Avg:  1678 Min:   526 Max:  3691 Err:     0 (0.00%) Active: 1 Started: 1 Finished: 0
summary =   2409 in 05:43:53 =    0.1/s Avg:  2396 Min:   175 Max:  7600 Err:     0 (0.00%)
summary +      7 in 00:00:59 =    0.1/s Avg:  1598 Min:  1131 Max:  3736 Err:     0 (0.00%) Active: 1 Started: 1 Finished: 0
summary =   2416 in 05:44:52 =    0.1/s Avg:  2394 Min:   175 Max:  7600 Err:     0 (0.00%)
summary +      6 in 00:00:28 =    0.2/s Avg:  2974 Min:  1206 Max:  3940 Err:     0 (0.00%) Active: 1 Started: 1 Finished: 0
summary =   2422 in 05:45:20 =    0.1/s Avg:  2395 Min:   175 Max:  7600 Err:     0 (0.00%)
summary +      7 in 00:03:04 =    0.0/s Avg:  2278 Min:  1188 Max:  3766 Err:     0 (0.00%) Active: 1 Started: 1 Finished: 0
summary =   2429 in 05:48:24 =    0.1/s Avg:  2395 Min:   175 Max:  7600 Err:     0 (0.00%)
summary +      8 in 00:00:30 =    0.3/s Avg:  3147 Min:  1167 Max:  3981 Err:     0 (0.00%) Active: 1 Started: 1 Finished: 0
summary =   2437 in 05:48:54 =    0.1/s Avg:  2397 Min:   175 Max:  7600 Err:     0 (0.00%)
summary +      2 in 00:00:58 =    0.0/s Avg:  1267 Min:  1177 Max:  1357 Err:     0 (0.00%) Active: 1 Started: 1 Finished: 0
summary =   2439 in 05:49:52 =    0.1/s Avg:  2396 Min:   175 Max:  7600 Err:     0 (0.00%)
summary +      5 in 00:02:33 =    0.0/s Avg:  2217 Min:  1172 Max:  3730 Err:     0 (0.00%) Active: 1 Started: 1 Finished: 0
summary =   2444 in 05:52:25 =    0.1/s Avg:  2396 Min:   175 Max:  7600 Err:     0 (0.00%)
summary +      2 in 00:00:57 =    0.0/s Avg:  1288 Min:  1179 Max:  1398 Err:     0 (0.00%) Active: 1 Started: 1 Finished: 0
summary =   2446 in 05:53:22 =    0.1/s Avg:  2395 Min:   175 Max:  7600 Err:     0 (0.00%)
summary +     12 in 00:02:33 =    0.1/s Avg:  2679 Min:  1191 Max:  3867 Err:     0 (0.00%) Active: 1 Started: 1 Finished: 0
summary =   2458 in 05:55:55 =    0.1/s Avg:  2397 Min:   175 Max:  7600 Err:     0 (0.00%)
summary +      4 in 00:00:26 =    0.2/s Avg:  2455 Min:  1161 Max:  3700 Err:     0 (0.00%) Active: 1 Started: 1 Finished: 0
summary =   2462 in 05:56:21 =    0.1/s Avg:  2397 Min:   175 Max:  7600 Err:     0 (0.00%)
summary +     11 in 00:01:34 =    0.1/s Avg:  2138 Min:  1169 Max:  3813 Err:     0 (0.00%) Active: 1 Started: 1 Finished: 0
summary =   2473 in 05:57:55 =    0.1/s Avg:  2396 Min:   175 Max:  7600 Err:     0 (0.00%)
summary +      6 in 00:00:29 =    0.2/s Avg:  2861 Min:  1180 Max:  3725 Err:     0 (0.00%) Active: 1 Started: 1 Finished: 0
summary =   2479 in 05:58:24 =    0.1/s Avg:  2397 Min:   175 Max:  7600 Err:     0 (0.00%)
summary +      7 in 00:00:26 =    0.3/s Avg:  3331 Min:  1245 Max:  3743 Err:     0 (0.00%) Active: 1 Started: 1 Finished: 0
summary =   2486 in 05:58:50 =    0.1/s Avg:  2399 Min:   175 Max:  7600 Err:     0 (0.00%)
summary +      5 in 00:01:04 =    0.1/s Avg:  1711 Min:  1172 Max:  3665 Err:     0 (0.00%) Active: 1 Started: 1 Finished: 0
summary =   2491 in 05:59:54 =    0.1/s Avg:  2398 Min:   175 Max:  7600 Err:     0 (0.00%)
summary +      5 in 00:00:29 =    0.2/s Avg:  2235 Min:  1154 Max:  3905 Err:     0 (0.00%) Active: 1 Started: 1 Finished: 0
summary =   2496 in 06:00:23 =    0.1/s Avg:  2398 Min:   175 Max:  7600 Err:     0 (0.00%)
summary +      1 in 00:00:27 =    0.0/s Avg:  1170 Min:  1170 Max:  1170 Err:     0 (0.00%) Active: 1 Started: 1 Finished: 0
summary =   2497 in 06:00:50 =    0.1/s Avg:  2397 Min:   175 Max:  7600 Err:     0 (0.00%)
summary +      5 in 00:05:00 =    0.0/s Avg:  1187 Min:  1161 Max:  1209 Err:     0 (0.00%) Active: 1 Started: 1 Finished: 0
summary =   2502 in 06:05:50 =    0.1/s Avg:  2395 Min:   175 Max:  7600 Err:     0 (0.00%)
summary +      2 in 00:00:32 =    0.1/s Avg:  2528 Min:  1314 Max:  3742 Err:     0 (0.00%) Active: 1 Started: 1 Finished: 0
summary =   2504 in 06:06:22 =    0.1/s Avg:  2395 Min:   175 Max:  7600 Err:     0 (0.00%)
summary +      7 in 00:04:30 =    0.0/s Avg:  1586 Min:  1183 Max:  3752 Err:     0 (0.00%) Active: 1 Started: 1 Finished: 0
summary =   2511 in 06:10:51 =    0.1/s Avg:  2393 Min:   175 Max:  7600 Err:     0 (0.00%)
summary +      2 in 00:01:00 =    0.0/s Avg:  2474 Min:  1332 Max:  3617 Err:     0 (0.00%) Active: 1 Started: 1 Finished: 0
summary =   2513 in 06:11:52 =    0.1/s Avg:  2393 Min:   175 Max:  7600 Err:     0 (0.00%)
summary +      2 in 00:02:03 =    0.0/s Avg:  1251 Min:  1207 Max:  1295 Err:     0 (0.00%) Active: 1 Started: 1 Finished: 0
summary =   2515 in 06:13:54 =    0.1/s Avg:  2392 Min:   175 Max:  7600 Err:     0 (0.00%)
summary +      1 in 00:01:58 =    0.0/s Avg:  1337 Min:  1337 Max:  1337 Err:     0 (0.00%) Active: 1 Started: 1 Finished: 0
summary =   2516 in 06:15:53 =    0.1/s Avg:  2391 Min:   175 Max:  7600 Err:     0 (0.00%)
summary +      6 in 00:03:30 =    0.0/s Avg:  2089 Min:  1181 Max:  3908 Err:     0 (0.00%) Active: 1 Started: 1 Finished: 0
summary =   2522 in 06:19:22 =    0.1/s Avg:  2391 Min:   175 Max:  7600 Err:     0 (0.00%)
summary +      3 in 00:01:32 =    0.0/s Avg:  1245 Min:  1197 Max:  1297 Err:     0 (0.00%) Active: 1 Started: 1 Finished: 0
summary =   2525 in 06:20:55 =    0.1/s Avg:  2389 Min:   175 Max:  7600 Err:     0 (0.00%)
summary +      1 in 00:02:00 =    0.0/s Avg:  1197 Min:  1197 Max:  1197 Err:     0 (0.00%) Active: 1 Started: 1 Finished: 0
summary =   2526 in 06:22:55 =    0.1/s Avg:  2389 Min:   175 Max:  7600 Err:     0 (0.00%)
summary +      1 in 00:00:56 =    0.0/s Avg:  3729 Min:  3729 Max:  3729 Err:     0 (0.00%) Active: 1 Started: 1 Finished: 0
summary =   2527 in 06:23:51 =    0.1/s Avg:  2389 Min:   175 Max:  7600 Err:     0 (0.00%)
summary =   2527 in 06:25:12 =    0.1/s Avg:  2389 Min:   175 Max:  7600 Err:     0 (0.00%)
Tidying up ...    @ Tue Aug 09 03:43:52 UTC 2022 (1660016632598)
... end of run
375 Min:   181 Max:  7050 Err:     0 (0.00%)
summary +     15 in 00:02:02 =    0.1/s Avg:  2174 Min:  1155 Max:  4441 Err:     0 (0.00%) Active: 1 Started: 1 Finished: 0
summary =   2424 in 05:45:45 =    0.1/s Avg:  2374 Min:   181 Max:  7050 Err:     0 (0.00%)
summary +      6 in 00:02:32 =    0.0/s Avg:  1571 Min:   866 Max:  3635 Err:     0 (0.00%) Active: 1 Started: 1 Finished: 0
summary =   2430 in 05:48:16 =    0.1/s Avg:  2372 Min:   181 Max:  7050 Err:     0 (0.00%)
summary +      8 in 00:00:28 =    0.3/s Avg:  2930 Min:   482 Max:  5358 Err:     0 (0.00%) Active: 1 Started: 1 Finished: 0
summary =   2438 in 05:48:44 =    0.1/s Avg:  2373 Min:   181 Max:  7050 Err:     0 (0.00%)
summary +      2 in 00:01:31 =    0.0/s Avg:  1334 Min:  1158 Max:  1510 Err:     0 (0.00%) Active: 1 Started: 1 Finished: 0
summary =   2440 in 05:50:14 =    0.1/s Avg:  2373 Min:   181 Max:  7050 Err:     0 (0.00%)
summary +      7 in 00:03:31 =    0.0/s Avg:  3023 Min:  1203 Max:  4677 Err:     0 (0.00%) Active: 1 Started: 1 Finished: 0
summary =   2447 in 05:53:46 =    0.1/s Avg:  2374 Min:   181 Max:  7050 Err:     0 (0.00%)
summary +      6 in 00:01:30 =    0.1/s Avg:  2284 Min:   762 Max:  5034 Err:     0 (0.00%) Active: 1 Started: 1 Finished: 0
summary =   2453 in 05:55:16 =    0.1/s Avg:  2374 Min:   181 Max:  7050 Err:     0 (0.00%)
summary +      6 in 00:00:30 =    0.2/s Avg:  3140 Min:  1297 Max:  4554 Err:     0 (0.00%) Active: 1 Started: 1 Finished: 0
summary =   2459 in 05:55:46 =    0.1/s Avg:  2376 Min:   181 Max:  7050 Err:     0 (0.00%)
summary +      4 in 00:01:00 =    0.1/s Avg:  1793 Min:   910 Max:  3621 Err:     0 (0.00%) Active: 1 Started: 1 Finished: 0
summary =   2463 in 05:56:47 =    0.1/s Avg:  2375 Min:   181 Max:  7050 Err:     0 (0.00%)
summary +      5 in 00:00:30 =    0.2/s Avg:  2590 Min:   371 Max:  3832 Err:     0 (0.00%) Active: 1 Started: 1 Finished: 0
summary =   2468 in 05:57:17 =    0.1/s Avg:  2376 Min:   181 Max:  7050 Err:     0 (0.00%)
summary +      5 in 00:00:26 =    0.2/s Avg:  1461 Min:   555 Max:  3925 Err:     0 (0.00%) Active: 1 Started: 1 Finished: 0
summary =   2473 in 05:57:43 =    0.1/s Avg:  2374 Min:   181 Max:  7050 Err:     0 (0.00%)
summary +      7 in 00:00:30 =    0.2/s Avg:  2950 Min:   961 Max:  4624 Err:     0 (0.00%) Active: 1 Started: 1 Finished: 0
summary =   2480 in 05:58:13 =    0.1/s Avg:  2375 Min:   181 Max:  7050 Err:     0 (0.00%)
summary +      8 in 00:01:00 =    0.1/s Avg:  2146 Min:   800 Max:  4033 Err:     0 (0.00%) Active: 1 Started: 1 Finished: 0
summary =   2488 in 05:59:13 =    0.1/s Avg:  2375 Min:   181 Max:  7050 Err:     0 (0.00%)
summary +      5 in 00:00:32 =    0.2/s Avg:  2304 Min:  1184 Max:  3996 Err:     0 (0.00%) Active: 1 Started: 1 Finished: 0
summary =   2493 in 05:59:45 =    0.1/s Avg:  2374 Min:   181 Max:  7050 Err:     0 (0.00%)
summary +      7 in 00:04:02 =    0.0/s Avg:  1965 Min:  1146 Max:  4079 Err:     0 (0.00%) Active: 1 Started: 1 Finished: 0
summary =   2500 in 06:03:46 =    0.1/s Avg:  2373 Min:   181 Max:  7050 Err:     0 (0.00%)
summary +     26 in 00:18:57 =    0.0/s Avg:  2337 Min:  1182 Max:  4314 Err:     0 (0.00%) Active: 1 Started: 1 Finished: 0
summary =   2526 in 06:22:43 =    0.1/s Avg:  2373 Min:   181 Max:  7050 Err:     0 (0.00%)
summary +      1 in 00:02:15 =    0.0/s Avg:  1408 Min:  1408 Max:  1408 Err:     0 (0.00%) Active: 0 Started: 1 Finished: 1
summary =   2527 in 06:24:58 =    0.1/s Avg:  2373 Min:   181 Max:  7050 Err:     0 (0.00%)
Tidying up ...    @ Tue Aug 09 03:15:15 UTC 2022 (1660014915562)
... end of run
